[2023-02-24T08:33:36.035Z] Log level: Info
[2023-02-24T08:33:36.063Z] [info] Validating found git in: git
[2023-02-24T08:33:36.279Z] [info] Using git 2.34.1 from git
[2023-02-24T08:33:36.348Z] > git rev-parse --show-toplevel [19ms]
[2023-02-24T08:33:36.382Z] > git rev-parse --git-dir --git-common-dir [8ms]
[2023-02-24T08:33:36.405Z] [info] Open repository: /home/admin
[2023-02-24T08:33:36.454Z] > git status -z -uall [23ms]
[2023-02-24T08:33:36.468Z] > git rev-parse --show-toplevel [21ms]
[2023-02-24T08:33:36.486Z] > git symbolic-ref --short HEAD [20ms]
[2023-02-24T08:33:36.505Z] > git rev-parse --show-toplevel [24ms]
[2023-02-24T08:33:36.520Z] > git for-each-ref --format=%(refname)%00%(upstream:short)%00%(objectname)%00%(upstream:track)%00%(upstream:remotename)%00%(upstream:remoteref) refs/heads/main refs/remotes/main [20ms]
[2023-02-24T08:33:36.576Z] > git remote --verbose [7ms]
[2023-02-24T08:33:36.578Z] > git for-each-ref --sort -committerdate --format %(refname) %(objectname) %(*objectname) [39ms]
[2023-02-24T08:33:36.603Z] > git rev-parse --show-toplevel [88ms]
[2023-02-24T08:33:36.638Z] > git rev-parse --show-toplevel [18ms]
[2023-02-24T08:33:36.656Z] > git rev-parse --show-toplevel [4ms]
[2023-02-24T08:33:36.669Z] > git config --get commit.template [33ms]
[2023-02-24T08:33:36.725Z] > git rev-parse --show-toplevel [57ms]
[2023-02-24T08:33:36.744Z] > git status -z -uall [39ms]
[2023-02-24T08:33:36.765Z] > git rev-parse --show-toplevel [25ms]
[2023-02-24T08:33:36.789Z] > git symbolic-ref --short HEAD [25ms]
[2023-02-24T08:33:37.455Z] > git rev-parse --show-toplevel [671ms]
[2023-02-24T08:33:37.476Z] > git for-each-ref --format=%(refname)%00%(upstream:short)%00%(objectname)%00%(upstream:track)%00%(upstream:remotename)%00%(upstream:remoteref) refs/heads/main refs/remotes/main [671ms]
[2023-02-24T08:33:37.505Z] > git for-each-ref --sort -committerdate --format %(refname) %(objectname) %(*objectname) [16ms]
[2023-02-24T08:33:37.507Z] > git remote --verbose [5ms]
[2023-02-24T08:33:37.555Z] > git config --get commit.template [14ms]
[2023-02-24T08:33:38.608Z] > git check-ignore -v -z --stdin [12ms]
[2023-02-24T08:33:39.525Z] > git show --textconv :README.md [34ms]
[2023-02-24T08:33:39.536Z] > git ls-files --stage -- /home/admin/README.md [14ms]
[2023-02-24T08:33:39.818Z] > git cat-file -s 3027c76ef52cc7ed18e59bb7b5a523210d214410 [224ms]
[2023-02-24T08:33:40.512Z] > git status -z -uall [30ms]
[2023-02-24T08:33:40.597Z] > git symbolic-ref --short HEAD [52ms]
[2023-02-24T08:33:40.652Z] > git for-each-ref --format=%(refname)%00%(upstream:short)%00%(objectname)%00%(upstream:track)%00%(upstream:remotename)%00%(upstream:remoteref) refs/heads/main refs/remotes/main [34ms]
[2023-02-24T08:33:40.688Z] > git remote --verbose [6ms]
[2023-02-24T08:33:40.689Z] > git for-each-ref --sort -committerdate --format %(refname) %(objectname) %(*objectname) [19ms]
[2023-02-24T08:33:40.742Z] > git config --get commit.template [20ms]
[2023-02-24T08:33:41.990Z] > git check-ignore -v -z --stdin [5ms]
[2023-02-24T08:33:46.870Z] > git status -z -uall [20ms]
[2023-02-24T08:33:46.889Z] > git symbolic-ref --short HEAD [6ms]
[2023-02-24T08:33:46.911Z] > git for-each-ref --format=%(refname)%00%(upstream:short)%00%(objectname)%00%(upstream:track)%00%(upstream:remotename)%00%(upstream:remoteref) refs/heads/main refs/remotes/main [8ms]
[2023-02-24T08:33:46.945Z] > git for-each-ref --sort -committerdate --format %(refname) %(objectname) %(*objectname) [20ms]
[2023-02-24T08:33:46.949Z] > git remote --verbose [8ms]
[2023-02-24T08:33:47.057Z] > git config --get commit.template [61ms]
[2023-02-24T08:33:52.123Z] > git status -z -uall [13ms]
[2023-02-24T08:33:52.143Z] > git symbolic-ref --short HEAD [3ms]
[2023-02-24T08:33:52.165Z] > git for-each-ref --format=%(refname)%00%(upstream:short)%00%(objectname)%00%(upstream:track)%00%(upstream:remotename)%00%(upstream:remoteref) refs/heads/main refs/remotes/main [6ms]
[2023-02-24T08:33:52.206Z] > git for-each-ref --sort -committerdate --format %(refname) %(objectname) %(*objectname) [25ms]
[2023-02-24T08:33:52.209Z] > git remote --verbose [5ms]
[2023-02-24T08:33:52.234Z] > git config --get commit.template [2ms]
[2023-02-24T08:33:57.307Z] > git status -z -uall [51ms]
[2023-02-24T08:33:57.331Z] > git symbolic-ref --short HEAD [7ms]
[2023-02-24T08:33:57.354Z] > git for-each-ref --format=%(refname)%00%(upstream:short)%00%(objectname)%00%(upstream:track)%00%(upstream:remotename)%00%(upstream:remoteref) refs/heads/main refs/remotes/main [7ms]
[2023-02-24T08:33:57.393Z] > git for-each-ref --sort -committerdate --format %(refname) %(objectname) %(*objectname) [23ms]
[2023-02-24T08:33:57.395Z] > git remote --verbose [9ms]
[2023-02-24T08:33:57.418Z] > git config --get commit.template [3ms]
[2023-02-24T08:34:02.021Z] > git ls-tree -l HEAD -- /home/admin/.local/share/code-server/User/workspaceStorage/-525686eb/ms-vscode.cpptools/.browse.VC.db-wal [15ms]
[2023-02-24T08:34:02.364Z] > git show --textconv HEAD:.local/share/code-server/User/workspaceStorage/-525686eb/ms-vscode.cpptools/.browse.VC.db-wal [390ms]
[2023-02-24T08:34:02.494Z] > git status -z -uall [19ms]
[2023-02-24T08:34:02.515Z] > git symbolic-ref --short HEAD [3ms]
[2023-02-24T08:34:02.555Z] > git for-each-ref --format=%(refname)%00%(upstream:short)%00%(objectname)%00%(upstream:track)%00%(upstream:remotename)%00%(upstream:remoteref) refs/heads/main refs/remotes/main [20ms]
[2023-02-24T08:34:02.599Z] > git check-ignore -v -z --stdin [47ms]
[2023-02-24T08:34:02.602Z] > git for-each-ref --sort -committerdate --format %(refname) %(objectname) %(*objectname) [22ms]
[2023-02-24T08:34:02.603Z] > git remote --verbose [7ms]
[2023-02-24T08:34:02.633Z] > git config --get commit.template [3ms]
[2023-02-24T08:34:07.665Z] > git status -z -uall [14ms]
[2023-02-24T08:34:07.689Z] > git symbolic-ref --short HEAD [3ms]
[2023-02-24T08:34:07.707Z] > git for-each-ref --format=%(refname)%00%(upstream:short)%00%(objectname)%00%(upstream:track)%00%(upstream:remotename)%00%(upstream:remoteref) refs/heads/main refs/remotes/main [5ms]
[2023-02-24T08:34:07.741Z] > git for-each-ref --sort -committerdate --format %(refname) %(objectname) %(*objectname) [17ms]
[2023-02-24T08:34:07.743Z] > git remote --verbose [4ms]
[2023-02-24T08:34:07.768Z] > git config --get commit.template [3ms]
[2023-02-24T08:34:08.795Z] > git ls-tree -l HEAD -- /home/admin/.local/share/code-server/User/workspaceStorage/-525686eb/ms-vscode.cpptools/.browse.VC.db-wal [6ms]
[2023-02-24T08:34:09.161Z] > git ls-tree -l HEAD -- /home/admin/.local/share/code-server/User/workspaceStorage/-525686eb/ms-vscode.cpptools/.browse.VC.db-wal [6ms]
[2023-02-24T08:34:09.405Z] > git check-ignore -v -z --stdin [3ms]
[2023-02-24T08:34:12.805Z] > git status -z -uall [13ms]
[2023-02-24T08:34:12.826Z] > git symbolic-ref --short HEAD [3ms]
[2023-02-24T08:34:12.849Z] > git for-each-ref --format=%(refname)%00%(upstream:short)%00%(objectname)%00%(upstream:track)%00%(upstream:remotename)%00%(upstream:remoteref) refs/heads/main refs/remotes/main [4ms]
[2023-02-24T08:34:12.891Z] > git remote --verbose [3ms]
[2023-02-24T08:34:12.892Z] > git for-each-ref --sort -committerdate --format %(refname) %(objectname) %(*objectname) [28ms]
[2023-02-24T08:34:12.918Z] > git config --get commit.template [3ms]
[2023-02-24T08:34:13.508Z] > git ls-tree -l HEAD -- /home/admin/.local/share/code-server/User/workspaceStorage/-525686eb/ms-vscode.cpptools/.browse.VC.db-wal [28ms]
[2023-02-24T08:34:13.781Z] > git show --textconv HEAD:.local/share/code-server/User/workspaceStorage/-525686eb/ms-vscode.cpptools/.browse.VC.db-wal [321ms]
[2023-02-24T08:34:17.964Z] > git status -z -uall [19ms]
[2023-02-24T08:34:17.989Z] > git symbolic-ref --short HEAD [2ms]
[2023-02-24T08:34:18.019Z] > git for-each-ref --format=%(refname)%00%(upstream:short)%00%(objectname)%00%(upstream:track)%00%(upstream:remotename)%00%(upstream:remoteref) refs/heads/main refs/remotes/main [6ms]
[2023-02-24T08:34:18.077Z] > git for-each-ref --sort -committerdate --format %(refname) %(objectname) %(*objectname) [39ms]
[2023-02-24T08:34:18.079Z] > git remote --verbose [7ms]
[2023-02-24T08:34:18.117Z] > git config --get commit.template [5ms]
[2023-02-24T08:34:23.154Z] > git status -z -uall [13ms]
[2023-02-24T08:34:23.174Z] > git symbolic-ref --short HEAD [3ms]
[2023-02-24T08:34:23.196Z] > git for-each-ref --format=%(refname)%00%(upstream:short)%00%(objectname)%00%(upstream:track)%00%(upstream:remotename)%00%(upstream:remoteref) refs/heads/main refs/remotes/main [4ms]
[2023-02-24T08:34:23.234Z] > git for-each-ref --sort -committerdate --format %(refname) %(objectname) %(*objectname) [21ms]
[2023-02-24T08:34:23.238Z] > git remote --verbose [5ms]
[2023-02-24T08:34:23.263Z] > git config --get commit.template [3ms]
[2023-02-24T08:34:52.589Z] > git show --textconv :README.md [34ms]
[2023-02-24T08:34:52.594Z] > git ls-files --stage -- /home/admin/README.md [8ms]
[2023-02-24T08:34:52.642Z] > git cat-file -s 3027c76ef52cc7ed18e59bb7b5a523210d214410 [4ms]
[2023-02-24T08:34:52.983Z] > git add -A -- . [489ms]
[2023-02-24T08:34:54.817Z] > git check-ignore -v -z --stdin [30ms]
[2023-02-24T08:34:56.243Z] > git show --textconv :.git/COMMIT_EDITMSG [29ms]
[2023-02-24T08:34:56.247Z] > git ls-files --stage -- /home/admin/.git/COMMIT_EDITMSG [7ms]
[2023-02-24T08:34:58.327Z] > git ls-files --stage -- /home/admin/.git/COMMIT_EDITMSG [3ms]
[2023-02-24T08:34:58.713Z] > git show --textconv :.git/COMMIT_EDITMSG [13ms]
[2023-02-24T08:35:07.357Z] > git -c user.useConfigOnly=true commit --quiet [14349ms]
[2023-02-24T08:35:07.395Z] > git status -z -uall [18ms]
[2023-02-24T08:35:07.430Z] > git symbolic-ref --short HEAD [5ms]
[2023-02-24T08:35:07.468Z] > git for-each-ref --format=%(refname)%00%(upstream:short)%00%(objectname)%00%(upstream:track)%00%(upstream:remotename)%00%(upstream:remoteref) refs/heads/main refs/remotes/main [3ms]
[2023-02-24T08:35:07.506Z] > git for-each-ref --sort -committerdate --format %(refname) %(objectname) %(*objectname) [21ms]
[2023-02-24T08:35:07.507Z] > git remote --verbose [5ms]
[2023-02-24T08:35:07.550Z] > git config --get commit.template [3ms]
[2023-02-24T08:35:07.604Z] > git log --oneline --cherry main...main@{upstream} -- [8ms]
[2023-02-24T08:35:07.957Z] > git show --textconv :README.md [20ms]
[2023-02-24T08:35:07.960Z] > git ls-files --stage -- /home/admin/README.md [5ms]
[2023-02-24T08:35:07.988Z] > git cat-file -s 6fa43e05fbe4cb5bcf488c78fb5ca096197c6bd0 [9ms]
[2023-02-24T08:35:08.230Z] > git pull --tags C_Class1 main [600ms]
[2023-02-24T08:35:08.230Z] From https://github.com/LucaCraft89/C_Class1
 * branch            main       -> FETCH_HEAD
[2023-02-24T08:35:08.370Z] > git ls-files --stage -- /home/admin/README.md [14ms]
[2023-02-24T08:35:08.439Z] > git cat-file -s 6fa43e05fbe4cb5bcf488c78fb5ca096197c6bd0 [27ms]
[2023-02-24T08:35:10.822Z] > git ls-files --stage -- /home/admin/README.md [5ms]
[2023-02-24T08:35:10.848Z] > git cat-file -s 6fa43e05fbe4cb5bcf488c78fb5ca096197c6bd0 [9ms]
[2023-02-24T08:35:11.329Z] > git show --textconv :README.md [5ms]
[2023-02-24T08:35:51.169Z] > git check-ignore -v -z --stdin [4ms]
[2023-02-24T08:36:00.235Z] > git show --textconv :.gitignore [55ms]
[2023-02-24T08:36:00.254Z] > git ls-files --stage -- /home/admin/.gitignore [23ms]
[2023-02-24T08:36:00.287Z] > git cat-file -s 15effa9c1dd8574e2ef19ded77c92ff7c333a67d [2ms]
[2023-02-24T08:36:00.384Z] > git push C_Class1 main:main [52138ms]
[2023-02-24T08:36:00.384Z] error: RPC failed; curl 92 HTTP/2 stream 0 was not closed cleanly: CANCEL (err 8)
send-pack: unexpected disconnect while reading sideband packet
fatal: the remote end hung up unexpectedly
Everything up-to-date
[2023-02-24T08:36:01.682Z] > git status -z -uall [21ms]
[2023-02-24T08:36:01.705Z] > git symbolic-ref --short HEAD [4ms]
[2023-02-24T08:36:01.727Z] > git for-each-ref --format=%(refname)%00%(upstream:short)%00%(objectname)%00%(upstream:track)%00%(upstream:remotename)%00%(upstream:remoteref) refs/heads/main refs/remotes/main [5ms]
[2023-02-24T08:36:01.770Z] > git for-each-ref --sort -committerdate --format %(refname) %(objectname) %(*objectname) [26ms]
[2023-02-24T08:36:01.772Z] > git remote --verbose [10ms]
[2023-02-24T08:36:01.801Z] > git config --get commit.template [6ms]
[2023-02-24T08:36:02.627Z] > git check-ignore -v -z --stdin [19ms]
[2023-02-24T08:36:04.897Z] > git status -z -uall [23ms]
[2023-02-24T08:36:04.922Z] > git symbolic-ref --short HEAD [5ms]
[2023-02-24T08:36:05.004Z] > git for-each-ref --format=%(refname)%00%(upstream:short)%00%(objectname)%00%(upstream:track)%00%(upstream:remotename)%00%(upstream:remoteref) refs/heads/main refs/remotes/main [32ms]
[2023-02-24T08:36:05.109Z] > git remote --verbose [6ms]
[2023-02-24T08:36:05.111Z] > git for-each-ref --sort -committerdate --format %(refname) %(objectname) %(*objectname) [64ms]
[2023-02-24T08:36:05.145Z] > git config --get commit.template [6ms]
[2023-02-24T08:36:10.183Z] > git status -z -uall [14ms]
[2023-02-24T08:36:10.206Z] > git symbolic-ref --short HEAD [4ms]
[2023-02-24T08:36:10.227Z] > git for-each-ref --format=%(refname)%00%(upstream:short)%00%(objectname)%00%(upstream:track)%00%(upstream:remotename)%00%(upstream:remoteref) refs/heads/main refs/remotes/main [6ms]
[2023-02-24T08:36:10.261Z] > git for-each-ref --sort -committerdate --format %(refname) %(objectname) %(*objectname) [18ms]
[2023-02-24T08:36:10.263Z] > git remote --verbose [5ms]
[2023-02-24T08:36:10.288Z] > git config --get commit.template [4ms]
[2023-02-24T08:36:15.128Z] > git checkout -q -- /home/admin/.local/share/CMakeTools/log.txt /home/admin/.local/share/code-server/User/History/57be4aa0/entries.json /home/admin/.local/share/code-server/User/workspaceStorage/-525686eb/ms-vscode.cpptools/.browse.VC.db-shm /home/admin/.local/share/code-server/User/workspaceStorage/-525686eb/ms-vscode.cpptools/.browse.VC.db-wal [40ms]
[2023-02-24T08:36:15.191Z] > git status -z -uall [37ms]
[2023-02-24T08:36:15.214Z] > git symbolic-ref --short HEAD [4ms]
[2023-02-24T08:36:15.248Z] > git for-each-ref --format=%(refname)%00%(upstream:short)%00%(objectname)%00%(upstream:track)%00%(upstream:remotename)%00%(upstream:remoteref) refs/heads/main refs/remotes/main [9ms]
[2023-02-24T08:36:15.296Z] > git for-each-ref --sort -committerdate --format %(refname) %(objectname) %(*objectname) [27ms]
[2023-02-24T08:36:15.298Z] > git remote --verbose [6ms]
[2023-02-24T08:36:15.325Z] > git config --get commit.template [2ms]
[2023-02-24T08:36:15.378Z] > git status -z -uall [28ms]
[2023-02-24T08:36:15.411Z] > git symbolic-ref --short HEAD [5ms]
[2023-02-24T08:36:15.438Z] > git for-each-ref --format=%(refname)%00%(upstream:short)%00%(objectname)%00%(upstream:track)%00%(upstream:remotename)%00%(upstream:remoteref) refs/heads/main refs/remotes/main [7ms]
[2023-02-24T08:36:15.476Z] > git for-each-ref --sort -committerdate --format %(refname) %(objectname) %(*objectname) [19ms]
[2023-02-24T08:36:15.478Z] > git remote --verbose [6ms]
[2023-02-24T08:36:15.515Z] > git config --get commit.template [4ms]
[2023-02-24T08:36:17.129Z] > git show --textconv :README.md [20ms]
[2023-02-24T08:36:17.132Z] > git ls-files --stage -- /home/admin/README.md [5ms]
[2023-02-24T08:36:17.159Z] > git cat-file -s 6fa43e05fbe4cb5bcf488c78fb5ca096197c6bd0 [10ms]
[2023-02-24T08:36:27.960Z] > git status -z -uall [32ms]
[2023-02-24T08:36:27.981Z] > git symbolic-ref --short HEAD [3ms]
[2023-02-24T08:36:28.004Z] > git for-each-ref --format=%(refname)%00%(upstream:short)%00%(objectname)%00%(upstream:track)%00%(upstream:remotename)%00%(upstream:remoteref) refs/heads/main refs/remotes/main [6ms]
[2023-02-24T08:36:28.042Z] > git remote --verbose [6ms]
[2023-02-24T08:36:28.044Z] > git for-each-ref --sort -committerdate --format %(refname) %(objectname) %(*objectname) [24ms]
[2023-02-24T08:36:28.069Z] > git config --get commit.template [4ms]
[2023-02-24T08:36:29.019Z] > git check-ignore -v -z --stdin [2ms]
[2023-02-24T08:36:33.108Z] > git status -z -uall [17ms]
[2023-02-24T08:36:33.130Z] > git symbolic-ref --short HEAD [5ms]
[2023-02-24T08:36:33.153Z] > git for-each-ref --format=%(refname)%00%(upstream:short)%00%(objectname)%00%(upstream:track)%00%(upstream:remotename)%00%(upstream:remoteref) refs/heads/main refs/remotes/main [7ms]
[2023-02-24T08:36:33.190Z] > git for-each-ref --sort -committerdate --format %(refname) %(objectname) %(*objectname) [21ms]
[2023-02-24T08:36:33.193Z] > git remote --verbose [6ms]
[2023-02-24T08:36:33.218Z] > git config --get commit.template [2ms]
[2023-02-24T08:36:38.197Z] > git show --textconv :.gitignore [22ms]
[2023-02-24T08:36:38.201Z] > git ls-files --stage -- /home/admin/.gitignore [6ms]
[2023-02-24T08:36:38.220Z] > git cat-file -s 15effa9c1dd8574e2ef19ded77c92ff7c333a67d [3ms]
[2023-02-24T08:36:39.566Z] > git status -z -uall [22ms]
[2023-02-24T08:36:39.586Z] > git symbolic-ref --short HEAD [3ms]
[2023-02-24T08:36:39.607Z] > git for-each-ref --format=%(refname)%00%(upstream:short)%00%(objectname)%00%(upstream:track)%00%(upstream:remotename)%00%(upstream:remoteref) refs/heads/main refs/remotes/main [7ms]
[2023-02-24T08:36:39.654Z] > git for-each-ref --sort -committerdate --format %(refname) %(objectname) %(*objectname) [20ms]
[2023-02-24T08:36:39.656Z] > git remote --verbose [6ms]
[2023-02-24T08:36:39.681Z] > git config --get commit.template [5ms]
[2023-02-24T08:36:39.720Z] > git status -z -uall [21ms]
[2023-02-24T08:36:39.745Z] > git symbolic-ref --short HEAD [3ms]
[2023-02-24T08:36:39.770Z] > git for-each-ref --format=%(refname)%00%(upstream:short)%00%(objectname)%00%(upstream:track)%00%(upstream:remotename)%00%(upstream:remoteref) refs/heads/main refs/remotes/main [8ms]
[2023-02-24T08:36:39.808Z] > git for-each-ref --sort -committerdate --format %(refname) %(objectname) %(*objectname) [19ms]
[2023-02-24T08:36:39.811Z] > git remote --verbose [7ms]
[2023-02-24T08:36:39.848Z] > git config --get commit.template [3ms]
[2023-02-24T08:36:40.499Z] > git check-ignore -v -z --stdin [5ms]
[2023-02-24T08:36:43.130Z] > git checkout -q -- /home/admin/.gitignore [53ms]
[2023-02-24T08:36:43.178Z] > git status -z -uall [26ms]
[2023-02-24T08:36:43.203Z] > git symbolic-ref --short HEAD [4ms]
[2023-02-24T08:36:43.229Z] > git for-each-ref --format=%(refname)%00%(upstream:short)%00%(objectname)%00%(upstream:track)%00%(upstream:remotename)%00%(upstream:remoteref) refs/heads/main refs/remotes/main [5ms]
[2023-02-24T08:36:43.267Z] > git for-each-ref --sort -committerdate --format %(refname) %(objectname) %(*objectname) [22ms]
[2023-02-24T08:36:43.270Z] > git remote --verbose [8ms]
[2023-02-24T08:36:43.295Z] > git config --get commit.template [3ms]
[2023-02-24T08:36:45.101Z] > git ls-files --stage -- /home/admin/.gitignore [4ms]
[2023-02-24T08:36:45.120Z] > git cat-file -s 15effa9c1dd8574e2ef19ded77c92ff7c333a67d [4ms]
[2023-02-24T08:36:45.513Z] > git show --textconv :.gitignore [34ms]
[2023-02-24T08:36:46.910Z] > git status -z -uall [16ms]
[2023-02-24T08:36:46.935Z] > git symbolic-ref --short HEAD [3ms]
[2023-02-24T08:36:46.963Z] > git for-each-ref --format=%(refname)%00%(upstream:short)%00%(objectname)%00%(upstream:track)%00%(upstream:remotename)%00%(upstream:remoteref) refs/heads/main refs/remotes/main [10ms]
[2023-02-24T08:36:47.003Z] > git for-each-ref --sort -committerdate --format %(refname) %(objectname) %(*objectname) [24ms]
[2023-02-24T08:36:47.005Z] > git remote --verbose [8ms]
[2023-02-24T08:36:47.037Z] > git config --get commit.template [3ms]
[2023-02-24T08:36:52.082Z] > git status -z -uall [14ms]
[2023-02-24T08:36:52.108Z] > git symbolic-ref --short HEAD [5ms]
[2023-02-24T08:36:52.144Z] > git for-each-ref --format=%(refname)%00%(upstream:short)%00%(objectname)%00%(upstream:track)%00%(upstream:remotename)%00%(upstream:remoteref) refs/heads/main refs/remotes/main [8ms]
[2023-02-24T08:36:52.184Z] > git for-each-ref --sort -committerdate --format %(refname) %(objectname) %(*objectname) [21ms]
[2023-02-24T08:36:52.186Z] > git remote --verbose [6ms]
[2023-02-24T08:36:52.231Z] > git config --get commit.template [3ms]
[2023-02-24T08:36:57.207Z] > git add -A -- /home/admin/.local/share/code-server/User/History/-462f2a3/entries.json [18ms]
[2023-02-24T08:36:57.207Z] The following paths are ignored by one of your .gitignore files:
.local
hint: Use -f if you really want to add them.
hint: Turn this message off by running
hint: "git config advice.addIgnoredFile false"
[2023-02-24T08:36:57.278Z] > git status -z -uall [19ms]
[2023-02-24T08:36:57.297Z] > git symbolic-ref --short HEAD [3ms]
[2023-02-24T08:36:57.322Z] > git for-each-ref --format=%(refname)%00%(upstream:short)%00%(objectname)%00%(upstream:track)%00%(upstream:remotename)%00%(upstream:remoteref) refs/heads/main refs/remotes/main [6ms]
[2023-02-24T08:36:57.386Z] > git for-each-ref --sort -committerdate --format %(refname) %(objectname) %(*objectname) [33ms]
[2023-02-24T08:36:57.395Z] > git remote --verbose [12ms]
[2023-02-24T08:36:57.426Z] > git config --get commit.template [3ms]
[2023-02-24T08:36:59.058Z] > git ls-files --stage -- /home/admin/.gitignore [40ms]
[2023-02-24T08:36:59.162Z] > git cat-file -s 15effa9c1dd8574e2ef19ded77c92ff7c333a67d [17ms]
[2023-02-24T08:36:59.534Z] > git show --textconv :.gitignore [9ms]
[2023-02-24T08:37:02.466Z] > git status -z -uall [16ms]
[2023-02-24T08:37:02.486Z] > git symbolic-ref --short HEAD [3ms]
[2023-02-24T08:37:02.507Z] > git for-each-ref --format=%(refname)%00%(upstream:short)%00%(objectname)%00%(upstream:track)%00%(upstream:remotename)%00%(upstream:remoteref) refs/heads/main refs/remotes/main [6ms]
[2023-02-24T08:37:02.551Z] > git remote --verbose [6ms]
[2023-02-24T08:37:02.552Z] > git for-each-ref --sort -committerdate --format %(refname) %(objectname) %(*objectname) [20ms]
[2023-02-24T08:37:02.577Z] > git config --get commit.template [3ms]
[2023-02-24T08:37:07.608Z] > git status -z -uall [13ms]
[2023-02-24T08:37:07.630Z] > git symbolic-ref --short HEAD [5ms]
[2023-02-24T08:37:07.649Z] > git for-each-ref --format=%(refname)%00%(upstream:short)%00%(objectname)%00%(upstream:track)%00%(upstream:remotename)%00%(upstream:remoteref) refs/heads/main refs/remotes/main [6ms]
[2023-02-24T08:37:07.685Z] > git for-each-ref --sort -committerdate --format %(refname) %(objectname) %(*objectname) [19ms]
[2023-02-24T08:37:07.687Z] > git remote --verbose [5ms]
[2023-02-24T08:37:07.718Z] > git config --get commit.template [3ms]
[2023-02-24T08:37:12.751Z] > git status -z -uall [13ms]
[2023-02-24T08:37:12.773Z] > git symbolic-ref --short HEAD [4ms]
[2023-02-24T08:37:12.794Z] > git for-each-ref --format=%(refname)%00%(upstream:short)%00%(objectname)%00%(upstream:track)%00%(upstream:remotename)%00%(upstream:remoteref) refs/heads/main refs/remotes/main [5ms]
[2023-02-24T08:37:12.837Z] > git for-each-ref --sort -committerdate --format %(refname) %(objectname) %(*objectname) [21ms]
[2023-02-24T08:37:12.839Z] > git remote --verbose [4ms]
[2023-02-24T08:37:12.862Z] > git config --get commit.template [3ms]
[2023-02-24T08:37:17.895Z] > git status -z -uall [13ms]
[2023-02-24T08:37:17.917Z] > git symbolic-ref --short HEAD [3ms]
[2023-02-24T08:37:17.942Z] > git for-each-ref --format=%(refname)%00%(upstream:short)%00%(objectname)%00%(upstream:track)%00%(upstream:remotename)%00%(upstream:remoteref) refs/heads/main refs/remotes/main [8ms]
[2023-02-24T08:37:17.982Z] > git for-each-ref --sort -committerdate --format %(refname) %(objectname) %(*objectname) [22ms]
[2023-02-24T08:37:17.984Z] > git remote --verbose [5ms]
[2023-02-24T08:37:18.009Z] > git config --get commit.template [2ms]
[2023-02-24T08:37:23.048Z] > git status -z -uall [14ms]
[2023-02-24T08:37:23.069Z] > git symbolic-ref --short HEAD [4ms]
[2023-02-24T08:37:23.096Z] > git for-each-ref --format=%(refname)%00%(upstream:short)%00%(objectname)%00%(upstream:track)%00%(upstream:remotename)%00%(upstream:remoteref) refs/heads/main refs/remotes/main [12ms]
[2023-02-24T08:37:23.133Z] > git for-each-ref --sort -committerdate --format %(refname) %(objectname) %(*objectname) [21ms]
[2023-02-24T08:37:23.135Z] > git remote --verbose [4ms]
[2023-02-24T08:37:23.155Z] > git config --get commit.template [3ms]
[2023-02-24T08:37:28.191Z] > git status -z -uall [12ms]
[2023-02-24T08:37:28.211Z] > git symbolic-ref --short HEAD [3ms]
[2023-02-24T08:37:28.250Z] > git for-each-ref --format=%(refname)%00%(upstream:short)%00%(objectname)%00%(upstream:track)%00%(upstream:remotename)%00%(upstream:remoteref) refs/heads/main refs/remotes/main [20ms]
[2023-02-24T08:37:28.292Z] > git for-each-ref --sort -committerdate --format %(refname) %(objectname) %(*objectname) [25ms]
[2023-02-24T08:37:28.295Z] > git remote --verbose [7ms]
[2023-02-24T08:37:28.318Z] > git config --get commit.template [3ms]
[2023-02-24T08:37:33.349Z] > git status -z -uall [12ms]
[2023-02-24T08:37:33.368Z] > git symbolic-ref --short HEAD [3ms]
[2023-02-24T08:37:33.391Z] > git for-each-ref --format=%(refname)%00%(upstream:short)%00%(objectname)%00%(upstream:track)%00%(upstream:remotename)%00%(upstream:remoteref) refs/heads/main refs/remotes/main [5ms]
[2023-02-24T08:37:33.427Z] > git for-each-ref --sort -committerdate --format %(refname) %(objectname) %(*objectname) [20ms]
[2023-02-24T08:37:33.428Z] > git remote --verbose [6ms]
[2023-02-24T08:37:33.450Z] > git config --get commit.template [2ms]
[2023-02-24T08:37:38.484Z] > git status -z -uall [13ms]
[2023-02-24T08:37:38.504Z] > git symbolic-ref --short HEAD [3ms]
[2023-02-24T08:37:38.534Z] > git for-each-ref --format=%(refname)%00%(upstream:short)%00%(objectname)%00%(upstream:track)%00%(upstream:remotename)%00%(upstream:remoteref) refs/heads/main refs/remotes/main [10ms]
[2023-02-24T08:37:38.567Z] > git for-each-ref --sort -committerdate --format %(refname) %(objectname) %(*objectname) [18ms]
[2023-02-24T08:37:38.569Z] > git remote --verbose [5ms]
[2023-02-24T08:37:38.595Z] > git config --get commit.template [4ms]
[2023-02-24T08:37:43.635Z] > git status -z -uall [24ms]
[2023-02-24T08:37:43.654Z] > git symbolic-ref --short HEAD [4ms]
[2023-02-24T08:37:43.676Z] > git for-each-ref --format=%(refname)%00%(upstream:short)%00%(objectname)%00%(upstream:track)%00%(upstream:remotename)%00%(upstream:remoteref) refs/heads/main refs/remotes/main [6ms]
[2023-02-24T08:37:43.712Z] > git for-each-ref --sort -committerdate --format %(refname) %(objectname) %(*objectname) [18ms]
[2023-02-24T08:37:43.713Z] > git remote --verbose [4ms]
[2023-02-24T08:37:43.740Z] > git config --get commit.template [4ms]
