[2023-02-23T14:21:57.026Z] Log level: Info
[2023-02-23T14:21:57.047Z] [info] Validating found git in: git
[2023-02-23T14:21:57.200Z] [info] Using git 2.34.1 from git
[2023-02-23T14:21:57.388Z] > git rev-parse --show-toplevel [130ms]
[2023-02-23T14:21:57.426Z] > git rev-parse --git-dir --git-common-dir [14ms]
[2023-02-23T14:21:57.460Z] [info] Open repository: /home/admin
[2023-02-23T14:21:57.515Z] > git rev-parse --show-toplevel [7ms]
[2023-02-23T14:21:57.547Z] > git status -z -uall [54ms]
[2023-02-23T14:21:57.562Z] > git rev-parse --show-toplevel [24ms]
[2023-02-23T14:21:57.589Z] > git rev-parse --show-toplevel [7ms]
[2023-02-23T14:21:57.602Z] > git symbolic-ref --short HEAD [42ms]
[2023-02-23T14:21:57.621Z] > git rev-parse --show-toplevel [20ms]
[2023-02-23T14:21:57.637Z] > git for-each-ref --format=%(refname)%00%(upstream:short)%00%(objectname)%00%(upstream:track)%00%(upstream:remotename)%00%(upstream:remoteref) refs/heads/main refs/remotes/main [20ms]
[2023-02-23T14:21:57.689Z] > git for-each-ref --sort -committerdate --format %(refname) %(objectname) %(*objectname) [35ms]
[2023-02-23T14:21:57.692Z] > git rev-parse --show-toplevel [59ms]
[2023-02-23T14:21:57.712Z] > git remote --verbose [39ms]
[2023-02-23T14:21:58.554Z] > git rev-parse --show-toplevel [846ms]
[2023-02-23T14:21:58.601Z] > git config --get commit.template [80ms]
[2023-02-23T14:21:58.677Z] > git status -z -uall [54ms]
[2023-02-23T14:21:58.690Z] > git rev-parse --show-toplevel [101ms]
[2023-02-23T14:21:58.709Z] > git symbolic-ref --short HEAD [20ms]
[2023-02-23T14:21:58.725Z] > git rev-parse --show-toplevel [24ms]
[2023-02-23T14:21:58.746Z] > git for-each-ref --format=%(refname)%00%(upstream:short)%00%(objectname)%00%(upstream:track)%00%(upstream:remotename)%00%(upstream:remoteref) refs/heads/main refs/remotes/main [27ms]
[2023-02-23T14:21:58.769Z] > git remote --verbose [5ms]
[2023-02-23T14:21:58.770Z] > git for-each-ref --sort -committerdate --format %(refname) %(objectname) %(*objectname) [15ms]
[2023-02-23T14:21:59.459Z] > git config --get commit.template [621ms]
[2023-02-23T14:21:59.485Z] > git check-ignore -v -z --stdin [11ms]
[2023-02-23T14:22:00.012Z] > git check-ignore -v -z --stdin [5ms]
[2023-02-23T14:22:34.703Z] > git status -z -uall [34ms]
[2023-02-23T14:22:34.716Z] > git symbolic-ref --short HEAD [3ms]
[2023-02-23T14:22:34.732Z] > git for-each-ref --format=%(refname)%00%(upstream:short)%00%(objectname)%00%(upstream:track)%00%(upstream:remotename)%00%(upstream:remoteref) refs/heads/main refs/remotes/main [4ms]
[2023-02-23T14:22:34.751Z] > git for-each-ref --sort -committerdate --format %(refname) %(objectname) %(*objectname) [12ms]
[2023-02-23T14:22:34.753Z] > git remote --verbose [5ms]
[2023-02-23T14:22:34.834Z] > git config --get commit.template [1ms]
[2023-02-23T14:22:39.891Z] > git status -z -uall [35ms]
[2023-02-23T14:22:39.914Z] > git symbolic-ref --short HEAD [4ms]
[2023-02-23T14:22:39.930Z] > git for-each-ref --format=%(refname)%00%(upstream:short)%00%(objectname)%00%(upstream:track)%00%(upstream:remotename)%00%(upstream:remoteref) refs/heads/main refs/remotes/main [7ms]
[2023-02-23T14:22:39.953Z] > git remote --verbose [4ms]
[2023-02-23T14:22:39.955Z] > git for-each-ref --sort -committerdate --format %(refname) %(objectname) %(*objectname) [15ms]
[2023-02-23T14:22:40.036Z] > git config --get commit.template [9ms]
[2023-02-23T14:22:43.891Z] > git for-each-ref --format %(refname:short)%00%(upstream:short) refs/heads [5ms]
[2023-02-23T14:22:43.909Z] > git checkout -q main [8ms]
[2023-02-23T14:22:43.952Z] > git status -z -uall [33ms]
[2023-02-23T14:22:43.966Z] > git symbolic-ref --short HEAD [3ms]
[2023-02-23T14:22:43.978Z] > git for-each-ref --format=%(refname)%00%(upstream:short)%00%(objectname)%00%(upstream:track)%00%(upstream:remotename)%00%(upstream:remoteref) refs/heads/main refs/remotes/main [4ms]
[2023-02-23T14:22:44.014Z] > git for-each-ref --sort -committerdate --format %(refname) %(objectname) %(*objectname) [27ms]
[2023-02-23T14:22:44.017Z] > git remote --verbose [8ms]
[2023-02-23T14:22:44.080Z] > git config --get commit.template [3ms]
[2023-02-23T14:22:45.084Z] > git status -z -uall [33ms]
[2023-02-23T14:22:45.101Z] > git symbolic-ref --short HEAD [7ms]
[2023-02-23T14:22:45.117Z] > git for-each-ref --format=%(refname)%00%(upstream:short)%00%(objectname)%00%(upstream:track)%00%(upstream:remotename)%00%(upstream:remoteref) refs/heads/main refs/remotes/main [4ms]
[2023-02-23T14:22:45.140Z] > git for-each-ref --sort -committerdate --format %(refname) %(objectname) %(*objectname) [14ms]
[2023-02-23T14:22:45.142Z] > git remote --verbose [6ms]
[2023-02-23T14:22:45.204Z] > git config --get commit.template [3ms]
[2023-02-23T14:22:49.500Z] > git check-ignore -v -z --stdin [18ms]
[2023-02-23T14:22:51.672Z] > git check-ignore -v -z --stdin [3ms]
[2023-02-23T14:22:52.049Z] > git status -z -uall [38ms]
[2023-02-23T14:22:52.069Z] > git symbolic-ref --short HEAD [4ms]
[2023-02-23T14:22:52.091Z] > git for-each-ref --format=%(refname)%00%(upstream:short)%00%(objectname)%00%(upstream:track)%00%(upstream:remotename)%00%(upstream:remoteref) refs/heads/main refs/remotes/main [3ms]
[2023-02-23T14:22:52.116Z] > git for-each-ref --sort -committerdate --format %(refname) %(objectname) %(*objectname) [13ms]
[2023-02-23T14:22:52.119Z] > git remote --verbose [6ms]
[2023-02-23T14:22:52.169Z] > git config --get commit.template [3ms]
[2023-02-23T14:22:54.085Z] > git show --textconv :Lezione2023.02.23/11Tiangl.c [48ms]
[2023-02-23T14:22:54.085Z] > git ls-files --stage -- /home/admin/Lezione2023.02.23/11Tiangl.c [26ms]
[2023-02-23T14:22:54.107Z] > git cat-file -s 3c287ea8a79e8bab9c83e5b621bfa09f99e344ec [5ms]
[2023-02-23T14:22:57.235Z] > git status -z -uall [45ms]
[2023-02-23T14:22:57.260Z] > git symbolic-ref --short HEAD [10ms]
[2023-02-23T14:22:57.290Z] > git for-each-ref --format=%(refname)%00%(upstream:short)%00%(objectname)%00%(upstream:track)%00%(upstream:remotename)%00%(upstream:remoteref) refs/heads/main refs/remotes/main [14ms]
[2023-02-23T14:22:57.326Z] > git remote --verbose [9ms]
[2023-02-23T14:22:57.327Z] > git for-each-ref --sort -committerdate --format %(refname) %(objectname) %(*objectname) [24ms]
[2023-02-23T14:22:58.150Z] > git config --get commit.template [689ms]
[2023-02-23T14:23:00.750Z] > git show --textconv :Lezione2023.02.23/11Tiangl.c [16ms]
[2023-02-23T14:23:00.753Z] > git ls-files --stage -- /home/admin/Lezione2023.02.23/11Tiangl.c [5ms]
[2023-02-23T14:23:00.775Z] > git cat-file -s 3c287ea8a79e8bab9c83e5b621bfa09f99e344ec [6ms]
[2023-02-23T14:23:06.374Z] > git check-ignore -v -z --stdin [3ms]
[2023-02-23T14:23:07.828Z] > git show --textconv :Lezione2023.02.17/Gioco1.c [19ms]
[2023-02-23T14:23:07.832Z] > git ls-files --stage -- /home/admin/Lezione2023.02.17/Gioco1.c [6ms]
[2023-02-23T14:23:07.853Z] > git cat-file -s 23af52146cb82ac5e5625a3cfadbeb329816d6ab [4ms]
[2023-02-23T14:23:21.540Z] > git show --textconv :.vscode/launch.json [19ms]
[2023-02-23T14:23:21.544Z] > git ls-files --stage -- /home/admin/.vscode/launch.json [6ms]
[2023-02-23T14:23:21.564Z] > git cat-file -s 5c7247b40ad5ac8f6dd3e3ae09dacc1c9f116c93 [5ms]
[2023-02-23T14:23:22.079Z] > git check-ignore -v -z --stdin [2ms]
[2023-02-23T14:23:43.208Z] > git show --textconv :Lezione2023.02.23/11Tiangl.c [17ms]
[2023-02-23T14:23:43.212Z] > git ls-files --stage -- /home/admin/Lezione2023.02.23/11Tiangl.c [6ms]
[2023-02-23T14:23:43.232Z] > git cat-file -s 3c287ea8a79e8bab9c83e5b621bfa09f99e344ec [5ms]
[2023-02-23T14:23:46.662Z] > git show --textconv :Lezione2023.02.17/Gioco1.c [26ms]
[2023-02-23T14:23:46.666Z] > git ls-files --stage -- /home/admin/Lezione2023.02.17/Gioco1.c [16ms]
[2023-02-23T14:23:46.687Z] > git cat-file -s 23af52146cb82ac5e5625a3cfadbeb329816d6ab [4ms]
[2023-02-23T14:24:06.069Z] > git show --textconv :Lezione2023.02.23/11Tiangl.c [21ms]
[2023-02-23T14:24:06.076Z] > git ls-files --stage -- /home/admin/Lezione2023.02.23/11Tiangl.c [10ms]
[2023-02-23T14:24:06.096Z] > git cat-file -s 3c287ea8a79e8bab9c83e5b621bfa09f99e344ec [7ms]
[2023-02-23T14:24:19.328Z] > git show --textconv :Lezione2023.02.23/11Tiangl.c [15ms]
[2023-02-23T14:24:19.333Z] > git ls-files --stage -- /home/admin/Lezione2023.02.23/11Tiangl.c [6ms]
[2023-02-23T14:24:19.356Z] > git cat-file -s 3c287ea8a79e8bab9c83e5b621bfa09f99e344ec [6ms]
[2023-02-23T14:24:20.330Z] > git show --textconv :.vscode/launch.json [21ms]
[2023-02-23T14:24:20.337Z] > git ls-files --stage -- /home/admin/.vscode/launch.json [10ms]
[2023-02-23T14:24:20.362Z] > git cat-file -s 5c7247b40ad5ac8f6dd3e3ae09dacc1c9f116c93 [2ms]
[2023-02-23T14:30:12.895Z] > git status -z -uall [28ms]
[2023-02-23T14:30:12.914Z] > git symbolic-ref --short HEAD [2ms]
[2023-02-23T14:30:12.933Z] > git for-each-ref --format=%(refname)%00%(upstream:short)%00%(objectname)%00%(upstream:track)%00%(upstream:remotename)%00%(upstream:remoteref) refs/heads/main refs/remotes/main [5ms]
[2023-02-23T14:30:12.965Z] > git for-each-ref --sort -committerdate --format %(refname) %(objectname) %(*objectname) [16ms]
[2023-02-23T14:30:12.966Z] > git remote --verbose [4ms]
[2023-02-23T14:30:13.065Z] > git config --get commit.template [9ms]
[2023-02-23T14:30:18.127Z] > git status -z -uall [40ms]
[2023-02-23T14:30:18.146Z] > git symbolic-ref --short HEAD [4ms]
[2023-02-23T14:30:18.162Z] > git for-each-ref --format=%(refname)%00%(upstream:short)%00%(objectname)%00%(upstream:track)%00%(upstream:remotename)%00%(upstream:remoteref) refs/heads/main refs/remotes/main [3ms]
[2023-02-23T14:30:18.190Z] > git for-each-ref --sort -committerdate --format %(refname) %(objectname) %(*objectname) [16ms]
[2023-02-23T14:30:18.192Z] > git remote --verbose [4ms]
[2023-02-23T14:30:18.257Z] > git config --get commit.template [3ms]
[2023-02-23T14:30:23.301Z] > git status -z -uall [19ms]
[2023-02-23T14:30:23.318Z] > git symbolic-ref --short HEAD [3ms]
[2023-02-23T14:30:23.336Z] > git for-each-ref --format=%(refname)%00%(upstream:short)%00%(objectname)%00%(upstream:track)%00%(upstream:remotename)%00%(upstream:remoteref) refs/heads/main refs/remotes/main [4ms]
[2023-02-23T14:30:23.371Z] > git for-each-ref --sort -committerdate --format %(refname) %(objectname) %(*objectname) [16ms]
[2023-02-23T14:30:23.373Z] > git remote --verbose [4ms]
[2023-02-23T14:30:23.445Z] > git config --get commit.template [3ms]
[2023-02-23T14:30:28.493Z] > git status -z -uall [30ms]
[2023-02-23T14:30:28.516Z] > git symbolic-ref --short HEAD [4ms]
[2023-02-23T14:30:28.533Z] > git for-each-ref --format=%(refname)%00%(upstream:short)%00%(objectname)%00%(upstream:track)%00%(upstream:remotename)%00%(upstream:remoteref) refs/heads/main refs/remotes/main [3ms]
[2023-02-23T14:30:28.560Z] > git for-each-ref --sort -committerdate --format %(refname) %(objectname) %(*objectname) [16ms]
[2023-02-23T14:30:28.561Z] > git remote --verbose [4ms]
[2023-02-23T14:30:28.619Z] > git config --get commit.template [3ms]
[2023-02-23T14:30:33.678Z] > git status -z -uall [34ms]
[2023-02-23T14:30:33.697Z] > git symbolic-ref --short HEAD [2ms]
[2023-02-23T14:30:33.714Z] > git for-each-ref --format=%(refname)%00%(upstream:short)%00%(objectname)%00%(upstream:track)%00%(upstream:remotename)%00%(upstream:remoteref) refs/heads/main refs/remotes/main [3ms]
[2023-02-23T14:30:33.746Z] > git for-each-ref --sort -committerdate --format %(refname) %(objectname) %(*objectname) [17ms]
[2023-02-23T14:30:33.747Z] > git remote --verbose [3ms]
[2023-02-23T14:30:33.808Z] > git config --get commit.template [3ms]
[2023-02-23T14:30:38.895Z] > git status -z -uall [58ms]
[2023-02-23T14:30:38.926Z] > git symbolic-ref --short HEAD [5ms]
[2023-02-23T14:30:38.946Z] > git for-each-ref --format=%(refname)%00%(upstream:short)%00%(objectname)%00%(upstream:track)%00%(upstream:remotename)%00%(upstream:remoteref) refs/heads/main refs/remotes/main [5ms]
[2023-02-23T14:30:39.007Z] > git for-each-ref --sort -committerdate --format %(refname) %(objectname) %(*objectname) [41ms]
[2023-02-23T14:30:39.009Z] > git remote --verbose [6ms]
[2023-02-23T14:30:39.073Z] > git config --get commit.template [5ms]
[2023-02-23T14:30:44.172Z] > git status -z -uall [54ms]
[2023-02-23T14:30:44.237Z] > git symbolic-ref --short HEAD [17ms]
[2023-02-23T14:30:44.265Z] > git for-each-ref --format=%(refname)%00%(upstream:short)%00%(objectname)%00%(upstream:track)%00%(upstream:remotename)%00%(upstream:remoteref) refs/heads/main refs/remotes/main [5ms]
[2023-02-23T14:30:44.324Z] > git remote --verbose [7ms]
[2023-02-23T14:30:44.325Z] > git for-each-ref --sort -committerdate --format %(refname) %(objectname) %(*objectname) [29ms]
[2023-02-23T14:30:44.422Z] > git config --get commit.template [7ms]
[2023-02-23T14:30:49.499Z] > git status -z -uall [31ms]
[2023-02-23T14:30:49.611Z] > git symbolic-ref --short HEAD [91ms]
[2023-02-23T14:30:49.783Z] > git for-each-ref --format=%(refname)%00%(upstream:short)%00%(objectname)%00%(upstream:track)%00%(upstream:remotename)%00%(upstream:remoteref) refs/heads/main refs/remotes/main [155ms]
[2023-02-23T14:30:49.831Z] > git remote --verbose [16ms]
[2023-02-23T14:30:49.832Z] > git for-each-ref --sort -committerdate --format %(refname) %(objectname) %(*objectname) [32ms]
[2023-02-23T14:30:49.924Z] > git config --get commit.template [17ms]
[2023-02-23T14:31:23.974Z] > git status -z -uall [36ms]
[2023-02-23T14:31:23.992Z] > git symbolic-ref --short HEAD [4ms]
[2023-02-23T14:31:24.012Z] > git for-each-ref --format=%(refname)%00%(upstream:short)%00%(objectname)%00%(upstream:track)%00%(upstream:remotename)%00%(upstream:remoteref) refs/heads/main refs/remotes/main [3ms]
[2023-02-23T14:31:24.045Z] > git for-each-ref --sort -committerdate --format %(refname) %(objectname) %(*objectname) [17ms]
[2023-02-23T14:31:24.046Z] > git remote --verbose [4ms]
[2023-02-23T14:31:24.125Z] > git config --get commit.template [3ms]
[2023-02-23T14:31:29.182Z] > git status -z -uall [29ms]
[2023-02-23T14:31:29.201Z] > git symbolic-ref --short HEAD [4ms]
[2023-02-23T14:31:29.218Z] > git for-each-ref --format=%(refname)%00%(upstream:short)%00%(objectname)%00%(upstream:track)%00%(upstream:remotename)%00%(upstream:remoteref) refs/heads/main refs/remotes/main [4ms]
[2023-02-23T14:31:29.248Z] > git for-each-ref --sort -committerdate --format %(refname) %(objectname) %(*objectname) [15ms]
[2023-02-23T14:31:29.250Z] > git remote --verbose [5ms]
[2023-02-23T14:31:29.314Z] > git config --get commit.template [3ms]
[2023-02-23T14:31:34.370Z] > git status -z -uall [37ms]
[2023-02-23T14:31:34.393Z] > git symbolic-ref --short HEAD [7ms]
[2023-02-23T14:31:34.412Z] > git for-each-ref --format=%(refname)%00%(upstream:short)%00%(objectname)%00%(upstream:track)%00%(upstream:remotename)%00%(upstream:remoteref) refs/heads/main refs/remotes/main [4ms]
[2023-02-23T14:31:34.454Z] > git for-each-ref --sort -committerdate --format %(refname) %(objectname) %(*objectname) [17ms]
[2023-02-23T14:31:34.456Z] > git remote --verbose [4ms]
[2023-02-23T14:31:34.515Z] > git config --get commit.template [3ms]
[2023-02-23T14:31:39.571Z] > git status -z -uall [37ms]
[2023-02-23T14:31:39.591Z] > git symbolic-ref --short HEAD [4ms]
[2023-02-23T14:31:39.611Z] > git for-each-ref --format=%(refname)%00%(upstream:short)%00%(objectname)%00%(upstream:track)%00%(upstream:remotename)%00%(upstream:remoteref) refs/heads/main refs/remotes/main [4ms]
[2023-02-23T14:31:39.646Z] > git for-each-ref --sort -committerdate --format %(refname) %(objectname) %(*objectname) [18ms]
[2023-02-23T14:31:39.647Z] > git remote --verbose [5ms]
[2023-02-23T14:31:39.718Z] > git config --get commit.template [3ms]
[2023-02-23T14:32:57.532Z] > git status -z -uall [48ms]
[2023-02-23T14:32:57.554Z] > git symbolic-ref --short HEAD [4ms]
[2023-02-23T14:32:57.576Z] > git for-each-ref --format=%(refname)%00%(upstream:short)%00%(objectname)%00%(upstream:track)%00%(upstream:remotename)%00%(upstream:remoteref) refs/heads/main refs/remotes/main [2ms]
[2023-02-23T14:32:57.610Z] > git for-each-ref --sort -committerdate --format %(refname) %(objectname) %(*objectname) [19ms]
[2023-02-23T14:32:57.612Z] > git remote --verbose [6ms]
[2023-02-23T14:32:57.711Z] > git config --get commit.template [7ms]
[2023-02-23T14:33:02.777Z] > git status -z -uall [43ms]
[2023-02-23T14:33:02.804Z] > git symbolic-ref --short HEAD [8ms]
[2023-02-23T14:33:02.842Z] > git for-each-ref --format=%(refname)%00%(upstream:short)%00%(objectname)%00%(upstream:track)%00%(upstream:remotename)%00%(upstream:remoteref) refs/heads/main refs/remotes/main [5ms]
[2023-02-23T14:33:02.905Z] > git remote --verbose [4ms]
[2023-02-23T14:33:02.905Z] > git for-each-ref --sort -committerdate --format %(refname) %(objectname) %(*objectname) [42ms]
[2023-02-23T14:33:02.975Z] > git config --get commit.template [4ms]
[2023-02-23T14:33:08.028Z] > git status -z -uall [36ms]
[2023-02-23T14:33:08.046Z] > git symbolic-ref --short HEAD [4ms]
[2023-02-23T14:33:08.064Z] > git for-each-ref --format=%(refname)%00%(upstream:short)%00%(objectname)%00%(upstream:track)%00%(upstream:remotename)%00%(upstream:remoteref) refs/heads/main refs/remotes/main [4ms]
[2023-02-23T14:33:08.122Z] > git for-each-ref --sort -committerdate --format %(refname) %(objectname) %(*objectname) [35ms]
[2023-02-23T14:33:08.131Z] > git remote --verbose [15ms]
[2023-02-23T14:33:08.205Z] > git config --get commit.template [3ms]
[2023-02-23T14:33:13.265Z] > git status -z -uall [36ms]
[2023-02-23T14:33:13.288Z] > git symbolic-ref --short HEAD [3ms]
[2023-02-23T14:33:13.304Z] > git for-each-ref --format=%(refname)%00%(upstream:short)%00%(objectname)%00%(upstream:track)%00%(upstream:remotename)%00%(upstream:remoteref) refs/heads/main refs/remotes/main [3ms]
[2023-02-23T14:33:13.344Z] > git remote --verbose [4ms]
[2023-02-23T14:33:13.345Z] > git for-each-ref --sort -committerdate --format %(refname) %(objectname) %(*objectname) [24ms]
[2023-02-23T14:33:13.418Z] > git config --get commit.template [6ms]
[2023-02-23T14:33:18.467Z] > git status -z -uall [27ms]
[2023-02-23T14:33:18.493Z] > git symbolic-ref --short HEAD [3ms]
[2023-02-23T14:33:18.513Z] > git for-each-ref --format=%(refname)%00%(upstream:short)%00%(objectname)%00%(upstream:track)%00%(upstream:remotename)%00%(upstream:remoteref) refs/heads/main refs/remotes/main [4ms]
[2023-02-23T14:33:18.548Z] > git for-each-ref --sort -committerdate --format %(refname) %(objectname) %(*objectname) [18ms]
[2023-02-23T14:33:18.549Z] > git remote --verbose [4ms]
[2023-02-23T14:33:18.611Z] > git config --get commit.template [3ms]
[2023-02-23T14:33:22.715Z] > git show --textconv :Lezione2023.02.17/Gioco1.c [22ms]
[2023-02-23T14:33:22.717Z] > git ls-files --stage -- /home/admin/Lezione2023.02.17/Gioco1.c [4ms]
[2023-02-23T14:33:22.744Z] > git cat-file -s 23af52146cb82ac5e5625a3cfadbeb329816d6ab [6ms]
[2023-02-23T14:33:23.682Z] > git status -z -uall [43ms]
[2023-02-23T14:33:23.703Z] > git symbolic-ref --short HEAD [4ms]
[2023-02-23T14:33:23.727Z] > git for-each-ref --format=%(refname)%00%(upstream:short)%00%(objectname)%00%(upstream:track)%00%(upstream:remotename)%00%(upstream:remoteref) refs/heads/main refs/remotes/main [5ms]
[2023-02-23T14:33:23.761Z] > git for-each-ref --sort -committerdate --format %(refname) %(objectname) %(*objectname) [18ms]
[2023-02-23T14:33:23.762Z] > git remote --verbose [4ms]
[2023-02-23T14:33:23.821Z] > git config --get commit.template [3ms]
[2023-02-23T14:33:28.879Z] > git status -z -uall [37ms]
[2023-02-23T14:33:28.900Z] > git symbolic-ref --short HEAD [4ms]
[2023-02-23T14:33:28.920Z] > git for-each-ref --format=%(refname)%00%(upstream:short)%00%(objectname)%00%(upstream:track)%00%(upstream:remotename)%00%(upstream:remoteref) refs/heads/main refs/remotes/main [4ms]
[2023-02-23T14:33:28.958Z] > git for-each-ref --sort -committerdate --format %(refname) %(objectname) %(*objectname) [18ms]
[2023-02-23T14:33:28.960Z] > git remote --verbose [4ms]
[2023-02-23T14:33:29.041Z] > git config --get commit.template [2ms]
[2023-02-23T14:33:34.106Z] > git status -z -uall [42ms]
[2023-02-23T14:33:34.129Z] > git symbolic-ref --short HEAD [3ms]
[2023-02-23T14:33:34.154Z] > git for-each-ref --format=%(refname)%00%(upstream:short)%00%(objectname)%00%(upstream:track)%00%(upstream:remotename)%00%(upstream:remoteref) refs/heads/main refs/remotes/main [5ms]
[2023-02-23T14:33:34.191Z] > git for-each-ref --sort -committerdate --format %(refname) %(objectname) %(*objectname) [20ms]
[2023-02-23T14:33:34.192Z] > git remote --verbose [4ms]
[2023-02-23T14:33:34.261Z] > git config --get commit.template [11ms]
[2023-02-23T14:33:34.945Z] > git show --textconv :.vscode/launch.json [21ms]
[2023-02-23T14:33:34.948Z] > git ls-files --stage -- /home/admin/.vscode/launch.json [5ms]
[2023-02-23T14:33:34.970Z] > git cat-file -s 5c7247b40ad5ac8f6dd3e3ae09dacc1c9f116c93 [4ms]
[2023-02-23T14:33:39.314Z] > git status -z -uall [32ms]
[2023-02-23T14:33:39.338Z] > git symbolic-ref --short HEAD [4ms]
[2023-02-23T14:33:39.360Z] > git for-each-ref --format=%(refname)%00%(upstream:short)%00%(objectname)%00%(upstream:track)%00%(upstream:remotename)%00%(upstream:remoteref) refs/heads/main refs/remotes/main [4ms]
[2023-02-23T14:33:39.399Z] > git for-each-ref --sort -committerdate --format %(refname) %(objectname) %(*objectname) [21ms]
[2023-02-23T14:33:39.400Z] > git remote --verbose [5ms]
[2023-02-23T14:33:39.468Z] > git config --get commit.template [4ms]
[2023-02-23T14:33:48.151Z] > git show --textconv :.vscode/settings.json [22ms]
[2023-02-23T14:33:48.159Z] > git ls-files --stage -- /home/admin/.vscode/settings.json [10ms]
[2023-02-23T14:33:48.194Z] > git cat-file -s d8e579936082ba2506e57b4c77133c231f2179b6 [6ms]
[2023-02-23T14:33:53.374Z] > git status -z -uall [44ms]
[2023-02-23T14:33:53.402Z] > git symbolic-ref --short HEAD [5ms]
[2023-02-23T14:33:53.430Z] > git for-each-ref --format=%(refname)%00%(upstream:short)%00%(objectname)%00%(upstream:track)%00%(upstream:remotename)%00%(upstream:remoteref) refs/heads/main refs/remotes/main [11ms]
[2023-02-23T14:33:53.482Z] > git for-each-ref --sort -committerdate --format %(refname) %(objectname) %(*objectname) [27ms]
[2023-02-23T14:33:53.484Z] > git remote --verbose [10ms]
[2023-02-23T14:33:53.574Z] > git config --get commit.template [3ms]
[2023-02-23T14:33:57.254Z] > git show --textconv :.vscode/c.code-snippets [61ms]
[2023-02-23T14:33:57.270Z] > git ls-files --stage -- /home/admin/.vscode/c.code-snippets [19ms]
[2023-02-23T14:33:57.311Z] > git cat-file -s aebb5535a68ae3252ff2bf692adfc52887cb65eb [3ms]
[2023-02-23T14:33:58.650Z] > git status -z -uall [52ms]
[2023-02-23T14:33:58.680Z] > git symbolic-ref --short HEAD [5ms]
[2023-02-23T14:33:58.715Z] > git for-each-ref --format=%(refname)%00%(upstream:short)%00%(objectname)%00%(upstream:track)%00%(upstream:remotename)%00%(upstream:remoteref) refs/heads/main refs/remotes/main [5ms]
[2023-02-23T14:33:58.786Z] > git remote --verbose [17ms]
[2023-02-23T14:33:58.787Z] > git for-each-ref --sort -committerdate --format %(refname) %(objectname) %(*objectname) [47ms]
[2023-02-23T14:33:58.884Z] > git config --get commit.template [17ms]
[2023-02-23T14:33:59.902Z] > git show --textconv :.vscode/tasks.json [23ms]
[2023-02-23T14:33:59.904Z] > git ls-files --stage -- /home/admin/.vscode/tasks.json [4ms]
[2023-02-23T14:33:59.924Z] > git cat-file -s 08d9005bbbd76d06141502d56bdc880e9c7ef8cc [4ms]
[2023-02-23T14:34:01.072Z] > git show --textconv :.vscode/launch.json [19ms]
[2023-02-23T14:34:01.074Z] > git ls-files --stage -- /home/admin/.vscode/launch.json [4ms]
[2023-02-23T14:34:01.097Z] > git cat-file -s 5c7247b40ad5ac8f6dd3e3ae09dacc1c9f116c93 [3ms]
[2023-02-23T14:34:03.956Z] > git status -z -uall [34ms]
[2023-02-23T14:34:03.994Z] > git symbolic-ref --short HEAD [6ms]
[2023-02-23T14:34:04.027Z] > git for-each-ref --format=%(refname)%00%(upstream:short)%00%(objectname)%00%(upstream:track)%00%(upstream:remotename)%00%(upstream:remoteref) refs/heads/main refs/remotes/main [5ms]
[2023-02-23T14:34:04.074Z] > git for-each-ref --sort -committerdate --format %(refname) %(objectname) %(*objectname) [27ms]
[2023-02-23T14:34:04.075Z] > git remote --verbose [4ms]
[2023-02-23T14:34:04.152Z] > git config --get commit.template [6ms]
[2023-02-23T14:34:05.278Z] > git show --textconv :.vscode/tasks.json [36ms]
[2023-02-23T14:34:05.279Z] > git ls-files --stage -- /home/admin/.vscode/tasks.json [6ms]
[2023-02-23T14:34:05.329Z] > git cat-file -s 08d9005bbbd76d06141502d56bdc880e9c7ef8cc [18ms]
[2023-02-23T14:34:06.739Z] > git show --textconv :Lezione2023.02.17/Gioco1.c [18ms]
[2023-02-23T14:34:06.743Z] > git ls-files --stage -- /home/admin/Lezione2023.02.17/Gioco1.c [5ms]
[2023-02-23T14:34:06.776Z] > git cat-file -s 23af52146cb82ac5e5625a3cfadbeb329816d6ab [5ms]
[2023-02-23T14:34:09.217Z] > git status -z -uall [44ms]
[2023-02-23T14:34:09.243Z] > git symbolic-ref --short HEAD [4ms]
[2023-02-23T14:34:09.280Z] > git for-each-ref --format=%(refname)%00%(upstream:short)%00%(objectname)%00%(upstream:track)%00%(upstream:remotename)%00%(upstream:remoteref) refs/heads/main refs/remotes/main [4ms]
[2023-02-23T14:34:09.326Z] > git for-each-ref --sort -committerdate --format %(refname) %(objectname) %(*objectname) [23ms]
[2023-02-23T14:34:09.329Z] > git remote --verbose [7ms]
[2023-02-23T14:34:09.437Z] > git config --get commit.template [11ms]
[2023-02-23T14:34:14.513Z] > git status -z -uall [41ms]
[2023-02-23T14:34:14.537Z] > git symbolic-ref --short HEAD [3ms]
[2023-02-23T14:34:14.573Z] > git for-each-ref --format=%(refname)%00%(upstream:short)%00%(objectname)%00%(upstream:track)%00%(upstream:remotename)%00%(upstream:remoteref) refs/heads/main refs/remotes/main [11ms]
[2023-02-23T14:34:14.628Z] > git for-each-ref --sort -committerdate --format %(refname) %(objectname) %(*objectname) [29ms]
[2023-02-23T14:34:14.637Z] > git remote --verbose [11ms]
[2023-02-23T14:34:14.717Z] > git config --get commit.template [6ms]
[2023-02-23T14:34:19.791Z] > git status -z -uall [38ms]
[2023-02-23T14:34:19.815Z] > git symbolic-ref --short HEAD [4ms]
[2023-02-23T14:34:19.844Z] > git for-each-ref --format=%(refname)%00%(upstream:short)%00%(objectname)%00%(upstream:track)%00%(upstream:remotename)%00%(upstream:remoteref) refs/heads/main refs/remotes/main [4ms]
[2023-02-23T14:34:19.892Z] > git for-each-ref --sort -committerdate --format %(refname) %(objectname) %(*objectname) [25ms]
[2023-02-23T14:34:19.893Z] > git remote --verbose [3ms]
[2023-02-23T14:34:19.981Z] > git config --get commit.template [3ms]
[2023-02-23T14:34:21.509Z] > git show --textconv :.vscode/launch.json [22ms]
[2023-02-23T14:34:21.512Z] > git ls-files --stage -- /home/admin/.vscode/launch.json [5ms]
[2023-02-23T14:34:21.533Z] > git cat-file -s 5c7247b40ad5ac8f6dd3e3ae09dacc1c9f116c93 [4ms]
[2023-02-23T14:34:23.805Z] > git show --textconv :Lezione2023.02.17/Gioco1.c [20ms]
[2023-02-23T14:34:23.808Z] > git ls-files --stage -- /home/admin/Lezione2023.02.17/Gioco1.c [5ms]
[2023-02-23T14:34:23.831Z] > git cat-file -s 23af52146cb82ac5e5625a3cfadbeb329816d6ab [4ms]
[2023-02-23T14:34:25.051Z] > git status -z -uall [49ms]
[2023-02-23T14:34:25.085Z] > git symbolic-ref --short HEAD [2ms]
[2023-02-23T14:34:25.112Z] > git for-each-ref --format=%(refname)%00%(upstream:short)%00%(objectname)%00%(upstream:track)%00%(upstream:remotename)%00%(upstream:remoteref) refs/heads/main refs/remotes/main [7ms]
[2023-02-23T14:34:25.173Z] > git remote --verbose [15ms]
[2023-02-23T14:34:25.174Z] > git for-each-ref --sort -committerdate --format %(refname) %(objectname) %(*objectname) [37ms]
[2023-02-23T14:34:25.266Z] > git config --get commit.template [7ms]
[2023-02-23T14:34:30.340Z] > git status -z -uall [48ms]
[2023-02-23T14:34:30.373Z] > git symbolic-ref --short HEAD [2ms]
[2023-02-23T14:34:30.398Z] > git for-each-ref --format=%(refname)%00%(upstream:short)%00%(objectname)%00%(upstream:track)%00%(upstream:remotename)%00%(upstream:remoteref) refs/heads/main refs/remotes/main [4ms]
[2023-02-23T14:34:30.440Z] > git for-each-ref --sort -committerdate --format %(refname) %(objectname) %(*objectname) [23ms]
[2023-02-23T14:34:30.441Z] > git remote --verbose [7ms]
[2023-02-23T14:34:30.505Z] > git config --get commit.template [2ms]
[2023-02-23T14:34:35.561Z] > git status -z -uall [35ms]
[2023-02-23T14:34:35.584Z] > git symbolic-ref --short HEAD [4ms]
[2023-02-23T14:34:35.621Z] > git for-each-ref --format=%(refname)%00%(upstream:short)%00%(objectname)%00%(upstream:track)%00%(upstream:remotename)%00%(upstream:remoteref) refs/heads/main refs/remotes/main [10ms]
[2023-02-23T14:34:35.678Z] > git remote --verbose [10ms]
[2023-02-23T14:34:35.679Z] > git for-each-ref --sort -committerdate --format %(refname) %(objectname) %(*objectname) [37ms]
[2023-02-23T14:34:35.767Z] > git config --get commit.template [17ms]
[2023-02-23T14:34:40.821Z] > git status -z -uall [31ms]
[2023-02-23T14:34:40.846Z] > git symbolic-ref --short HEAD [3ms]
[2023-02-23T14:34:40.868Z] > git for-each-ref --format=%(refname)%00%(upstream:short)%00%(objectname)%00%(upstream:track)%00%(upstream:remotename)%00%(upstream:remoteref) refs/heads/main refs/remotes/main [4ms]
[2023-02-23T14:34:40.938Z] > git for-each-ref --sort -committerdate --format %(refname) %(objectname) %(*objectname) [32ms]
[2023-02-23T14:34:40.940Z] > git remote --verbose [14ms]
[2023-02-23T14:34:41.030Z] > git config --get commit.template [6ms]
[2023-02-23T14:36:27.872Z] > git status -z -uall [50ms]
[2023-02-23T14:36:27.909Z] > git symbolic-ref --short HEAD [14ms]
[2023-02-23T14:36:27.971Z] > git for-each-ref --format=%(refname)%00%(upstream:short)%00%(objectname)%00%(upstream:track)%00%(upstream:remotename)%00%(upstream:remoteref) refs/heads/main refs/remotes/main [23ms]
[2023-02-23T14:36:28.039Z] > git for-each-ref --sort -committerdate --format %(refname) %(objectname) %(*objectname) [37ms]
[2023-02-23T14:36:28.048Z] > git remote --verbose [15ms]
[2023-02-23T14:36:28.733Z] > git config --get commit.template [513ms]
[2023-02-23T14:36:33.821Z] > git status -z -uall [59ms]
[2023-02-23T14:36:33.872Z] > git symbolic-ref --short HEAD [12ms]
[2023-02-23T14:36:33.939Z] > git for-each-ref --format=%(refname)%00%(upstream:short)%00%(objectname)%00%(upstream:track)%00%(upstream:remotename)%00%(upstream:remoteref) refs/heads/main refs/remotes/main [39ms]
[2023-02-23T14:36:34.022Z] > git for-each-ref --sort -committerdate --format %(refname) %(objectname) %(*objectname) [47ms]
[2023-02-23T14:36:34.032Z] > git remote --verbose [29ms]
[2023-02-23T14:36:34.659Z] > git config --get commit.template [495ms]
[2023-02-23T14:36:39.714Z] > git status -z -uall [36ms]
[2023-02-23T14:36:39.734Z] > git symbolic-ref --short HEAD [2ms]
[2023-02-23T14:36:39.756Z] > git for-each-ref --format=%(refname)%00%(upstream:short)%00%(objectname)%00%(upstream:track)%00%(upstream:remotename)%00%(upstream:remoteref) refs/heads/main refs/remotes/main [3ms]
[2023-02-23T14:36:39.798Z] > git for-each-ref --sort -committerdate --format %(refname) %(objectname) %(*objectname) [17ms]
[2023-02-23T14:36:39.799Z] > git remote --verbose [4ms]
[2023-02-23T14:36:39.863Z] > git config --get commit.template [9ms]
[2023-02-23T14:36:44.928Z] > git status -z -uall [43ms]
[2023-02-23T14:36:45.053Z] > git symbolic-ref --short HEAD [48ms]
[2023-02-23T14:36:45.091Z] > git for-each-ref --format=%(refname)%00%(upstream:short)%00%(objectname)%00%(upstream:track)%00%(upstream:remotename)%00%(upstream:remoteref) refs/heads/main refs/remotes/main [7ms]
[2023-02-23T14:36:45.144Z] > git for-each-ref --sort -committerdate --format %(refname) %(objectname) %(*objectname) [34ms]
[2023-02-23T14:36:45.163Z] > git remote --verbose [24ms]
[2023-02-23T14:36:45.763Z] > git config --get commit.template [457ms]
[2023-02-23T14:36:50.846Z] > git status -z -uall [64ms]
[2023-02-23T14:36:50.918Z] > git symbolic-ref --short HEAD [19ms]
[2023-02-23T14:36:50.953Z] > git for-each-ref --format=%(refname)%00%(upstream:short)%00%(objectname)%00%(upstream:track)%00%(upstream:remotename)%00%(upstream:remoteref) refs/heads/main refs/remotes/main [15ms]
[2023-02-23T14:36:51.042Z] > git remote --verbose [23ms]
[2023-02-23T14:36:51.043Z] > git for-each-ref --sort -committerdate --format %(refname) %(objectname) %(*objectname) [71ms]
[2023-02-23T14:36:51.159Z] > git config --get commit.template [45ms]
[2023-02-23T14:36:55.700Z] > git show --textconv :Lezione2023.02.17/Gioco1.c [20ms]
[2023-02-23T14:36:55.703Z] > git ls-files --stage -- /home/admin/Lezione2023.02.17/Gioco1.c [5ms]
[2023-02-23T14:36:55.724Z] > git cat-file -s 23af52146cb82ac5e5625a3cfadbeb329816d6ab [4ms]
[2023-02-23T14:36:56.226Z] > git status -z -uall [43ms]
[2023-02-23T14:36:56.251Z] > git symbolic-ref --short HEAD [3ms]
[2023-02-23T14:36:56.271Z] > git for-each-ref --format=%(refname)%00%(upstream:short)%00%(objectname)%00%(upstream:track)%00%(upstream:remotename)%00%(upstream:remoteref) refs/heads/main refs/remotes/main [4ms]
[2023-02-23T14:36:56.307Z] > git for-each-ref --sort -committerdate --format %(refname) %(objectname) %(*objectname) [21ms]
[2023-02-23T14:36:56.308Z] > git remote --verbose [3ms]
[2023-02-23T14:36:56.378Z] > git config --get commit.template [2ms]
[2023-02-23T14:37:01.457Z] > git status -z -uall [44ms]
[2023-02-23T14:37:01.481Z] > git symbolic-ref --short HEAD [5ms]
[2023-02-23T14:37:01.514Z] > git for-each-ref --format=%(refname)%00%(upstream:short)%00%(objectname)%00%(upstream:track)%00%(upstream:remotename)%00%(upstream:remoteref) refs/heads/main refs/remotes/main [3ms]
[2023-02-23T14:37:01.560Z] > git remote --verbose [4ms]
[2023-02-23T14:37:01.561Z] > git for-each-ref --sort -committerdate --format %(refname) %(objectname) %(*objectname) [29ms]
[2023-02-23T14:37:01.654Z] > git config --get commit.template [2ms]
[2023-02-23T14:37:06.713Z] > git status -z -uall [35ms]
[2023-02-23T14:37:06.742Z] > git symbolic-ref --short HEAD [3ms]
[2023-02-23T14:37:06.805Z] > git for-each-ref --format=%(refname)%00%(upstream:short)%00%(objectname)%00%(upstream:track)%00%(upstream:remotename)%00%(upstream:remoteref) refs/heads/main refs/remotes/main [22ms]
[2023-02-23T14:37:06.916Z] > git remote --verbose [38ms]
[2023-02-23T14:37:06.923Z] > git for-each-ref --sort -committerdate --format %(refname) %(objectname) %(*objectname) [90ms]
[2023-02-23T14:37:07.525Z] > git config --get commit.template [517ms]
[2023-02-23T14:37:11.970Z] > git show --textconv :.vscode/launch.json [27ms]
[2023-02-23T14:37:11.974Z] > git ls-files --stage -- /home/admin/.vscode/launch.json [8ms]
[2023-02-23T14:37:11.998Z] > git cat-file -s 5c7247b40ad5ac8f6dd3e3ae09dacc1c9f116c93 [5ms]
[2023-02-23T14:37:12.581Z] > git status -z -uall [32ms]
[2023-02-23T14:37:12.604Z] > git symbolic-ref --short HEAD [3ms]
[2023-02-23T14:37:12.627Z] > git for-each-ref --format=%(refname)%00%(upstream:short)%00%(objectname)%00%(upstream:track)%00%(upstream:remotename)%00%(upstream:remoteref) refs/heads/main refs/remotes/main [4ms]
[2023-02-23T14:37:12.673Z] > git for-each-ref --sort -committerdate --format %(refname) %(objectname) %(*objectname) [26ms]
[2023-02-23T14:37:12.674Z] > git remote --verbose [9ms]
[2023-02-23T14:37:12.748Z] > git config --get commit.template [4ms]
[2023-02-23T14:37:23.124Z] > git show --textconv :Lezione2023.02.17/Gioco1.c [20ms]
[2023-02-23T14:37:23.126Z] > git ls-files --stage -- /home/admin/Lezione2023.02.17/Gioco1.c [4ms]
[2023-02-23T14:37:23.152Z] > git cat-file -s 23af52146cb82ac5e5625a3cfadbeb329816d6ab [4ms]
[2023-02-23T14:37:24.408Z] > git show --textconv :Lezione2023.02.17/Gioco1.c [25ms]
[2023-02-23T14:37:24.411Z] > git ls-files --stage -- /home/admin/Lezione2023.02.17/Gioco1.c [5ms]
[2023-02-23T14:37:24.433Z] > git cat-file -s 23af52146cb82ac5e5625a3cfadbeb329816d6ab [4ms]
[2023-02-23T14:37:35.029Z] > git status -z -uall [37ms]
[2023-02-23T14:37:35.053Z] > git symbolic-ref --short HEAD [3ms]
[2023-02-23T14:37:35.079Z] > git for-each-ref --format=%(refname)%00%(upstream:short)%00%(objectname)%00%(upstream:track)%00%(upstream:remotename)%00%(upstream:remoteref) refs/heads/main refs/remotes/main [4ms]
[2023-02-23T14:37:35.131Z] > git for-each-ref --sort -committerdate --format %(refname) %(objectname) %(*objectname) [32ms]
[2023-02-23T14:37:35.132Z] > git remote --verbose [4ms]
[2023-02-23T14:37:35.227Z] > git config --get commit.template [6ms]
[2023-02-23T14:37:40.286Z] > git status -z -uall [33ms]
[2023-02-23T14:37:40.309Z] > git symbolic-ref --short HEAD [3ms]
[2023-02-23T14:37:40.338Z] > git for-each-ref --format=%(refname)%00%(upstream:short)%00%(objectname)%00%(upstream:track)%00%(upstream:remotename)%00%(upstream:remoteref) refs/heads/main refs/remotes/main [6ms]
[2023-02-23T14:37:40.378Z] > git for-each-ref --sort -committerdate --format %(refname) %(objectname) %(*objectname) [23ms]
[2023-02-23T14:37:40.380Z] > git remote --verbose [5ms]
[2023-02-23T14:37:40.455Z] > git config --get commit.template [6ms]
[2023-02-23T14:37:45.512Z] > git status -z -uall [33ms]
[2023-02-23T14:37:45.533Z] > git symbolic-ref --short HEAD [3ms]
[2023-02-23T14:37:45.555Z] > git for-each-ref --format=%(refname)%00%(upstream:short)%00%(objectname)%00%(upstream:track)%00%(upstream:remotename)%00%(upstream:remoteref) refs/heads/main refs/remotes/main [4ms]
[2023-02-23T14:37:45.596Z] > git for-each-ref --sort -committerdate --format %(refname) %(objectname) %(*objectname) [21ms]
[2023-02-23T14:37:45.597Z] > git remote --verbose [3ms]
[2023-02-23T14:37:45.666Z] > git config --get commit.template [1ms]
[2023-02-23T14:37:50.724Z] > git status -z -uall [33ms]
[2023-02-23T14:37:50.747Z] > git symbolic-ref --short HEAD [4ms]
[2023-02-23T14:37:50.766Z] > git for-each-ref --format=%(refname)%00%(upstream:short)%00%(objectname)%00%(upstream:track)%00%(upstream:remotename)%00%(upstream:remoteref) refs/heads/main refs/remotes/main [3ms]
[2023-02-23T14:37:50.808Z] > git for-each-ref --sort -committerdate --format %(refname) %(objectname) %(*objectname) [23ms]
[2023-02-23T14:37:50.809Z] > git remote --verbose [4ms]
[2023-02-23T14:37:50.876Z] > git config --get commit.template [11ms]
[2023-02-23T14:38:01.085Z] > git status -z -uall [45ms]
[2023-02-23T14:38:01.107Z] > git symbolic-ref --short HEAD [4ms]
[2023-02-23T14:38:01.128Z] > git for-each-ref --format=%(refname)%00%(upstream:short)%00%(objectname)%00%(upstream:track)%00%(upstream:remotename)%00%(upstream:remoteref) refs/heads/main refs/remotes/main [4ms]
[2023-02-23T14:38:01.164Z] > git for-each-ref --sort -committerdate --format %(refname) %(objectname) %(*objectname) [18ms]
[2023-02-23T14:38:01.165Z] > git remote --verbose [4ms]
[2023-02-23T14:38:01.226Z] > git config --get commit.template [4ms]
[2023-02-23T14:38:06.293Z] > git status -z -uall [37ms]
[2023-02-23T14:38:06.315Z] > git symbolic-ref --short HEAD [4ms]
[2023-02-23T14:38:06.338Z] > git for-each-ref --format=%(refname)%00%(upstream:short)%00%(objectname)%00%(upstream:track)%00%(upstream:remotename)%00%(upstream:remoteref) refs/heads/main refs/remotes/main [4ms]
[2023-02-23T14:38:06.379Z] > git for-each-ref --sort -committerdate --format %(refname) %(objectname) %(*objectname) [22ms]
[2023-02-23T14:38:06.381Z] > git remote --verbose [6ms]
[2023-02-23T14:38:06.448Z] > git config --get commit.template [3ms]
[2023-02-23T14:38:11.510Z] > git status -z -uall [39ms]
[2023-02-23T14:38:11.536Z] > git symbolic-ref --short HEAD [6ms]
[2023-02-23T14:38:11.614Z] > git for-each-ref --format=%(refname)%00%(upstream:short)%00%(objectname)%00%(upstream:track)%00%(upstream:remotename)%00%(upstream:remoteref) refs/heads/main refs/remotes/main [29ms]
[2023-02-23T14:38:11.676Z] > git for-each-ref --sort -committerdate --format %(refname) %(objectname) %(*objectname) [32ms]
[2023-02-23T14:38:11.687Z] > git remote --verbose [18ms]
[2023-02-23T14:38:12.409Z] > git config --get commit.template [6ms]
[2023-02-23T14:39:04.812Z] > git status -z -uall [47ms]
[2023-02-23T14:39:04.834Z] > git symbolic-ref --short HEAD [5ms]
[2023-02-23T14:39:04.855Z] > git for-each-ref --format=%(refname)%00%(upstream:short)%00%(objectname)%00%(upstream:track)%00%(upstream:remotename)%00%(upstream:remoteref) refs/heads/main refs/remotes/main [2ms]
[2023-02-23T14:39:04.885Z] > git for-each-ref --sort -committerdate --format %(refname) %(objectname) %(*objectname) [16ms]
[2023-02-23T14:39:04.886Z] > git remote --verbose [4ms]
[2023-02-23T14:39:04.967Z] > git config --get commit.template [3ms]
[2023-02-23T14:39:10.024Z] > git status -z -uall [40ms]
[2023-02-23T14:39:10.045Z] > git symbolic-ref --short HEAD [3ms]
[2023-02-23T14:39:10.067Z] > git for-each-ref --format=%(refname)%00%(upstream:short)%00%(objectname)%00%(upstream:track)%00%(upstream:remotename)%00%(upstream:remoteref) refs/heads/main refs/remotes/main [4ms]
[2023-02-23T14:39:10.102Z] > git for-each-ref --sort -committerdate --format %(refname) %(objectname) %(*objectname) [23ms]
[2023-02-23T14:39:10.103Z] > git remote --verbose [3ms]
[2023-02-23T14:39:10.192Z] > git config --get commit.template [2ms]
[2023-02-23T14:39:15.012Z] > git check-ignore -v -z --stdin [4ms]
[2023-02-23T14:39:15.276Z] > git status -z -uall [41ms]
[2023-02-23T14:39:15.309Z] > git symbolic-ref --short HEAD [5ms]
[2023-02-23T14:39:15.331Z] > git for-each-ref --format=%(refname)%00%(upstream:short)%00%(objectname)%00%(upstream:track)%00%(upstream:remotename)%00%(upstream:remoteref) refs/heads/main refs/remotes/main [4ms]
[2023-02-23T14:39:15.394Z] > git remote --verbose [6ms]
[2023-02-23T14:39:15.396Z] > git for-each-ref --sort -committerdate --format %(refname) %(objectname) %(*objectname) [43ms]
[2023-02-23T14:39:16.100Z] > git config --get commit.template [547ms]
[2023-02-23T14:39:21.181Z] > git status -z -uall [48ms]
[2023-02-23T14:39:21.206Z] > git symbolic-ref --short HEAD [3ms]
[2023-02-23T14:39:21.228Z] > git for-each-ref --format=%(refname)%00%(upstream:short)%00%(objectname)%00%(upstream:track)%00%(upstream:remotename)%00%(upstream:remoteref) refs/heads/main refs/remotes/main [4ms]
[2023-02-23T14:39:21.269Z] > git for-each-ref --sort -committerdate --format %(refname) %(objectname) %(*objectname) [22ms]
[2023-02-23T14:39:21.271Z] > git remote --verbose [5ms]
[2023-02-23T14:39:21.352Z] > git config --get commit.template [5ms]
[2023-02-23T14:39:26.434Z] > git status -z -uall [51ms]
[2023-02-23T14:39:26.468Z] > git symbolic-ref --short HEAD [4ms]
[2023-02-23T14:39:26.489Z] > git for-each-ref --format=%(refname)%00%(upstream:short)%00%(objectname)%00%(upstream:track)%00%(upstream:remotename)%00%(upstream:remoteref) refs/heads/main refs/remotes/main [4ms]
[2023-02-23T14:39:26.538Z] > git for-each-ref --sort -committerdate --format %(refname) %(objectname) %(*objectname) [26ms]
[2023-02-23T14:39:26.539Z] > git remote --verbose [3ms]
[2023-02-23T14:39:26.598Z] > git config --get commit.template [2ms]
[2023-02-23T14:39:31.653Z] > git status -z -uall [31ms]
[2023-02-23T14:39:31.680Z] > git symbolic-ref --short HEAD [4ms]
[2023-02-23T14:39:31.717Z] > git for-each-ref --format=%(refname)%00%(upstream:short)%00%(objectname)%00%(upstream:track)%00%(upstream:remotename)%00%(upstream:remoteref) refs/heads/main refs/remotes/main [8ms]
[2023-02-23T14:39:31.779Z] > git remote --verbose [3ms]
[2023-02-23T14:39:31.780Z] > git for-each-ref --sort -committerdate --format %(refname) %(objectname) %(*objectname) [34ms]
[2023-02-23T14:39:31.852Z] > git config --get commit.template [4ms]
[2023-02-23T14:39:37.024Z] > git status -z -uall [136ms]
[2023-02-23T14:39:37.134Z] > git symbolic-ref --short HEAD [33ms]
[2023-02-23T14:39:37.188Z] > git for-each-ref --format=%(refname)%00%(upstream:short)%00%(objectname)%00%(upstream:track)%00%(upstream:remotename)%00%(upstream:remoteref) refs/heads/main refs/remotes/main [20ms]
[2023-02-23T14:39:37.253Z] > git for-each-ref --sort -committerdate --format %(refname) %(objectname) %(*objectname) [38ms]
[2023-02-23T14:39:37.288Z] > git remote --verbose [50ms]
[2023-02-23T14:39:37.995Z] > git config --get commit.template [9ms]
[2023-02-23T14:39:43.055Z] > git status -z -uall [36ms]
[2023-02-23T14:39:43.120Z] > git symbolic-ref --short HEAD [15ms]
[2023-02-23T14:39:43.165Z] > git for-each-ref --format=%(refname)%00%(upstream:short)%00%(objectname)%00%(upstream:track)%00%(upstream:remotename)%00%(upstream:remoteref) refs/heads/main refs/remotes/main [19ms]
[2023-02-23T14:39:43.255Z] > git remote --verbose [6ms]
[2023-02-23T14:39:43.256Z] > git for-each-ref --sort -committerdate --format %(refname) %(objectname) %(*objectname) [41ms]
[2023-02-23T14:39:44.014Z] > git config --get commit.template [8ms]
[2023-02-23T14:39:49.115Z] > git status -z -uall [73ms]
[2023-02-23T14:39:49.183Z] > git symbolic-ref --short HEAD [27ms]
[2023-02-23T14:39:49.222Z] > git for-each-ref --format=%(refname)%00%(upstream:short)%00%(objectname)%00%(upstream:track)%00%(upstream:remotename)%00%(upstream:remoteref) refs/heads/main refs/remotes/main [2ms]
[2023-02-23T14:39:49.298Z] > git remote --verbose [7ms]
[2023-02-23T14:39:49.308Z] > git for-each-ref --sort -committerdate --format %(refname) %(objectname) %(*objectname) [45ms]
[2023-02-23T14:39:49.453Z] > git config --get commit.template [3ms]
[2023-02-23T14:39:54.508Z] > git status -z -uall [34ms]
[2023-02-23T14:39:54.527Z] > git symbolic-ref --short HEAD [3ms]
[2023-02-23T14:39:54.547Z] > git for-each-ref --format=%(refname)%00%(upstream:short)%00%(objectname)%00%(upstream:track)%00%(upstream:remotename)%00%(upstream:remoteref) refs/heads/main refs/remotes/main [4ms]
[2023-02-23T14:39:54.592Z] > git for-each-ref --sort -committerdate --format %(refname) %(objectname) %(*objectname) [26ms]
[2023-02-23T14:39:54.593Z] > git remote --verbose [5ms]
[2023-02-23T14:39:54.668Z] > git config --get commit.template [7ms]
[2023-02-23T14:39:59.719Z] > git status -z -uall [29ms]
[2023-02-23T14:39:59.750Z] > git symbolic-ref --short HEAD [10ms]
[2023-02-23T14:39:59.771Z] > git for-each-ref --format=%(refname)%00%(upstream:short)%00%(objectname)%00%(upstream:track)%00%(upstream:remotename)%00%(upstream:remoteref) refs/heads/main refs/remotes/main [4ms]
[2023-02-23T14:39:59.810Z] > git for-each-ref --sort -committerdate --format %(refname) %(objectname) %(*objectname) [19ms]
[2023-02-23T14:39:59.812Z] > git remote --verbose [4ms]
[2023-02-23T14:39:59.880Z] > git config --get commit.template [4ms]
[2023-02-23T14:40:06.768Z] > git status -z -uall [39ms]
[2023-02-23T14:40:06.798Z] > git symbolic-ref --short HEAD [5ms]
[2023-02-23T14:40:06.821Z] > git for-each-ref --format=%(refname)%00%(upstream:short)%00%(objectname)%00%(upstream:track)%00%(upstream:remotename)%00%(upstream:remoteref) refs/heads/main refs/remotes/main [4ms]
[2023-02-23T14:40:06.865Z] > git remote --verbose [2ms]
[2023-02-23T14:40:06.866Z] > git for-each-ref --sort -committerdate --format %(refname) %(objectname) %(*objectname) [28ms]
[2023-02-23T14:40:06.934Z] > git config --get commit.template [4ms]
[2023-02-23T14:40:11.999Z] > git status -z -uall [40ms]
[2023-02-23T14:40:12.023Z] > git symbolic-ref --short HEAD [3ms]
[2023-02-23T14:40:12.049Z] > git for-each-ref --format=%(refname)%00%(upstream:short)%00%(objectname)%00%(upstream:track)%00%(upstream:remotename)%00%(upstream:remoteref) refs/heads/main refs/remotes/main [2ms]
[2023-02-23T14:40:12.092Z] > git for-each-ref --sort -committerdate --format %(refname) %(objectname) %(*objectname) [25ms]
[2023-02-23T14:40:12.098Z] > git remote --verbose [9ms]
[2023-02-23T14:40:12.203Z] > git config --get commit.template [6ms]
[2023-02-23T14:40:17.260Z] > git status -z -uall [38ms]
[2023-02-23T14:40:17.282Z] > git symbolic-ref --short HEAD [3ms]
[2023-02-23T14:40:17.305Z] > git for-each-ref --format=%(refname)%00%(upstream:short)%00%(objectname)%00%(upstream:track)%00%(upstream:remotename)%00%(upstream:remoteref) refs/heads/main refs/remotes/main [3ms]
[2023-02-23T14:40:17.350Z] > git for-each-ref --sort -committerdate --format %(refname) %(objectname) %(*objectname) [24ms]
[2023-02-23T14:40:17.352Z] > git remote --verbose [4ms]
[2023-02-23T14:40:17.420Z] > git config --get commit.template [9ms]
[2023-02-23T14:40:22.469Z] > git status -z -uall [27ms]
[2023-02-23T14:40:22.490Z] > git symbolic-ref --short HEAD [3ms]
[2023-02-23T14:40:22.512Z] > git for-each-ref --format=%(refname)%00%(upstream:short)%00%(objectname)%00%(upstream:track)%00%(upstream:remotename)%00%(upstream:remoteref) refs/heads/main refs/remotes/main [4ms]
[2023-02-23T14:40:22.551Z] > git for-each-ref --sort -committerdate --format %(refname) %(objectname) %(*objectname) [22ms]
[2023-02-23T14:40:22.552Z] > git remote --verbose [5ms]
[2023-02-23T14:40:22.619Z] > git config --get commit.template [7ms]
[2023-02-23T14:40:24.561Z] > git show --textconv :Lezione2023.02.23/11Tiangl.c [29ms]
[2023-02-23T14:40:24.563Z] > git ls-files --stage -- /home/admin/Lezione2023.02.23/11Tiangl.c [4ms]
[2023-02-23T14:40:24.594Z] > git cat-file -s 3c287ea8a79e8bab9c83e5b621bfa09f99e344ec [10ms]
[2023-02-23T14:40:27.682Z] > git status -z -uall [37ms]
[2023-02-23T14:40:27.703Z] > git symbolic-ref --short HEAD [4ms]
[2023-02-23T14:40:27.732Z] > git for-each-ref --format=%(refname)%00%(upstream:short)%00%(objectname)%00%(upstream:track)%00%(upstream:remotename)%00%(upstream:remoteref) refs/heads/main refs/remotes/main [13ms]
[2023-02-23T14:40:27.770Z] > git for-each-ref --sort -committerdate --format %(refname) %(objectname) %(*objectname) [17ms]
[2023-02-23T14:40:27.771Z] > git remote --verbose [3ms]
[2023-02-23T14:40:27.834Z] > git config --get commit.template [10ms]
[2023-02-23T14:40:29.436Z] > git show --textconv :Lezione2023.02.17/Gioco1.c [21ms]
[2023-02-23T14:40:29.441Z] > git ls-files --stage -- /home/admin/Lezione2023.02.17/Gioco1.c [7ms]
[2023-02-23T14:40:29.465Z] > git cat-file -s 23af52146cb82ac5e5625a3cfadbeb329816d6ab [5ms]
[2023-02-23T14:40:32.883Z] > git status -z -uall [28ms]
[2023-02-23T14:40:32.906Z] > git symbolic-ref --short HEAD [3ms]
[2023-02-23T14:40:32.935Z] > git for-each-ref --format=%(refname)%00%(upstream:short)%00%(objectname)%00%(upstream:track)%00%(upstream:remotename)%00%(upstream:remoteref) refs/heads/main refs/remotes/main [10ms]
[2023-02-23T14:40:32.974Z] > git for-each-ref --sort -committerdate --format %(refname) %(objectname) %(*objectname) [19ms]
[2023-02-23T14:40:32.975Z] > git remote --verbose [4ms]
[2023-02-23T14:40:33.055Z] > git config --get commit.template [6ms]
[2023-02-23T14:40:38.101Z] > git status -z -uall [25ms]
[2023-02-23T14:40:38.125Z] > git symbolic-ref --short HEAD [3ms]
[2023-02-23T14:40:38.145Z] > git for-each-ref --format=%(refname)%00%(upstream:short)%00%(objectname)%00%(upstream:track)%00%(upstream:remotename)%00%(upstream:remoteref) refs/heads/main refs/remotes/main [3ms]
[2023-02-23T14:40:38.183Z] > git for-each-ref --sort -committerdate --format %(refname) %(objectname) %(*objectname) [20ms]
[2023-02-23T14:40:38.184Z] > git remote --verbose [4ms]
[2023-02-23T14:40:38.255Z] > git config --get commit.template [10ms]
[2023-02-23T14:40:43.306Z] > git status -z -uall [32ms]
[2023-02-23T14:40:43.330Z] > git symbolic-ref --short HEAD [3ms]
[2023-02-23T14:40:43.353Z] > git for-each-ref --format=%(refname)%00%(upstream:short)%00%(objectname)%00%(upstream:track)%00%(upstream:remotename)%00%(upstream:remoteref) refs/heads/main refs/remotes/main [4ms]
[2023-02-23T14:40:43.391Z] > git for-each-ref --sort -committerdate --format %(refname) %(objectname) %(*objectname) [19ms]
[2023-02-23T14:40:43.392Z] > git remote --verbose [3ms]
[2023-02-23T14:40:43.472Z] > git config --get commit.template [4ms]
[2023-02-23T14:40:48.525Z] > git status -z -uall [33ms]
[2023-02-23T14:40:48.556Z] > git symbolic-ref --short HEAD [4ms]
[2023-02-23T14:40:48.580Z] > git for-each-ref --format=%(refname)%00%(upstream:short)%00%(objectname)%00%(upstream:track)%00%(upstream:remotename)%00%(upstream:remoteref) refs/heads/main refs/remotes/main [4ms]
[2023-02-23T14:40:48.622Z] > git for-each-ref --sort -committerdate --format %(refname) %(objectname) %(*objectname) [23ms]
[2023-02-23T14:40:48.625Z] > git remote --verbose [5ms]
[2023-02-23T14:40:48.686Z] > git config --get commit.template [2ms]
[2023-02-23T14:40:53.740Z] > git status -z -uall [32ms]
[2023-02-23T14:40:53.770Z] > git symbolic-ref --short HEAD [2ms]
[2023-02-23T14:40:53.838Z] > git for-each-ref --format=%(refname)%00%(upstream:short)%00%(objectname)%00%(upstream:track)%00%(upstream:remotename)%00%(upstream:remoteref) refs/heads/main refs/remotes/main [38ms]
[2023-02-23T14:40:53.946Z] > git remote --verbose [10ms]
[2023-02-23T14:40:53.947Z] > git for-each-ref --sort -committerdate --format %(refname) %(objectname) %(*objectname) [66ms]
[2023-02-23T14:40:54.593Z] > git config --get commit.template [7ms]
[2023-02-23T14:40:59.643Z] > git status -z -uall [29ms]
[2023-02-23T14:40:59.671Z] > git symbolic-ref --short HEAD [3ms]
[2023-02-23T14:40:59.693Z] > git for-each-ref --format=%(refname)%00%(upstream:short)%00%(objectname)%00%(upstream:track)%00%(upstream:remotename)%00%(upstream:remoteref) refs/heads/main refs/remotes/main [4ms]
[2023-02-23T14:40:59.735Z] > git for-each-ref --sort -committerdate --format %(refname) %(objectname) %(*objectname) [23ms]
[2023-02-23T14:40:59.736Z] > git remote --verbose [5ms]
[2023-02-23T14:40:59.798Z] > git config --get commit.template [3ms]
[2023-02-23T14:41:04.841Z] > git status -z -uall [26ms]
[2023-02-23T14:41:04.863Z] > git symbolic-ref --short HEAD [3ms]
[2023-02-23T14:41:04.896Z] > git for-each-ref --format=%(refname)%00%(upstream:short)%00%(objectname)%00%(upstream:track)%00%(upstream:remotename)%00%(upstream:remoteref) refs/heads/main refs/remotes/main [3ms]
[2023-02-23T14:41:04.954Z] > git remote --verbose [12ms]
[2023-02-23T14:41:04.955Z] > git for-each-ref --sort -committerdate --format %(refname) %(objectname) %(*objectname) [43ms]
[2023-02-23T14:41:05.020Z] > git config --get commit.template [4ms]
[2023-02-23T14:41:10.075Z] > git status -z -uall [31ms]
[2023-02-23T14:41:10.172Z] > git symbolic-ref --short HEAD [47ms]
[2023-02-23T14:41:10.213Z] > git for-each-ref --format=%(refname)%00%(upstream:short)%00%(objectname)%00%(upstream:track)%00%(upstream:remotename)%00%(upstream:remoteref) refs/heads/main refs/remotes/main [2ms]
[2023-02-23T14:41:10.267Z] > git for-each-ref --sort -committerdate --format %(refname) %(objectname) %(*objectname) [27ms]
[2023-02-23T14:41:10.294Z] > git remote --verbose [31ms]
[2023-02-23T14:41:10.428Z] > git config --get commit.template [50ms]
[2023-02-23T14:41:14.323Z] > git check-ignore -v -z --stdin [5ms]
[2023-02-23T14:41:15.483Z] > git status -z -uall [34ms]
[2023-02-23T14:41:15.506Z] > git symbolic-ref --short HEAD [3ms]
[2023-02-23T14:41:15.524Z] > git for-each-ref --format=%(refname)%00%(upstream:short)%00%(objectname)%00%(upstream:track)%00%(upstream:remotename)%00%(upstream:remoteref) refs/heads/main refs/remotes/main [3ms]
[2023-02-23T14:41:15.560Z] > git for-each-ref --sort -committerdate --format %(refname) %(objectname) %(*objectname) [19ms]
[2023-02-23T14:41:15.562Z] > git remote --verbose [4ms]
[2023-02-23T14:41:15.628Z] > git config --get commit.template [3ms]
[2023-02-23T14:41:21.509Z] > git status -z -uall [37ms]
[2023-02-23T14:41:21.533Z] > git symbolic-ref --short HEAD [3ms]
[2023-02-23T14:41:21.558Z] > git for-each-ref --format=%(refname)%00%(upstream:short)%00%(objectname)%00%(upstream:track)%00%(upstream:remotename)%00%(upstream:remoteref) refs/heads/main refs/remotes/main [4ms]
[2023-02-23T14:41:21.603Z] > git for-each-ref --sort -committerdate --format %(refname) %(objectname) %(*objectname) [23ms]
[2023-02-23T14:41:21.604Z] > git remote --verbose [5ms]
[2023-02-23T14:41:21.680Z] > git config --get commit.template [4ms]
[2023-02-23T14:41:26.777Z] > git status -z -uall [69ms]
[2023-02-23T14:41:26.892Z] > git symbolic-ref --short HEAD [22ms]
[2023-02-23T14:41:27.003Z] > git for-each-ref --format=%(refname)%00%(upstream:short)%00%(objectname)%00%(upstream:track)%00%(upstream:remotename)%00%(upstream:remoteref) refs/heads/main refs/remotes/main [32ms]
[2023-02-23T14:41:27.073Z] > git for-each-ref --sort -committerdate --format %(refname) %(objectname) %(*objectname) [28ms]
[2023-02-23T14:41:27.087Z] > git remote --verbose [19ms]
[2023-02-23T14:41:27.782Z] > git config --get commit.template [624ms]
[2023-02-23T14:41:32.836Z] > git status -z -uall [34ms]
[2023-02-23T14:41:32.857Z] > git symbolic-ref --short HEAD [3ms]
[2023-02-23T14:41:32.879Z] > git for-each-ref --format=%(refname)%00%(upstream:short)%00%(objectname)%00%(upstream:track)%00%(upstream:remotename)%00%(upstream:remoteref) refs/heads/main refs/remotes/main [4ms]
[2023-02-23T14:41:32.918Z] > git for-each-ref --sort -committerdate --format %(refname) %(objectname) %(*objectname) [20ms]
[2023-02-23T14:41:32.919Z] > git remote --verbose [4ms]
[2023-02-23T14:41:33.002Z] > git config --get commit.template [2ms]
[2023-02-23T14:41:38.057Z] > git status -z -uall [32ms]
[2023-02-23T14:41:38.103Z] > git symbolic-ref --short HEAD [25ms]
[2023-02-23T14:41:38.137Z] > git for-each-ref --format=%(refname)%00%(upstream:short)%00%(objectname)%00%(upstream:track)%00%(upstream:remotename)%00%(upstream:remoteref) refs/heads/main refs/remotes/main [9ms]
[2023-02-23T14:41:38.201Z] > git for-each-ref --sort -committerdate --format %(refname) %(objectname) %(*objectname) [39ms]
[2023-02-23T14:41:38.217Z] > git remote --verbose [20ms]
[2023-02-23T14:41:39.010Z] > git config --get commit.template [25ms]
[2023-02-23T14:41:44.068Z] > git status -z -uall [29ms]
[2023-02-23T14:41:44.095Z] > git symbolic-ref --short HEAD [4ms]
[2023-02-23T14:41:44.112Z] > git for-each-ref --format=%(refname)%00%(upstream:short)%00%(objectname)%00%(upstream:track)%00%(upstream:remotename)%00%(upstream:remoteref) refs/heads/main refs/remotes/main [3ms]
[2023-02-23T14:41:44.150Z] > git for-each-ref --sort -committerdate --format %(refname) %(objectname) %(*objectname) [21ms]
[2023-02-23T14:41:44.152Z] > git remote --verbose [5ms]
[2023-02-23T14:41:44.221Z] > git config --get commit.template [3ms]
[2023-02-23T14:41:49.283Z] > git status -z -uall [37ms]
[2023-02-23T14:41:49.378Z] > git symbolic-ref --short HEAD [16ms]
[2023-02-23T14:41:49.418Z] > git for-each-ref --format=%(refname)%00%(upstream:short)%00%(objectname)%00%(upstream:track)%00%(upstream:remotename)%00%(upstream:remoteref) refs/heads/main refs/remotes/main [18ms]
[2023-02-23T14:41:49.479Z] > git for-each-ref --sort -committerdate --format %(refname) %(objectname) %(*objectname) [39ms]
[2023-02-23T14:41:49.481Z] > git remote --verbose [7ms]
[2023-02-23T14:41:50.170Z] > git config --get commit.template [13ms]
[2023-02-23T14:41:51.799Z] > git check-ignore -v -z --stdin [3ms]
[2023-02-23T14:41:55.090Z] > git show --textconv :Lezione2023.02.23/11Tiangl.c [25ms]
[2023-02-23T14:41:55.092Z] > git ls-files --stage -- /home/admin/Lezione2023.02.23/11Tiangl.c [4ms]
[2023-02-23T14:41:55.115Z] > git cat-file -s 3c287ea8a79e8bab9c83e5b621bfa09f99e344ec [3ms]
[2023-02-23T14:41:55.224Z] > git status -z -uall [36ms]
[2023-02-23T14:41:55.246Z] > git symbolic-ref --short HEAD [3ms]
[2023-02-23T14:41:55.274Z] > git for-each-ref --format=%(refname)%00%(upstream:short)%00%(objectname)%00%(upstream:track)%00%(upstream:remotename)%00%(upstream:remoteref) refs/heads/main refs/remotes/main [4ms]
[2023-02-23T14:41:55.310Z] > git for-each-ref --sort -committerdate --format %(refname) %(objectname) %(*objectname) [19ms]
[2023-02-23T14:41:55.314Z] > git remote --verbose [8ms]
[2023-02-23T14:41:55.386Z] > git config --get commit.template [3ms]
[2023-02-23T14:41:57.614Z] > git check-ignore -v -z --stdin [5ms]
[2023-02-23T14:42:00.442Z] > git status -z -uall [36ms]
[2023-02-23T14:42:00.466Z] > git symbolic-ref --short HEAD [4ms]
[2023-02-23T14:42:00.488Z] > git for-each-ref --format=%(refname)%00%(upstream:short)%00%(objectname)%00%(upstream:track)%00%(upstream:remotename)%00%(upstream:remoteref) refs/heads/main refs/remotes/main [4ms]
[2023-02-23T14:42:00.522Z] > git for-each-ref --sort -committerdate --format %(refname) %(objectname) %(*objectname) [18ms]
[2023-02-23T14:42:00.523Z] > git remote --verbose [4ms]
[2023-02-23T14:42:00.579Z] > git config --get commit.template [3ms]
[2023-02-23T14:42:01.135Z] > git check-ignore -v -z --stdin [8ms]
[2023-02-23T14:42:03.414Z] > git check-ignore -v -z --stdin [9ms]
[2023-02-23T14:42:24.381Z] > git add -A -- . [19295ms]
[2023-02-23T14:42:26.011Z] > git show --textconv :.git/COMMIT_EDITMSG [39ms]
[2023-02-23T14:42:26.017Z] > git ls-files --stage -- /home/admin/.git/COMMIT_EDITMSG [8ms]
[2023-02-23T14:42:26.088Z] > git check-ignore -v -z --stdin [17ms]
[2023-02-23T14:42:26.314Z] > git ls-files --stage -- /home/admin/.git/COMMIT_EDITMSG [6ms]
[2023-02-23T14:42:37.609Z] > git ls-files --stage -- /home/admin/.git/COMMIT_EDITMSG [4ms]
[2023-02-23T14:42:37.875Z] > git show --textconv :.git/COMMIT_EDITMSG [3ms]
[2023-02-23T14:42:40.624Z] > git -c user.useConfigOnly=true commit --quiet [16220ms]
[2023-02-23T14:42:40.676Z] > git status -z -uall [36ms]
[2023-02-23T14:42:40.699Z] > git symbolic-ref --short HEAD [5ms]
[2023-02-23T14:42:40.720Z] > git for-each-ref --format=%(refname)%00%(upstream:short)%00%(objectname)%00%(upstream:track)%00%(upstream:remotename)%00%(upstream:remoteref) refs/heads/main refs/remotes/main [4ms]
[2023-02-23T14:42:40.758Z] > git for-each-ref --sort -committerdate --format %(refname) %(objectname) %(*objectname) [24ms]
[2023-02-23T14:42:40.759Z] > git remote --verbose [4ms]
[2023-02-23T14:42:40.815Z] > git config --get commit.template [10ms]
[2023-02-23T14:42:40.893Z] > git log --oneline --cherry main...main@{upstream} -- [42ms]
[2023-02-23T14:42:40.918Z] > git status -z -uall [49ms]
[2023-02-23T14:42:40.951Z] > git symbolic-ref --short HEAD [7ms]
[2023-02-23T14:42:40.974Z] > git for-each-ref --format=%(refname)%00%(upstream:short)%00%(objectname)%00%(upstream:track)%00%(upstream:remotename)%00%(upstream:remoteref) refs/heads/main refs/remotes/main [2ms]
[2023-02-23T14:42:41.009Z] > git for-each-ref --sort -committerdate --format %(refname) %(objectname) %(*objectname) [20ms]
[2023-02-23T14:42:41.013Z] > git remote --verbose [8ms]
[2023-02-23T14:42:41.043Z] > git config --get commit.template [3ms]
[2023-02-23T14:42:41.219Z] > git show --textconv :Lezione2023.02.23/11Tiangl.c [17ms]
[2023-02-23T14:42:41.222Z] > git ls-files --stage -- /home/admin/Lezione2023.02.23/11Tiangl.c [5ms]
[2023-02-23T14:42:41.242Z] > git cat-file -s 4d2c401fe8da0eccdd6e8817a063cb446474d9f0 [3ms]
[2023-02-23T14:42:41.511Z] > git ls-files --stage -- /home/admin/Lezione2023.02.23/11Tiangl.c [4ms]
[2023-02-23T14:42:41.532Z] > git pull --tags C_Class1 main [616ms]
[2023-02-23T14:42:41.532Z] From https://github.com/LucaCraft89/C_Class1
 * branch            main       -> FETCH_HEAD
[2023-02-23T14:42:41.548Z] > git cat-file -s 4d2c401fe8da0eccdd6e8817a063cb446474d9f0 [20ms]
[2023-02-23T14:42:41.866Z] > git check-ignore -v -z --stdin [5ms]
[2023-02-23T14:42:43.230Z] > git ls-files --stage -- /home/admin/Lezione2023.02.23/11Tiangl.c [4ms]
[2023-02-23T14:42:43.250Z] > git cat-file -s 4d2c401fe8da0eccdd6e8817a063cb446474d9f0 [3ms]
[2023-02-23T14:42:43.520Z] > git show --textconv :Lezione2023.02.23/11Tiangl.c [5ms]
