[2023-02-24T08:15:55.514Z] Log level: Info
[2023-02-24T08:15:55.540Z] [info] Validating found git in: git
[2023-02-24T08:15:55.846Z] [info] Using git 2.34.1 from git
[2023-02-24T08:15:55.917Z] > git rev-parse --show-toplevel [22ms]
[2023-02-24T08:15:55.949Z] > git rev-parse --git-dir --git-common-dir [6ms]
[2023-02-24T08:15:55.978Z] [info] Open repository: /home/admin
[2023-02-24T08:15:56.028Z] > git rev-parse --show-toplevel [13ms]
[2023-02-24T08:15:56.052Z] > git status -z -uall [49ms]
[2023-02-24T08:15:56.065Z] > git rev-parse --show-toplevel [24ms]
[2023-02-24T08:15:56.087Z] > git rev-parse --show-toplevel [6ms]
[2023-02-24T08:15:56.102Z] > git symbolic-ref --short HEAD [38ms]
[2023-02-24T08:15:56.123Z] > git rev-parse --show-toplevel [25ms]
[2023-02-24T08:15:56.137Z] > git for-each-ref --format=%(refname)%00%(upstream:short)%00%(objectname)%00%(upstream:track)%00%(upstream:remotename)%00%(upstream:remoteref) refs/heads/main refs/remotes/main [21ms]
[2023-02-24T08:15:56.179Z] > git remote --verbose [21ms]
[2023-02-24T08:15:56.180Z] > git for-each-ref --sort -committerdate --format %(refname) %(objectname) %(*objectname) [33ms]
[2023-02-24T08:15:56.212Z] > git rev-parse --show-toplevel [78ms]
[2023-02-24T08:15:56.242Z] > git rev-parse --show-toplevel [19ms]
[2023-02-24T08:15:56.256Z] > git config --get commit.template [22ms]
[2023-02-24T08:15:56.273Z] > git rev-parse --show-toplevel [20ms]
[2023-02-24T08:15:56.312Z] > git rev-parse --show-toplevel [25ms]
[2023-02-24T08:15:56.326Z] > git status -z -uall [56ms]
[2023-02-24T08:15:56.350Z] > git rev-parse --show-toplevel [27ms]
[2023-02-24T08:15:56.366Z] > git symbolic-ref --short HEAD [26ms]
[2023-02-24T08:15:56.961Z] > git for-each-ref --format=%(refname)%00%(upstream:short)%00%(objectname)%00%(upstream:track)%00%(upstream:remotename)%00%(upstream:remoteref) refs/heads/main refs/remotes/main [584ms]
[2023-02-24T08:15:57.532Z] > git remote --verbose [535ms]
[2023-02-24T08:15:57.533Z] > git for-each-ref --sort -committerdate --format %(refname) %(objectname) %(*objectname) [556ms]
[2023-02-24T08:15:57.704Z] > git config --get commit.template [71ms]
[2023-02-24T08:15:58.327Z] > git check-ignore -v -z --stdin [28ms]
[2023-02-24T08:15:59.272Z] > git check-ignore -v -z --stdin [18ms]
[2023-02-24T08:15:59.480Z] > git show --textconv :Lezione2023.02.23/11Tiangl.c [74ms]
[2023-02-24T08:15:59.493Z] > git ls-files --stage -- /home/admin/Lezione2023.02.23/11Tiangl.c [56ms]
[2023-02-24T08:15:59.542Z] > git cat-file -s 19e01abb087c7f69a8d05b635f93a0c59d8d3000 [32ms]
[2023-02-24T08:16:01.214Z] > git status -z -uall [54ms]
[2023-02-24T08:16:01.247Z] > git symbolic-ref --short HEAD [19ms]
[2023-02-24T08:16:01.419Z] > git for-each-ref --format=%(refname)%00%(upstream:short)%00%(objectname)%00%(upstream:track)%00%(upstream:remotename)%00%(upstream:remoteref) refs/heads/main refs/remotes/main [159ms]
[2023-02-24T08:16:01.481Z] > git remote --verbose [15ms]
[2023-02-24T08:16:01.482Z] > git for-each-ref --sort -committerdate --format %(refname) %(objectname) %(*objectname) [46ms]
[2023-02-24T08:16:01.518Z] > git config --get commit.template [3ms]
[2023-02-24T08:16:02.813Z] > git check-ignore -v -z --stdin [5ms]
[2023-02-24T08:16:13.666Z] > git status -z -uall [84ms]
[2023-02-24T08:16:13.690Z] > git symbolic-ref --short HEAD [5ms]
[2023-02-24T08:16:13.714Z] > git for-each-ref --format=%(refname)%00%(upstream:short)%00%(objectname)%00%(upstream:track)%00%(upstream:remotename)%00%(upstream:remoteref) refs/heads/main refs/remotes/main [3ms]
[2023-02-24T08:16:13.801Z] > git for-each-ref --sort -committerdate --format %(refname) %(objectname) %(*objectname) [33ms]
[2023-02-24T08:16:13.821Z] > git remote --verbose [26ms]
[2023-02-24T08:16:13.857Z] > git config --get commit.template [6ms]
[2023-02-24T08:16:14.821Z] > git check-ignore -v -z --stdin [17ms]
[2023-02-24T08:16:17.111Z] > git check-ignore -v -z --stdin [8ms]
[2023-02-24T08:16:18.947Z] > git status -z -uall [74ms]
[2023-02-24T08:16:18.977Z] > git symbolic-ref --short HEAD [3ms]
[2023-02-24T08:16:18.997Z] > git for-each-ref --format=%(refname)%00%(upstream:short)%00%(objectname)%00%(upstream:track)%00%(upstream:remotename)%00%(upstream:remoteref) refs/heads/main refs/remotes/main [6ms]
[2023-02-24T08:16:19.027Z] > git for-each-ref --sort -committerdate --format %(refname) %(objectname) %(*objectname) [15ms]
[2023-02-24T08:16:19.028Z] > git remote --verbose [4ms]
[2023-02-24T08:16:19.055Z] > git config --get commit.template [3ms]
[2023-02-24T08:16:21.773Z] > git show --textconv :README.md [19ms]
[2023-02-24T08:16:21.777Z] > git ls-files --stage -- /home/admin/README.md [6ms]
[2023-02-24T08:16:21.797Z] > git cat-file -s 392c038d9147f098612c26a879bce4e8b00613ac [5ms]
[2023-02-24T08:16:25.872Z] > git status -z -uall [78ms]
[2023-02-24T08:16:25.889Z] > git symbolic-ref --short HEAD [3ms]
[2023-02-24T08:16:25.911Z] > git for-each-ref --format=%(refname)%00%(upstream:short)%00%(objectname)%00%(upstream:track)%00%(upstream:remotename)%00%(upstream:remoteref) refs/heads/main refs/remotes/main [8ms]
[2023-02-24T08:16:25.941Z] > git for-each-ref --sort -committerdate --format %(refname) %(objectname) %(*objectname) [15ms]
[2023-02-24T08:16:25.943Z] > git remote --verbose [4ms]
[2023-02-24T08:16:25.968Z] > git config --get commit.template [3ms]
[2023-02-24T08:16:31.053Z] > git status -z -uall [69ms]
[2023-02-24T08:16:31.085Z] > git symbolic-ref --short HEAD [17ms]
[2023-02-24T08:16:31.109Z] > git for-each-ref --format=%(refname)%00%(upstream:short)%00%(objectname)%00%(upstream:track)%00%(upstream:remotename)%00%(upstream:remoteref) refs/heads/main refs/remotes/main [7ms]
[2023-02-24T08:16:31.139Z] > git for-each-ref --sort -committerdate --format %(refname) %(objectname) %(*objectname) [16ms]
[2023-02-24T08:16:31.141Z] > git remote --verbose [6ms]
[2023-02-24T08:16:31.167Z] > git config --get commit.template [3ms]
[2023-02-24T08:16:40.770Z] > git status -z -uall [80ms]
[2023-02-24T08:16:40.789Z] > git symbolic-ref --short HEAD [3ms]
[2023-02-24T08:16:40.809Z] > git for-each-ref --format=%(refname)%00%(upstream:short)%00%(objectname)%00%(upstream:track)%00%(upstream:remotename)%00%(upstream:remoteref) refs/heads/main refs/remotes/main [4ms]
[2023-02-24T08:16:40.856Z] > git for-each-ref --sort -committerdate --format %(refname) %(objectname) %(*objectname) [34ms]
[2023-02-24T08:16:40.857Z] > git remote --verbose [23ms]
[2023-02-24T08:16:40.881Z] > git config --get commit.template [4ms]
[2023-02-24T08:16:48.812Z] > git status -z -uall [82ms]
[2023-02-24T08:16:48.834Z] > git symbolic-ref --short HEAD [5ms]
[2023-02-24T08:16:48.905Z] > git for-each-ref --format=%(refname)%00%(upstream:short)%00%(objectname)%00%(upstream:track)%00%(upstream:remotename)%00%(upstream:remoteref) refs/heads/main refs/remotes/main [14ms]
[2023-02-24T08:16:49.010Z] > git for-each-ref --sort -committerdate --format %(refname) %(objectname) %(*objectname) [62ms]
[2023-02-24T08:16:49.016Z] > git remote --verbose [15ms]
[2023-02-24T08:16:49.055Z] > git config --get commit.template [7ms]
[2023-02-24T08:16:54.148Z] > git status -z -uall [74ms]
[2023-02-24T08:16:54.167Z] > git symbolic-ref --short HEAD [3ms]
[2023-02-24T08:16:54.186Z] > git for-each-ref --format=%(refname)%00%(upstream:short)%00%(objectname)%00%(upstream:track)%00%(upstream:remotename)%00%(upstream:remoteref) refs/heads/main refs/remotes/main [4ms]
[2023-02-24T08:16:54.220Z] > git for-each-ref --sort -committerdate --format %(refname) %(objectname) %(*objectname) [15ms]
[2023-02-24T08:16:54.222Z] > git remote --verbose [5ms]
[2023-02-24T08:16:54.247Z] > git config --get commit.template [4ms]
[2023-02-24T08:17:06.845Z] > git status -z -uall [90ms]
[2023-02-24T08:17:06.864Z] > git symbolic-ref --short HEAD [4ms]
[2023-02-24T08:17:06.883Z] > git for-each-ref --format=%(refname)%00%(upstream:short)%00%(objectname)%00%(upstream:track)%00%(upstream:remotename)%00%(upstream:remoteref) refs/heads/main refs/remotes/main [6ms]
[2023-02-24T08:17:06.918Z] > git for-each-ref --sort -committerdate --format %(refname) %(objectname) %(*objectname) [18ms]
[2023-02-24T08:17:06.919Z] > git remote --verbose [4ms]
[2023-02-24T08:17:06.947Z] > git config --get commit.template [5ms]
[2023-02-24T08:17:12.031Z] > git status -z -uall [67ms]
[2023-02-24T08:17:12.057Z] > git symbolic-ref --short HEAD [3ms]
[2023-02-24T08:17:12.082Z] > git for-each-ref --format=%(refname)%00%(upstream:short)%00%(objectname)%00%(upstream:track)%00%(upstream:remotename)%00%(upstream:remoteref) refs/heads/main refs/remotes/main [5ms]
[2023-02-24T08:17:12.121Z] > git for-each-ref --sort -committerdate --format %(refname) %(objectname) %(*objectname) [22ms]
[2023-02-24T08:17:12.123Z] > git remote --verbose [3ms]
[2023-02-24T08:17:12.148Z] > git config --get commit.template [6ms]
[2023-02-24T08:17:26.837Z] > git status -z -uall [72ms]
[2023-02-24T08:17:26.856Z] > git symbolic-ref --short HEAD [4ms]
[2023-02-24T08:17:26.871Z] > git for-each-ref --format=%(refname)%00%(upstream:short)%00%(objectname)%00%(upstream:track)%00%(upstream:remotename)%00%(upstream:remoteref) refs/heads/main refs/remotes/main [4ms]
[2023-02-24T08:17:26.903Z] > git for-each-ref --sort -committerdate --format %(refname) %(objectname) %(*objectname) [16ms]
[2023-02-24T08:17:26.905Z] > git remote --verbose [4ms]
[2023-02-24T08:17:26.930Z] > git config --get commit.template [3ms]
[2023-02-24T08:17:49.846Z] > git status -z -uall [82ms]
[2023-02-24T08:17:49.862Z] > git symbolic-ref --short HEAD [3ms]
[2023-02-24T08:17:49.885Z] > git for-each-ref --format=%(refname)%00%(upstream:short)%00%(objectname)%00%(upstream:track)%00%(upstream:remotename)%00%(upstream:remoteref) refs/heads/main refs/remotes/main [7ms]
[2023-02-24T08:17:49.916Z] > git remote --verbose [2ms]
[2023-02-24T08:17:49.916Z] > git for-each-ref --sort -committerdate --format %(refname) %(objectname) %(*objectname) [16ms]
[2023-02-24T08:17:49.946Z] > git config --get commit.template [3ms]
[2023-02-24T08:17:55.063Z] > git status -z -uall [95ms]
[2023-02-24T08:17:55.089Z] > git symbolic-ref --short HEAD [3ms]
[2023-02-24T08:17:55.110Z] > git for-each-ref --format=%(refname)%00%(upstream:short)%00%(objectname)%00%(upstream:track)%00%(upstream:remotename)%00%(upstream:remoteref) refs/heads/main refs/remotes/main [7ms]
[2023-02-24T08:17:55.141Z] > git for-each-ref --sort -committerdate --format %(refname) %(objectname) %(*objectname) [18ms]
[2023-02-24T08:17:55.144Z] > git remote --verbose [8ms]
[2023-02-24T08:17:55.167Z] > git config --get commit.template [3ms]
[2023-02-24T08:18:22.844Z] > git status -z -uall [65ms]
[2023-02-24T08:18:22.861Z] > git symbolic-ref --short HEAD [3ms]
[2023-02-24T08:18:22.881Z] > git for-each-ref --format=%(refname)%00%(upstream:short)%00%(objectname)%00%(upstream:track)%00%(upstream:remotename)%00%(upstream:remoteref) refs/heads/main refs/remotes/main [5ms]
[2023-02-24T08:18:22.913Z] > git for-each-ref --sort -committerdate --format %(refname) %(objectname) %(*objectname) [16ms]
[2023-02-24T08:18:22.915Z] > git remote --verbose [5ms]
[2023-02-24T08:18:22.935Z] > git config --get commit.template [3ms]
[2023-02-24T08:18:28.024Z] > git status -z -uall [73ms]
[2023-02-24T08:18:28.042Z] > git symbolic-ref --short HEAD [4ms]
[2023-02-24T08:18:28.060Z] > git for-each-ref --format=%(refname)%00%(upstream:short)%00%(objectname)%00%(upstream:track)%00%(upstream:remotename)%00%(upstream:remoteref) refs/heads/main refs/remotes/main [6ms]
[2023-02-24T08:18:28.091Z] > git for-each-ref --sort -committerdate --format %(refname) %(objectname) %(*objectname) [17ms]
[2023-02-24T08:18:28.093Z] > git remote --verbose [6ms]
[2023-02-24T08:18:28.116Z] > git config --get commit.template [4ms]
[2023-02-24T08:18:33.220Z] > git status -z -uall [87ms]
[2023-02-24T08:18:33.240Z] > git symbolic-ref --short HEAD [5ms]
[2023-02-24T08:18:33.259Z] > git for-each-ref --format=%(refname)%00%(upstream:short)%00%(objectname)%00%(upstream:track)%00%(upstream:remotename)%00%(upstream:remoteref) refs/heads/main refs/remotes/main [6ms]
[2023-02-24T08:18:33.295Z] > git for-each-ref --sort -committerdate --format %(refname) %(objectname) %(*objectname) [22ms]
[2023-02-24T08:18:33.296Z] > git remote --verbose [4ms]
[2023-02-24T08:18:33.317Z] > git config --get commit.template [4ms]
[2023-02-24T08:18:38.429Z] > git status -z -uall [94ms]
[2023-02-24T08:18:38.449Z] > git symbolic-ref --short HEAD [2ms]
[2023-02-24T08:18:38.467Z] > git for-each-ref --format=%(refname)%00%(upstream:short)%00%(objectname)%00%(upstream:track)%00%(upstream:remotename)%00%(upstream:remoteref) refs/heads/main refs/remotes/main [3ms]
[2023-02-24T08:18:38.509Z] > git for-each-ref --sort -committerdate --format %(refname) %(objectname) %(*objectname) [29ms]
[2023-02-24T08:18:38.510Z] > git remote --verbose [16ms]
[2023-02-24T08:18:38.531Z] > git config --get commit.template [3ms]
[2023-02-24T08:18:43.654Z] > git status -z -uall [93ms]
[2023-02-24T08:18:43.674Z] > git symbolic-ref --short HEAD [1ms]
[2023-02-24T08:18:43.700Z] > git for-each-ref --format=%(refname)%00%(upstream:short)%00%(objectname)%00%(upstream:track)%00%(upstream:remotename)%00%(upstream:remoteref) refs/heads/main refs/remotes/main [7ms]
[2023-02-24T08:18:43.737Z] > git for-each-ref --sort -committerdate --format %(refname) %(objectname) %(*objectname) [15ms]
[2023-02-24T08:18:43.738Z] > git remote --verbose [4ms]
[2023-02-24T08:18:43.766Z] > git config --get commit.template [4ms]
[2023-02-24T08:18:48.865Z] > git status -z -uall [81ms]
[2023-02-24T08:18:48.883Z] > git symbolic-ref --short HEAD [3ms]
[2023-02-24T08:18:48.899Z] > git for-each-ref --format=%(refname)%00%(upstream:short)%00%(objectname)%00%(upstream:track)%00%(upstream:remotename)%00%(upstream:remoteref) refs/heads/main refs/remotes/main [4ms]
[2023-02-24T08:18:48.925Z] > git for-each-ref --sort -committerdate --format %(refname) %(objectname) %(*objectname) [13ms]
[2023-02-24T08:18:48.926Z] > git remote --verbose [3ms]
[2023-02-24T08:18:48.950Z] > git config --get commit.template [3ms]
[2023-02-24T08:18:54.053Z] > git status -z -uall [85ms]
[2023-02-24T08:18:54.072Z] > git symbolic-ref --short HEAD [3ms]
[2023-02-24T08:18:54.094Z] > git for-each-ref --format=%(refname)%00%(upstream:short)%00%(objectname)%00%(upstream:track)%00%(upstream:remotename)%00%(upstream:remoteref) refs/heads/main refs/remotes/main [5ms]
[2023-02-24T08:18:54.131Z] > git for-each-ref --sort -committerdate --format %(refname) %(objectname) %(*objectname) [18ms]
[2023-02-24T08:18:54.132Z] > git remote --verbose [4ms]
[2023-02-24T08:18:54.158Z] > git config --get commit.template [3ms]
[2023-02-24T08:19:05.944Z] > git status -z -uall [69ms]
[2023-02-24T08:19:05.969Z] > git symbolic-ref --short HEAD [4ms]
[2023-02-24T08:19:05.987Z] > git for-each-ref --format=%(refname)%00%(upstream:short)%00%(objectname)%00%(upstream:track)%00%(upstream:remotename)%00%(upstream:remoteref) refs/heads/main refs/remotes/main [5ms]
[2023-02-24T08:19:06.016Z] > git for-each-ref --sort -committerdate --format %(refname) %(objectname) %(*objectname) [17ms]
[2023-02-24T08:19:06.017Z] > git remote --verbose [4ms]
[2023-02-24T08:19:06.037Z] > git config --get commit.template [3ms]
[2023-02-24T08:19:11.144Z] > git status -z -uall [92ms]
[2023-02-24T08:19:11.165Z] > git symbolic-ref --short HEAD [4ms]
[2023-02-24T08:19:11.185Z] > git for-each-ref --format=%(refname)%00%(upstream:short)%00%(objectname)%00%(upstream:track)%00%(upstream:remotename)%00%(upstream:remoteref) refs/heads/main refs/remotes/main [3ms]
[2023-02-24T08:19:11.216Z] > git remote --verbose [3ms]
[2023-02-24T08:19:11.217Z] > git for-each-ref --sort -committerdate --format %(refname) %(objectname) %(*objectname) [19ms]
[2023-02-24T08:19:11.243Z] > git config --get commit.template [4ms]
[2023-02-24T08:19:41.976Z] > git status -z -uall [100ms]
[2023-02-24T08:19:41.994Z] > git symbolic-ref --short HEAD [3ms]
[2023-02-24T08:19:42.014Z] > git for-each-ref --format=%(refname)%00%(upstream:short)%00%(objectname)%00%(upstream:track)%00%(upstream:remotename)%00%(upstream:remoteref) refs/heads/main refs/remotes/main [6ms]
[2023-02-24T08:19:42.047Z] > git for-each-ref --sort -committerdate --format %(refname) %(objectname) %(*objectname) [19ms]
[2023-02-24T08:19:42.049Z] > git remote --verbose [5ms]
[2023-02-24T08:19:42.088Z] > git config --get commit.template [10ms]
[2023-02-24T08:19:54.050Z] > git status -z -uall [68ms]
[2023-02-24T08:19:54.069Z] > git symbolic-ref --short HEAD [5ms]
[2023-02-24T08:19:54.163Z] > git for-each-ref --format=%(refname)%00%(upstream:short)%00%(objectname)%00%(upstream:track)%00%(upstream:remotename)%00%(upstream:remoteref) refs/heads/main refs/remotes/main [25ms]
[2023-02-24T08:19:54.263Z] > git for-each-ref --sort -committerdate --format %(refname) %(objectname) %(*objectname) [20ms]
[2023-02-24T08:19:54.308Z] > git remote --verbose [47ms]
[2023-02-24T08:19:54.383Z] > git config --get commit.template [3ms]
[2023-02-24T08:20:10.981Z] > git status -z -uall [82ms]
[2023-02-24T08:20:11.003Z] > git symbolic-ref --short HEAD [3ms]
[2023-02-24T08:20:11.023Z] > git for-each-ref --format=%(refname)%00%(upstream:short)%00%(objectname)%00%(upstream:track)%00%(upstream:remotename)%00%(upstream:remoteref) refs/heads/main refs/remotes/main [6ms]
[2023-02-24T08:20:11.059Z] > git for-each-ref --sort -committerdate --format %(refname) %(objectname) %(*objectname) [20ms]
[2023-02-24T08:20:11.061Z] > git remote --verbose [4ms]
[2023-02-24T08:20:11.094Z] > git config --get commit.template [5ms]
[2023-02-24T08:20:16.187Z] > git status -z -uall [76ms]
[2023-02-24T08:20:16.207Z] > git symbolic-ref --short HEAD [3ms]
[2023-02-24T08:20:16.226Z] > git for-each-ref --format=%(refname)%00%(upstream:short)%00%(objectname)%00%(upstream:track)%00%(upstream:remotename)%00%(upstream:remoteref) refs/heads/main refs/remotes/main [7ms]
[2023-02-24T08:20:16.262Z] > git for-each-ref --sort -committerdate --format %(refname) %(objectname) %(*objectname) [22ms]
[2023-02-24T08:20:16.263Z] > git remote --verbose [4ms]
[2023-02-24T08:20:16.287Z] > git config --get commit.template [3ms]
[2023-02-24T08:20:21.370Z] > git status -z -uall [65ms]
[2023-02-24T08:20:21.388Z] > git symbolic-ref --short HEAD [3ms]
[2023-02-24T08:20:21.409Z] > git for-each-ref --format=%(refname)%00%(upstream:short)%00%(objectname)%00%(upstream:track)%00%(upstream:remotename)%00%(upstream:remoteref) refs/heads/main refs/remotes/main [5ms]
[2023-02-24T08:20:21.441Z] > git for-each-ref --sort -committerdate --format %(refname) %(objectname) %(*objectname) [19ms]
[2023-02-24T08:20:21.443Z] > git remote --verbose [5ms]
[2023-02-24T08:20:21.468Z] > git config --get commit.template [3ms]
[2023-02-24T08:20:26.556Z] > git status -z -uall [70ms]
[2023-02-24T08:20:26.573Z] > git symbolic-ref --short HEAD [4ms]
[2023-02-24T08:20:26.592Z] > git for-each-ref --format=%(refname)%00%(upstream:short)%00%(objectname)%00%(upstream:track)%00%(upstream:remotename)%00%(upstream:remoteref) refs/heads/main refs/remotes/main [6ms]
[2023-02-24T08:20:26.629Z] > git for-each-ref --sort -committerdate --format %(refname) %(objectname) %(*objectname) [14ms]
[2023-02-24T08:20:26.630Z] > git remote --verbose [4ms]
[2023-02-24T08:20:26.660Z] > git config --get commit.template [10ms]
[2023-02-24T08:20:31.770Z] > git status -z -uall [92ms]
[2023-02-24T08:20:31.786Z] > git symbolic-ref --short HEAD [3ms]
[2023-02-24T08:20:31.802Z] > git for-each-ref --format=%(refname)%00%(upstream:short)%00%(objectname)%00%(upstream:track)%00%(upstream:remotename)%00%(upstream:remoteref) refs/heads/main refs/remotes/main [5ms]
[2023-02-24T08:20:31.834Z] > git remote --verbose [2ms]
[2023-02-24T08:20:31.834Z] > git for-each-ref --sort -committerdate --format %(refname) %(objectname) %(*objectname) [17ms]
[2023-02-24T08:20:31.870Z] > git config --get commit.template [3ms]
[2023-02-24T08:20:58.590Z] > git status -z -uall [124ms]
[2023-02-24T08:20:58.612Z] > git symbolic-ref --short HEAD [4ms]
[2023-02-24T08:20:58.643Z] > git for-each-ref --format=%(refname)%00%(upstream:short)%00%(objectname)%00%(upstream:track)%00%(upstream:remotename)%00%(upstream:remoteref) refs/heads/main refs/remotes/main [10ms]
[2023-02-24T08:20:58.677Z] > git for-each-ref --sort -committerdate --format %(refname) %(objectname) %(*objectname) [18ms]
[2023-02-24T08:20:58.679Z] > git remote --verbose [5ms]
[2023-02-24T08:20:58.705Z] > git config --get commit.template [3ms]
[2023-02-24T08:21:04.201Z] > git status -z -uall [75ms]
[2023-02-24T08:21:04.232Z] > git symbolic-ref --short HEAD [5ms]
[2023-02-24T08:21:04.264Z] > git for-each-ref --format=%(refname)%00%(upstream:short)%00%(objectname)%00%(upstream:track)%00%(upstream:remotename)%00%(upstream:remoteref) refs/heads/main refs/remotes/main [13ms]
[2023-02-24T08:21:04.299Z] > git remote --verbose [6ms]
[2023-02-24T08:21:04.300Z] > git for-each-ref --sort -committerdate --format %(refname) %(objectname) %(*objectname) [21ms]
[2023-02-24T08:21:04.336Z] > git config --get commit.template [14ms]
[2023-02-24T08:21:09.423Z] > git status -z -uall [73ms]
[2023-02-24T08:21:09.441Z] > git symbolic-ref --short HEAD [4ms]
[2023-02-24T08:21:09.458Z] > git for-each-ref --format=%(refname)%00%(upstream:short)%00%(objectname)%00%(upstream:track)%00%(upstream:remotename)%00%(upstream:remoteref) refs/heads/main refs/remotes/main [5ms]
[2023-02-24T08:21:09.492Z] > git for-each-ref --sort -committerdate --format %(refname) %(objectname) %(*objectname) [19ms]
[2023-02-24T08:21:09.493Z] > git remote --verbose [4ms]
[2023-02-24T08:21:09.513Z] > git config --get commit.template [3ms]
[2023-02-24T08:21:35.706Z] > git status -z -uall [71ms]
[2023-02-24T08:21:35.722Z] > git symbolic-ref --short HEAD [3ms]
[2023-02-24T08:21:35.742Z] > git for-each-ref --format=%(refname)%00%(upstream:short)%00%(objectname)%00%(upstream:track)%00%(upstream:remotename)%00%(upstream:remoteref) refs/heads/main refs/remotes/main [7ms]
[2023-02-24T08:21:35.773Z] > git for-each-ref --sort -committerdate --format %(refname) %(objectname) %(*objectname) [15ms]
[2023-02-24T08:21:35.775Z] > git remote --verbose [4ms]
[2023-02-24T08:21:35.801Z] > git config --get commit.template [7ms]
[2023-02-24T08:21:40.894Z] > git status -z -uall [76ms]
[2023-02-24T08:21:40.912Z] > git symbolic-ref --short HEAD [3ms]
[2023-02-24T08:21:40.929Z] > git for-each-ref --format=%(refname)%00%(upstream:short)%00%(objectname)%00%(upstream:track)%00%(upstream:remotename)%00%(upstream:remoteref) refs/heads/main refs/remotes/main [5ms]
[2023-02-24T08:21:40.959Z] > git for-each-ref --sort -committerdate --format %(refname) %(objectname) %(*objectname) [16ms]
[2023-02-24T08:21:40.960Z] > git remote --verbose [4ms]
[2023-02-24T08:21:40.988Z] > git config --get commit.template [3ms]
[2023-02-24T08:21:46.189Z] > git status -z -uall [181ms]
[2023-02-24T08:21:46.228Z] > git symbolic-ref --short HEAD [6ms]
[2023-02-24T08:21:46.251Z] > git for-each-ref --format=%(refname)%00%(upstream:short)%00%(objectname)%00%(upstream:track)%00%(upstream:remotename)%00%(upstream:remoteref) refs/heads/main refs/remotes/main [8ms]
[2023-02-24T08:21:46.284Z] > git for-each-ref --sort -committerdate --format %(refname) %(objectname) %(*objectname) [17ms]
[2023-02-24T08:21:46.286Z] > git remote --verbose [4ms]
[2023-02-24T08:21:46.318Z] > git config --get commit.template [4ms]
[2023-02-24T08:21:51.429Z] > git status -z -uall [95ms]
[2023-02-24T08:21:51.444Z] > git symbolic-ref --short HEAD [3ms]
[2023-02-24T08:21:51.466Z] > git for-each-ref --format=%(refname)%00%(upstream:short)%00%(objectname)%00%(upstream:track)%00%(upstream:remotename)%00%(upstream:remoteref) refs/heads/main refs/remotes/main [5ms]
[2023-02-24T08:21:51.494Z] > git for-each-ref --sort -committerdate --format %(refname) %(objectname) %(*objectname) [15ms]
[2023-02-24T08:21:51.502Z] > git remote --verbose [10ms]
[2023-02-24T08:21:51.522Z] > git config --get commit.template [3ms]
[2023-02-24T08:21:56.623Z] > git status -z -uall [83ms]
[2023-02-24T08:21:56.645Z] > git symbolic-ref --short HEAD [4ms]
[2023-02-24T08:21:56.669Z] > git for-each-ref --format=%(refname)%00%(upstream:short)%00%(objectname)%00%(upstream:track)%00%(upstream:remotename)%00%(upstream:remoteref) refs/heads/main refs/remotes/main [5ms]
[2023-02-24T08:21:56.724Z] > git remote --verbose [7ms]
[2023-02-24T08:21:56.725Z] > git for-each-ref --sort -committerdate --format %(refname) %(objectname) %(*objectname) [36ms]
[2023-02-24T08:21:56.747Z] > git config --get commit.template [3ms]
[2023-02-24T08:22:01.871Z] > git status -z -uall [103ms]
[2023-02-24T08:22:01.890Z] > git symbolic-ref --short HEAD [4ms]
[2023-02-24T08:22:01.915Z] > git for-each-ref --format=%(refname)%00%(upstream:short)%00%(objectname)%00%(upstream:track)%00%(upstream:remotename)%00%(upstream:remoteref) refs/heads/main refs/remotes/main [9ms]
[2023-02-24T08:22:01.958Z] > git remote --verbose [4ms]
[2023-02-24T08:22:01.960Z] > git for-each-ref --sort -committerdate --format %(refname) %(objectname) %(*objectname) [23ms]
[2023-02-24T08:22:01.999Z] > git config --get commit.template [3ms]
[2023-02-24T08:22:07.105Z] > git status -z -uall [85ms]
[2023-02-24T08:22:07.127Z] > git symbolic-ref --short HEAD [3ms]
[2023-02-24T08:22:07.148Z] > git for-each-ref --format=%(refname)%00%(upstream:short)%00%(objectname)%00%(upstream:track)%00%(upstream:remotename)%00%(upstream:remoteref) refs/heads/main refs/remotes/main [4ms]
[2023-02-24T08:22:07.184Z] > git for-each-ref --sort -committerdate --format %(refname) %(objectname) %(*objectname) [19ms]
[2023-02-24T08:22:07.189Z] > git remote --verbose [9ms]
[2023-02-24T08:22:07.215Z] > git config --get commit.template [6ms]
[2023-02-24T08:22:12.297Z] > git status -z -uall [63ms]
[2023-02-24T08:22:12.320Z] > git symbolic-ref --short HEAD [3ms]
[2023-02-24T08:22:12.342Z] > git for-each-ref --format=%(refname)%00%(upstream:short)%00%(objectname)%00%(upstream:track)%00%(upstream:remotename)%00%(upstream:remoteref) refs/heads/main refs/remotes/main [7ms]
[2023-02-24T08:22:12.373Z] > git for-each-ref --sort -committerdate --format %(refname) %(objectname) %(*objectname) [18ms]
[2023-02-24T08:22:12.374Z] > git remote --verbose [5ms]
[2023-02-24T08:22:12.399Z] > git config --get commit.template [4ms]
[2023-02-24T08:22:18.799Z] > git status -z -uall [73ms]
[2023-02-24T08:22:18.823Z] > git symbolic-ref --short HEAD [3ms]
[2023-02-24T08:22:18.844Z] > git for-each-ref --format=%(refname)%00%(upstream:short)%00%(objectname)%00%(upstream:track)%00%(upstream:remotename)%00%(upstream:remoteref) refs/heads/main refs/remotes/main [5ms]
[2023-02-24T08:22:18.882Z] > git for-each-ref --sort -committerdate --format %(refname) %(objectname) %(*objectname) [24ms]
[2023-02-24T08:22:18.884Z] > git remote --verbose [4ms]
[2023-02-24T08:22:18.907Z] > git config --get commit.template [3ms]
[2023-02-24T08:22:23.998Z] > git status -z -uall [70ms]
[2023-02-24T08:22:24.017Z] > git symbolic-ref --short HEAD [4ms]
[2023-02-24T08:22:24.037Z] > git for-each-ref --format=%(refname)%00%(upstream:short)%00%(objectname)%00%(upstream:track)%00%(upstream:remotename)%00%(upstream:remoteref) refs/heads/main refs/remotes/main [4ms]
[2023-02-24T08:22:24.074Z] > git for-each-ref --sort -committerdate --format %(refname) %(objectname) %(*objectname) [17ms]
[2023-02-24T08:22:24.076Z] > git remote --verbose [4ms]
[2023-02-24T08:22:24.106Z] > git config --get commit.template [3ms]
[2023-02-24T08:22:29.210Z] > git status -z -uall [87ms]
[2023-02-24T08:22:29.231Z] > git symbolic-ref --short HEAD [3ms]
[2023-02-24T08:22:29.256Z] > git for-each-ref --format=%(refname)%00%(upstream:short)%00%(objectname)%00%(upstream:track)%00%(upstream:remotename)%00%(upstream:remoteref) refs/heads/main refs/remotes/main [4ms]
[2023-02-24T08:22:29.286Z] > git for-each-ref --sort -committerdate --format %(refname) %(objectname) %(*objectname) [17ms]
[2023-02-24T08:22:29.287Z] > git remote --verbose [4ms]
[2023-02-24T08:22:29.310Z] > git config --get commit.template [2ms]
[2023-02-24T08:22:34.410Z] > git status -z -uall [76ms]
[2023-02-24T08:22:34.427Z] > git symbolic-ref --short HEAD [3ms]
[2023-02-24T08:22:34.450Z] > git for-each-ref --format=%(refname)%00%(upstream:short)%00%(objectname)%00%(upstream:track)%00%(upstream:remotename)%00%(upstream:remoteref) refs/heads/main refs/remotes/main [6ms]
[2023-02-24T08:22:34.477Z] > git for-each-ref --sort -committerdate --format %(refname) %(objectname) %(*objectname) [14ms]
[2023-02-24T08:22:34.478Z] > git remote --verbose [3ms]
[2023-02-24T08:22:34.504Z] > git config --get commit.template [3ms]
[2023-02-24T08:22:39.613Z] > git status -z -uall [93ms]
[2023-02-24T08:22:39.629Z] > git symbolic-ref --short HEAD [3ms]
[2023-02-24T08:22:39.647Z] > git for-each-ref --format=%(refname)%00%(upstream:short)%00%(objectname)%00%(upstream:track)%00%(upstream:remotename)%00%(upstream:remoteref) refs/heads/main refs/remotes/main [4ms]
[2023-02-24T08:22:39.675Z] > git for-each-ref --sort -committerdate --format %(refname) %(objectname) %(*objectname) [15ms]
[2023-02-24T08:22:39.676Z] > git remote --verbose [3ms]
[2023-02-24T08:22:39.706Z] > git config --get commit.template [3ms]
[2023-02-24T08:25:25.770Z] > git status -z -uall [91ms]
[2023-02-24T08:25:25.787Z] > git symbolic-ref --short HEAD [3ms]
[2023-02-24T08:25:25.806Z] > git for-each-ref --format=%(refname)%00%(upstream:short)%00%(objectname)%00%(upstream:track)%00%(upstream:remotename)%00%(upstream:remoteref) refs/heads/main refs/remotes/main [3ms]
[2023-02-24T08:25:25.833Z] > git for-each-ref --sort -committerdate --format %(refname) %(objectname) %(*objectname) [15ms]
[2023-02-24T08:25:25.834Z] > git remote --verbose [4ms]
[2023-02-24T08:25:25.859Z] > git config --get commit.template [2ms]
[2023-02-24T08:25:30.946Z] > git status -z -uall [62ms]
[2023-02-24T08:25:30.962Z] > git symbolic-ref --short HEAD [2ms]
[2023-02-24T08:25:30.992Z] > git for-each-ref --format=%(refname)%00%(upstream:short)%00%(objectname)%00%(upstream:track)%00%(upstream:remotename)%00%(upstream:remoteref) refs/heads/main refs/remotes/main [6ms]
[2023-02-24T08:25:31.038Z] > git remote --verbose [7ms]
[2023-02-24T08:25:31.038Z] > git for-each-ref --sort -committerdate --format %(refname) %(objectname) %(*objectname) [27ms]
[2023-02-24T08:25:31.063Z] > git config --get commit.template [3ms]
[2023-02-24T08:25:36.169Z] > git status -z -uall [89ms]
[2023-02-24T08:25:36.187Z] > git symbolic-ref --short HEAD [4ms]
[2023-02-24T08:25:36.204Z] > git for-each-ref --format=%(refname)%00%(upstream:short)%00%(objectname)%00%(upstream:track)%00%(upstream:remotename)%00%(upstream:remoteref) refs/heads/main refs/remotes/main [5ms]
[2023-02-24T08:25:36.249Z] > git for-each-ref --sort -committerdate --format %(refname) %(objectname) %(*objectname) [20ms]
[2023-02-24T08:25:36.251Z] > git remote --verbose [5ms]
[2023-02-24T08:25:36.283Z] > git config --get commit.template [4ms]
[2023-02-24T08:25:41.378Z] > git status -z -uall [78ms]
[2023-02-24T08:25:41.395Z] > git symbolic-ref --short HEAD [5ms]
[2023-02-24T08:25:41.420Z] > git for-each-ref --format=%(refname)%00%(upstream:short)%00%(objectname)%00%(upstream:track)%00%(upstream:remotename)%00%(upstream:remoteref) refs/heads/main refs/remotes/main [6ms]
[2023-02-24T08:25:41.456Z] > git for-each-ref --sort -committerdate --format %(refname) %(objectname) %(*objectname) [14ms]
[2023-02-24T08:25:41.458Z] > git remote --verbose [4ms]
[2023-02-24T08:25:41.484Z] > git config --get commit.template [4ms]
[2023-02-24T08:26:00.140Z] > git status -z -uall [78ms]
[2023-02-24T08:26:00.170Z] > git symbolic-ref --short HEAD [10ms]
[2023-02-24T08:26:00.196Z] > git for-each-ref --format=%(refname)%00%(upstream:short)%00%(objectname)%00%(upstream:track)%00%(upstream:remotename)%00%(upstream:remoteref) refs/heads/main refs/remotes/main [12ms]
[2023-02-24T08:26:00.241Z] > git remote --verbose [3ms]
[2023-02-24T08:26:00.242Z] > git for-each-ref --sort -committerdate --format %(refname) %(objectname) %(*objectname) [24ms]
[2023-02-24T08:26:00.277Z] > git config --get commit.template [4ms]
[2023-02-24T08:26:12.060Z] > git status -z -uall [71ms]
[2023-02-24T08:26:12.079Z] > git symbolic-ref --short HEAD [4ms]
[2023-02-24T08:26:12.098Z] > git for-each-ref --format=%(refname)%00%(upstream:short)%00%(objectname)%00%(upstream:track)%00%(upstream:remotename)%00%(upstream:remoteref) refs/heads/main refs/remotes/main [6ms]
[2023-02-24T08:26:12.135Z] > git for-each-ref --sort -committerdate --format %(refname) %(objectname) %(*objectname) [18ms]
[2023-02-24T08:26:12.136Z] > git remote --verbose [4ms]
[2023-02-24T08:26:12.170Z] > git config --get commit.template [4ms]
[2023-02-24T08:26:17.258Z] > git status -z -uall [70ms]
[2023-02-24T08:26:17.273Z] > git symbolic-ref --short HEAD [3ms]
[2023-02-24T08:26:17.300Z] > git for-each-ref --format=%(refname)%00%(upstream:short)%00%(objectname)%00%(upstream:track)%00%(upstream:remotename)%00%(upstream:remoteref) refs/heads/main refs/remotes/main [5ms]
[2023-02-24T08:26:17.327Z] > git for-each-ref --sort -committerdate --format %(refname) %(objectname) %(*objectname) [15ms]
[2023-02-24T08:26:17.331Z] > git remote --verbose [7ms]
[2023-02-24T08:26:17.356Z] > git config --get commit.template [3ms]
[2023-02-24T08:26:22.467Z] > git status -z -uall [88ms]
[2023-02-24T08:26:22.486Z] > git symbolic-ref --short HEAD [2ms]
[2023-02-24T08:26:22.507Z] > git for-each-ref --format=%(refname)%00%(upstream:short)%00%(objectname)%00%(upstream:track)%00%(upstream:remotename)%00%(upstream:remoteref) refs/heads/main refs/remotes/main [2ms]
[2023-02-24T08:26:22.536Z] > git for-each-ref --sort -committerdate --format %(refname) %(objectname) %(*objectname) [16ms]
[2023-02-24T08:26:22.537Z] > git remote --verbose [4ms]
[2023-02-24T08:26:22.563Z] > git config --get commit.template [5ms]
[2023-02-24T08:26:23.352Z] > git check-ignore -v -z --stdin [6ms]
[2023-02-24T08:26:26.166Z] > git add -A -- . [935ms]
[2023-02-24T08:26:28.253Z] > git show --textconv :.git/COMMIT_EDITMSG [80ms]
[2023-02-24T08:26:28.256Z] > git check-ignore -v -z --stdin [7ms]
[2023-02-24T08:26:28.261Z] > git ls-files --stage -- /home/admin/.git/COMMIT_EDITMSG [47ms]
[2023-02-24T08:26:34.555Z] > git ls-files --stage -- /home/admin/.git/COMMIT_EDITMSG [4ms]
[2023-02-24T08:26:34.911Z] > git show --textconv :.git/COMMIT_EDITMSG [5ms]
[2023-02-24T08:26:35.932Z] > git -c user.useConfigOnly=true commit --quiet [9744ms]
[2023-02-24T08:26:36.087Z] > git status -z -uall [140ms]
[2023-02-24T08:26:36.105Z] > git symbolic-ref --short HEAD [4ms]
[2023-02-24T08:26:36.133Z] > git for-each-ref --format=%(refname)%00%(upstream:short)%00%(objectname)%00%(upstream:track)%00%(upstream:remotename)%00%(upstream:remoteref) refs/heads/main refs/remotes/main [7ms]
[2023-02-24T08:26:36.161Z] > git for-each-ref --sort -committerdate --format %(refname) %(objectname) %(*objectname) [13ms]
[2023-02-24T08:26:36.163Z] > git remote --verbose [5ms]
[2023-02-24T08:26:36.194Z] > git config --get commit.template [5ms]
[2023-02-24T08:26:36.258Z] > git log --oneline --cherry main...main@{upstream} -- [21ms]
[2023-02-24T08:26:36.412Z] > git show --textconv :README.md [30ms]
[2023-02-24T08:26:36.418Z] > git ls-files --stage -- /home/admin/README.md [10ms]
[2023-02-24T08:26:36.465Z] > git cat-file -s ac89e1d6b9f5f487a09c37c1b837eb0bd8f4f511 [14ms]
[2023-02-24T08:26:36.475Z] > git status -z -uall [219ms]
[2023-02-24T08:26:36.499Z] > git symbolic-ref --short HEAD [3ms]
[2023-02-24T08:26:36.520Z] > git for-each-ref --format=%(refname)%00%(upstream:short)%00%(objectname)%00%(upstream:track)%00%(upstream:remotename)%00%(upstream:remoteref) refs/heads/main refs/remotes/main [3ms]
[2023-02-24T08:26:36.559Z] > git for-each-ref --sort -committerdate --format %(refname) %(objectname) %(*objectname) [22ms]
[2023-02-24T08:26:36.560Z] > git remote --verbose [4ms]
[2023-02-24T08:26:36.582Z] > git config --get commit.template [1ms]
[2023-02-24T08:26:36.945Z] > git pull --tags C_Class1 main [666ms]
[2023-02-24T08:26:36.945Z] From https://github.com/LucaCraft89/C_Class1
 * branch            main       -> FETCH_HEAD
[2023-02-24T08:26:37.269Z] > git check-ignore -v -z --stdin [3ms]
[2023-02-24T08:26:38.797Z] > git ls-files --stage -- /home/admin/README.md [4ms]
[2023-02-24T08:26:38.812Z] > git cat-file -s ac89e1d6b9f5f487a09c37c1b837eb0bd8f4f511 [3ms]
[2023-02-24T08:26:39.191Z] > git show --textconv :README.md [5ms]
