[2023-02-23T11:49:48.816Z] Log level: Info
[2023-02-23T11:49:48.857Z] [info] Validating found git in: git
[2023-02-23T11:49:48.997Z] [info] Using git 2.34.1 from git
[2023-02-23T11:49:49.200Z] > git rev-parse --show-toplevel [126ms]
[2023-02-23T11:49:49.234Z] > git rev-parse --git-dir --git-common-dir [10ms]
[2023-02-23T11:49:49.265Z] [info] Open repository: /home/admin
[2023-02-23T11:49:49.315Z] > git status -z -uall [24ms]
[2023-02-23T11:49:49.332Z] > git rev-parse --show-toplevel [25ms]
[2023-02-23T11:49:49.350Z] > git symbolic-ref --short HEAD [22ms]
[2023-02-23T11:49:49.375Z] > git for-each-ref --format=%(refname)%00%(upstream:short)%00%(objectname)%00%(upstream:track)%00%(upstream:remotename)%00%(upstream:remoteref) refs/heads/main refs/remotes/main [9ms]
[2023-02-23T11:49:49.408Z] > git rev-parse --show-toplevel [62ms]
[2023-02-23T11:49:49.425Z] > git remote --verbose [21ms]
[2023-02-23T11:49:49.426Z] > git for-each-ref --sort -committerdate --format %(refname) %(objectname) %(*objectname) [37ms]
[2023-02-23T11:49:49.469Z] > git rev-parse --show-toplevel [49ms]
[2023-02-23T11:49:49.483Z] > git config --get commit.template [17ms]
[2023-02-23T11:49:49.513Z] > git rev-parse --show-toplevel [33ms]
[2023-02-23T11:49:49.575Z] > git status -z -uall [66ms]
[2023-02-23T11:49:49.587Z] > git rev-parse --show-toplevel [42ms]
[2023-02-23T11:49:49.605Z] > git symbolic-ref --short HEAD [19ms]
[2023-02-23T11:49:49.625Z] > git for-each-ref --format=%(refname)%00%(upstream:short)%00%(objectname)%00%(upstream:track)%00%(upstream:remotename)%00%(upstream:remoteref) refs/heads/main refs/remotes/main [5ms]
[2023-02-23T11:49:49.657Z] > git rev-parse --show-toplevel [56ms]
[2023-02-23T11:49:49.673Z] > git remote --verbose [18ms]
[2023-02-23T11:49:49.674Z] > git for-each-ref --sort -committerdate --format %(refname) %(objectname) %(*objectname) [39ms]
[2023-02-23T11:49:49.703Z] > git rev-parse --show-toplevel [34ms]
[2023-02-23T11:49:49.722Z] > git config --get commit.template [21ms]
[2023-02-23T11:49:49.851Z] > git rev-parse --show-toplevel [132ms]
[2023-02-23T11:49:50.426Z] > git check-ignore -v -z --stdin [5ms]
[2023-02-23T11:49:50.601Z] > git show --textconv :Lezione2023.02.23/11Tiangl.c [15ms]
[2023-02-23T11:49:50.605Z] > git ls-files --stage -- /home/admin/Lezione2023.02.23/11Tiangl.c [7ms]
[2023-02-23T11:49:50.618Z] > git cat-file -s 3c287ea8a79e8bab9c83e5b621bfa09f99e344ec [4ms]
[2023-02-23T11:50:43.301Z] > git status -z -uall [19ms]
[2023-02-23T11:50:43.318Z] > git symbolic-ref --short HEAD [4ms]
[2023-02-23T11:50:43.333Z] > git for-each-ref --format=%(refname)%00%(upstream:short)%00%(objectname)%00%(upstream:track)%00%(upstream:remotename)%00%(upstream:remoteref) refs/heads/main refs/remotes/main [3ms]
[2023-02-23T11:50:43.359Z] > git remote --verbose [5ms]
[2023-02-23T11:50:43.361Z] > git for-each-ref --sort -committerdate --format %(refname) %(objectname) %(*objectname) [16ms]
[2023-02-23T11:50:43.389Z] > git config --get commit.template [2ms]
[2023-02-23T11:50:48.421Z] > git status -z -uall [16ms]
[2023-02-23T11:50:48.435Z] > git symbolic-ref --short HEAD [3ms]
[2023-02-23T11:50:48.450Z] > git for-each-ref --format=%(refname)%00%(upstream:short)%00%(objectname)%00%(upstream:track)%00%(upstream:remotename)%00%(upstream:remoteref) refs/heads/main refs/remotes/main [6ms]
[2023-02-23T11:50:48.475Z] > git for-each-ref --sort -committerdate --format %(refname) %(objectname) %(*objectname) [11ms]
[2023-02-23T11:50:48.477Z] > git remote --verbose [5ms]
[2023-02-23T11:50:48.504Z] > git config --get commit.template [3ms]
[2023-02-23T11:50:50.239Z] > git check-ignore -v -z --stdin [5ms]
[2023-02-23T11:50:53.539Z] > git status -z -uall [18ms]
[2023-02-23T11:50:53.562Z] > git symbolic-ref --short HEAD [6ms]
[2023-02-23T11:50:53.579Z] > git for-each-ref --format=%(refname)%00%(upstream:short)%00%(objectname)%00%(upstream:track)%00%(upstream:remotename)%00%(upstream:remoteref) refs/heads/main refs/remotes/main [2ms]
[2023-02-23T11:50:53.601Z] > git remote --verbose [5ms]
[2023-02-23T11:50:53.601Z] > git for-each-ref --sort -committerdate --format %(refname) %(objectname) %(*objectname) [12ms]
[2023-02-23T11:50:53.623Z] > git config --get commit.template [4ms]
[2023-02-23T11:50:58.657Z] > git status -z -uall [18ms]
[2023-02-23T11:50:58.677Z] > git symbolic-ref --short HEAD [6ms]
[2023-02-23T11:50:58.691Z] > git for-each-ref --format=%(refname)%00%(upstream:short)%00%(objectname)%00%(upstream:track)%00%(upstream:remotename)%00%(upstream:remoteref) refs/heads/main refs/remotes/main [4ms]
[2023-02-23T11:50:58.720Z] > git remote --verbose [9ms]
[2023-02-23T11:50:58.722Z] > git for-each-ref --sort -committerdate --format %(refname) %(objectname) %(*objectname) [22ms]
[2023-02-23T11:50:58.744Z] > git config --get commit.template [4ms]
[2023-02-23T11:51:03.781Z] > git status -z -uall [22ms]
[2023-02-23T11:51:03.796Z] > git symbolic-ref --short HEAD [3ms]
[2023-02-23T11:51:03.823Z] > git for-each-ref --format=%(refname)%00%(upstream:short)%00%(objectname)%00%(upstream:track)%00%(upstream:remotename)%00%(upstream:remoteref) refs/heads/main refs/remotes/main [7ms]
[2023-02-23T11:51:03.845Z] > git for-each-ref --sort -committerdate --format %(refname) %(objectname) %(*objectname) [11ms]
[2023-02-23T11:51:03.847Z] > git remote --verbose [5ms]
[2023-02-23T11:51:03.870Z] > git config --get commit.template [2ms]
[2023-02-23T11:51:06.455Z] > git check-ignore -v -z --stdin [2ms]
[2023-02-23T11:51:09.061Z] > git status -z -uall [55ms]
[2023-02-23T11:51:09.085Z] > git symbolic-ref --short HEAD [9ms]
[2023-02-23T11:51:09.110Z] > git for-each-ref --format=%(refname)%00%(upstream:short)%00%(objectname)%00%(upstream:track)%00%(upstream:remotename)%00%(upstream:remoteref) refs/heads/main refs/remotes/main [15ms]
[2023-02-23T11:51:09.137Z] > git for-each-ref --sort -committerdate --format %(refname) %(objectname) %(*objectname) [12ms]
[2023-02-23T11:51:09.141Z] > git remote --verbose [7ms]
[2023-02-23T11:51:09.162Z] > git config --get commit.template [4ms]
[2023-02-23T11:51:14.190Z] > git status -z -uall [13ms]
[2023-02-23T11:51:14.208Z] > git symbolic-ref --short HEAD [4ms]
[2023-02-23T11:51:14.225Z] > git for-each-ref --format=%(refname)%00%(upstream:short)%00%(objectname)%00%(upstream:track)%00%(upstream:remotename)%00%(upstream:remoteref) refs/heads/main refs/remotes/main [3ms]
[2023-02-23T11:51:14.244Z] > git for-each-ref --sort -committerdate --format %(refname) %(objectname) %(*objectname) [10ms]
[2023-02-23T11:51:14.246Z] > git remote --verbose [6ms]
[2023-02-23T11:51:14.267Z] > git config --get commit.template [3ms]
[2023-02-23T11:51:19.296Z] > git status -z -uall [16ms]
[2023-02-23T11:51:19.312Z] > git symbolic-ref --short HEAD [6ms]
[2023-02-23T11:51:19.325Z] > git for-each-ref --format=%(refname)%00%(upstream:short)%00%(objectname)%00%(upstream:track)%00%(upstream:remotename)%00%(upstream:remoteref) refs/heads/main refs/remotes/main [4ms]
[2023-02-23T11:51:19.347Z] > git remote --verbose [3ms]
[2023-02-23T11:51:19.348Z] > git for-each-ref --sort -committerdate --format %(refname) %(objectname) %(*objectname) [14ms]
[2023-02-23T11:51:19.375Z] > git config --get commit.template [4ms]
[2023-02-23T11:51:24.412Z] > git status -z -uall [23ms]
[2023-02-23T11:51:24.432Z] > git symbolic-ref --short HEAD [5ms]
[2023-02-23T11:51:24.443Z] > git for-each-ref --format=%(refname)%00%(upstream:short)%00%(objectname)%00%(upstream:track)%00%(upstream:remotename)%00%(upstream:remoteref) refs/heads/main refs/remotes/main [4ms]
[2023-02-23T11:51:24.476Z] > git remote --verbose [3ms]
[2023-02-23T11:51:24.477Z] > git for-each-ref --sort -committerdate --format %(refname) %(objectname) %(*objectname) [25ms]
[2023-02-23T11:51:24.496Z] > git config --get commit.template [3ms]
[2023-02-23T11:51:29.529Z] > git status -z -uall [13ms]
[2023-02-23T11:51:29.542Z] > git symbolic-ref --short HEAD [4ms]
[2023-02-23T11:51:29.554Z] > git for-each-ref --format=%(refname)%00%(upstream:short)%00%(objectname)%00%(upstream:track)%00%(upstream:remotename)%00%(upstream:remoteref) refs/heads/main refs/remotes/main [4ms]
[2023-02-23T11:51:29.577Z] > git for-each-ref --sort -committerdate --format %(refname) %(objectname) %(*objectname) [12ms]
[2023-02-23T11:51:29.578Z] > git remote --verbose [4ms]
[2023-02-23T11:51:29.594Z] > git config --get commit.template [3ms]
[2023-02-23T11:51:34.635Z] > git status -z -uall [22ms]
[2023-02-23T11:51:34.651Z] > git symbolic-ref --short HEAD [5ms]
[2023-02-23T11:51:34.670Z] > git for-each-ref --format=%(refname)%00%(upstream:short)%00%(objectname)%00%(upstream:track)%00%(upstream:remotename)%00%(upstream:remoteref) refs/heads/main refs/remotes/main [1ms]
[2023-02-23T11:51:34.695Z] > git for-each-ref --sort -committerdate --format %(refname) %(objectname) %(*objectname) [14ms]
[2023-02-23T11:51:34.697Z] > git remote --verbose [6ms]
[2023-02-23T11:51:34.726Z] > git config --get commit.template [4ms]
[2023-02-23T11:51:39.768Z] > git status -z -uall [27ms]
[2023-02-23T11:51:39.784Z] > git symbolic-ref --short HEAD [4ms]
[2023-02-23T11:51:39.797Z] > git for-each-ref --format=%(refname)%00%(upstream:short)%00%(objectname)%00%(upstream:track)%00%(upstream:remotename)%00%(upstream:remoteref) refs/heads/main refs/remotes/main [3ms]
[2023-02-23T11:51:39.827Z] > git remote --verbose [6ms]
[2023-02-23T11:51:39.828Z] > git for-each-ref --sort -committerdate --format %(refname) %(objectname) %(*objectname) [20ms]
[2023-02-23T11:51:39.863Z] > git config --get commit.template [5ms]
[2023-02-23T11:51:44.920Z] > git status -z -uall [39ms]
[2023-02-23T11:51:44.974Z] > git symbolic-ref --short HEAD [18ms]
[2023-02-23T11:51:45.003Z] > git for-each-ref --format=%(refname)%00%(upstream:short)%00%(objectname)%00%(upstream:track)%00%(upstream:remotename)%00%(upstream:remoteref) refs/heads/main refs/remotes/main [8ms]
[2023-02-23T11:51:45.042Z] > git for-each-ref --sort -committerdate --format %(refname) %(objectname) %(*objectname) [13ms]
[2023-02-23T11:51:45.043Z] > git remote --verbose [4ms]
[2023-02-23T11:51:45.083Z] > git config --get commit.template [4ms]
[2023-02-23T11:51:50.122Z] > git status -z -uall [21ms]
[2023-02-23T11:51:50.138Z] > git symbolic-ref --short HEAD [4ms]
[2023-02-23T11:51:50.157Z] > git for-each-ref --format=%(refname)%00%(upstream:short)%00%(objectname)%00%(upstream:track)%00%(upstream:remotename)%00%(upstream:remoteref) refs/heads/main refs/remotes/main [7ms]
[2023-02-23T11:51:50.207Z] > git for-each-ref --sort -committerdate --format %(refname) %(objectname) %(*objectname) [26ms]
[2023-02-23T11:51:50.210Z] > git remote --verbose [8ms]
[2023-02-23T11:51:50.254Z] > git config --get commit.template [1ms]
[2023-02-23T11:51:55.297Z] > git status -z -uall [27ms]
[2023-02-23T11:51:55.311Z] > git symbolic-ref --short HEAD [4ms]
[2023-02-23T11:51:55.324Z] > git for-each-ref --format=%(refname)%00%(upstream:short)%00%(objectname)%00%(upstream:track)%00%(upstream:remotename)%00%(upstream:remoteref) refs/heads/main refs/remotes/main [4ms]
[2023-02-23T11:51:55.346Z] > git remote --verbose [4ms]
[2023-02-23T11:51:55.346Z] > git for-each-ref --sort -committerdate --format %(refname) %(objectname) %(*objectname) [13ms]
[2023-02-23T11:51:55.377Z] > git config --get commit.template [5ms]
[2023-02-23T11:52:00.411Z] > git status -z -uall [21ms]
[2023-02-23T11:52:00.424Z] > git symbolic-ref --short HEAD [3ms]
[2023-02-23T11:52:00.438Z] > git for-each-ref --format=%(refname)%00%(upstream:short)%00%(objectname)%00%(upstream:track)%00%(upstream:remotename)%00%(upstream:remoteref) refs/heads/main refs/remotes/main [3ms]
[2023-02-23T11:52:00.459Z] > git for-each-ref --sort -committerdate --format %(refname) %(objectname) %(*objectname) [11ms]
[2023-02-23T11:52:00.460Z] > git remote --verbose [4ms]
[2023-02-23T11:52:00.488Z] > git config --get commit.template [2ms]
[2023-02-23T11:52:05.518Z] > git status -z -uall [20ms]
[2023-02-23T11:52:05.535Z] > git symbolic-ref --short HEAD [8ms]
[2023-02-23T11:52:05.582Z] > git for-each-ref --format=%(refname)%00%(upstream:short)%00%(objectname)%00%(upstream:track)%00%(upstream:remotename)%00%(upstream:remoteref) refs/heads/main refs/remotes/main [16ms]
[2023-02-23T11:52:05.615Z] > git for-each-ref --sort -committerdate --format %(refname) %(objectname) %(*objectname) [13ms]
[2023-02-23T11:52:05.628Z] > git remote --verbose [17ms]
[2023-02-23T11:52:05.665Z] > git config --get commit.template [4ms]
[2023-02-23T11:52:10.704Z] > git status -z -uall [25ms]
[2023-02-23T11:52:10.720Z] > git symbolic-ref --short HEAD [7ms]
[2023-02-23T11:52:10.748Z] > git for-each-ref --format=%(refname)%00%(upstream:short)%00%(objectname)%00%(upstream:track)%00%(upstream:remotename)%00%(upstream:remoteref) refs/heads/main refs/remotes/main [3ms]
[2023-02-23T11:52:10.770Z] > git remote --verbose [3ms]
[2023-02-23T11:52:10.770Z] > git for-each-ref --sort -committerdate --format %(refname) %(objectname) %(*objectname) [13ms]
[2023-02-23T11:52:10.808Z] > git config --get commit.template [1ms]
[2023-02-23T11:52:15.843Z] > git status -z -uall [22ms]
[2023-02-23T11:52:15.857Z] > git symbolic-ref --short HEAD [4ms]
[2023-02-23T11:52:15.871Z] > git for-each-ref --format=%(refname)%00%(upstream:short)%00%(objectname)%00%(upstream:track)%00%(upstream:remotename)%00%(upstream:remoteref) refs/heads/main refs/remotes/main [5ms]
[2023-02-23T11:52:15.891Z] > git for-each-ref --sort -committerdate --format %(refname) %(objectname) %(*objectname) [12ms]
[2023-02-23T11:52:15.892Z] > git remote --verbose [4ms]
[2023-02-23T11:52:15.918Z] > git config --get commit.template [2ms]
[2023-02-23T11:52:20.959Z] > git status -z -uall [20ms]
[2023-02-23T11:52:20.972Z] > git symbolic-ref --short HEAD [4ms]
[2023-02-23T11:52:20.985Z] > git for-each-ref --format=%(refname)%00%(upstream:short)%00%(objectname)%00%(upstream:track)%00%(upstream:remotename)%00%(upstream:remoteref) refs/heads/main refs/remotes/main [4ms]
[2023-02-23T11:52:21.006Z] > git for-each-ref --sort -committerdate --format %(refname) %(objectname) %(*objectname) [11ms]
[2023-02-23T11:52:21.007Z] > git remote --verbose [4ms]
[2023-02-23T11:52:21.045Z] > git config --get commit.template [3ms]
[2023-02-23T11:52:26.074Z] > git status -z -uall [17ms]
[2023-02-23T11:52:26.090Z] > git symbolic-ref --short HEAD [5ms]
[2023-02-23T11:52:26.111Z] > git for-each-ref --format=%(refname)%00%(upstream:short)%00%(objectname)%00%(upstream:track)%00%(upstream:remotename)%00%(upstream:remoteref) refs/heads/main refs/remotes/main [5ms]
[2023-02-23T11:52:26.139Z] > git for-each-ref --sort -committerdate --format %(refname) %(objectname) %(*objectname) [14ms]
[2023-02-23T11:52:26.141Z] > git remote --verbose [6ms]
[2023-02-23T11:52:26.197Z] > git config --get commit.template [12ms]
[2023-02-23T11:52:31.230Z] > git status -z -uall [20ms]
[2023-02-23T11:52:31.243Z] > git symbolic-ref --short HEAD [3ms]
[2023-02-23T11:52:31.258Z] > git for-each-ref --format=%(refname)%00%(upstream:short)%00%(objectname)%00%(upstream:track)%00%(upstream:remotename)%00%(upstream:remoteref) refs/heads/main refs/remotes/main [4ms]
[2023-02-23T11:52:31.287Z] > git remote --verbose [7ms]
[2023-02-23T11:52:31.288Z] > git for-each-ref --sort -committerdate --format %(refname) %(objectname) %(*objectname) [17ms]
[2023-02-23T11:52:31.323Z] > git config --get commit.template [2ms]
[2023-02-23T11:52:36.384Z] > git status -z -uall [31ms]
[2023-02-23T11:52:36.402Z] > git symbolic-ref --short HEAD [3ms]
[2023-02-23T11:52:36.433Z] > git for-each-ref --format=%(refname)%00%(upstream:short)%00%(objectname)%00%(upstream:track)%00%(upstream:remotename)%00%(upstream:remoteref) refs/heads/main refs/remotes/main [7ms]
[2023-02-23T11:52:36.466Z] > git for-each-ref --sort -committerdate --format %(refname) %(objectname) %(*objectname) [15ms]
[2023-02-23T11:52:36.468Z] > git remote --verbose [5ms]
[2023-02-23T11:52:36.522Z] > git config --get commit.template [2ms]
[2023-02-23T11:52:41.558Z] > git status -z -uall [22ms]
[2023-02-23T11:52:41.573Z] > git symbolic-ref --short HEAD [3ms]
[2023-02-23T11:52:41.585Z] > git for-each-ref --format=%(refname)%00%(upstream:short)%00%(objectname)%00%(upstream:track)%00%(upstream:remotename)%00%(upstream:remoteref) refs/heads/main refs/remotes/main [3ms]
[2023-02-23T11:52:41.606Z] > git for-each-ref --sort -committerdate --format %(refname) %(objectname) %(*objectname) [11ms]
[2023-02-23T11:52:41.607Z] > git remote --verbose [4ms]
[2023-02-23T11:52:41.633Z] > git config --get commit.template [3ms]
[2023-02-23T11:52:46.668Z] > git status -z -uall [23ms]
[2023-02-23T11:52:46.679Z] > git symbolic-ref --short HEAD [3ms]
[2023-02-23T11:52:46.691Z] > git for-each-ref --format=%(refname)%00%(upstream:short)%00%(objectname)%00%(upstream:track)%00%(upstream:remotename)%00%(upstream:remoteref) refs/heads/main refs/remotes/main [4ms]
[2023-02-23T11:52:46.717Z] > git for-each-ref --sort -committerdate --format %(refname) %(objectname) %(*objectname) [18ms]
[2023-02-23T11:52:46.719Z] > git remote --verbose [11ms]
[2023-02-23T11:52:46.767Z] > git config --get commit.template [1ms]
[2023-02-23T11:52:51.800Z] > git status -z -uall [22ms]
[2023-02-23T11:52:51.816Z] > git symbolic-ref --short HEAD [4ms]
[2023-02-23T11:52:51.829Z] > git for-each-ref --format=%(refname)%00%(upstream:short)%00%(objectname)%00%(upstream:track)%00%(upstream:remotename)%00%(upstream:remoteref) refs/heads/main refs/remotes/main [4ms]
[2023-02-23T11:52:51.848Z] > git for-each-ref --sort -committerdate --format %(refname) %(objectname) %(*objectname) [11ms]
[2023-02-23T11:52:51.849Z] > git remote --verbose [4ms]
[2023-02-23T11:52:51.879Z] > git config --get commit.template [2ms]
[2023-02-23T11:52:56.917Z] > git status -z -uall [26ms]
[2023-02-23T11:52:56.931Z] > git symbolic-ref --short HEAD [4ms]
[2023-02-23T11:52:56.943Z] > git for-each-ref --format=%(refname)%00%(upstream:short)%00%(objectname)%00%(upstream:track)%00%(upstream:remotename)%00%(upstream:remoteref) refs/heads/main refs/remotes/main [3ms]
[2023-02-23T11:52:56.963Z] > git for-each-ref --sort -committerdate --format %(refname) %(objectname) %(*objectname) [11ms]
[2023-02-23T11:52:56.964Z] > git remote --verbose [4ms]
[2023-02-23T11:52:56.988Z] > git config --get commit.template [3ms]
[2023-02-23T11:53:02.023Z] > git status -z -uall [22ms]
[2023-02-23T11:53:02.047Z] > git symbolic-ref --short HEAD [3ms]
[2023-02-23T11:53:02.060Z] > git for-each-ref --format=%(refname)%00%(upstream:short)%00%(objectname)%00%(upstream:track)%00%(upstream:remotename)%00%(upstream:remoteref) refs/heads/main refs/remotes/main [4ms]
[2023-02-23T11:53:02.095Z] > git remote --verbose [3ms]
[2023-02-23T11:53:02.095Z] > git for-each-ref --sort -committerdate --format %(refname) %(objectname) %(*objectname) [16ms]
[2023-02-23T11:53:02.132Z] > git config --get commit.template [14ms]
[2023-02-23T11:53:07.171Z] > git status -z -uall [21ms]
[2023-02-23T11:53:07.186Z] > git symbolic-ref --short HEAD [5ms]
[2023-02-23T11:53:07.206Z] > git for-each-ref --format=%(refname)%00%(upstream:short)%00%(objectname)%00%(upstream:track)%00%(upstream:remotename)%00%(upstream:remoteref) refs/heads/main refs/remotes/main [4ms]
[2023-02-23T11:53:07.237Z] > git for-each-ref --sort -committerdate --format %(refname) %(objectname) %(*objectname) [12ms]
[2023-02-23T11:53:07.239Z] > git remote --verbose [4ms]
[2023-02-23T11:53:07.274Z] > git config --get commit.template [6ms]
[2023-02-23T11:53:12.306Z] > git status -z -uall [18ms]
[2023-02-23T11:53:12.328Z] > git symbolic-ref --short HEAD [4ms]
[2023-02-23T11:53:12.344Z] > git for-each-ref --format=%(refname)%00%(upstream:short)%00%(objectname)%00%(upstream:track)%00%(upstream:remotename)%00%(upstream:remoteref) refs/heads/main refs/remotes/main [6ms]
[2023-02-23T11:53:12.376Z] > git remote --verbose [13ms]
[2023-02-23T11:53:12.376Z] > git for-each-ref --sort -committerdate --format %(refname) %(objectname) %(*objectname) [21ms]
[2023-02-23T11:53:12.407Z] > git config --get commit.template [3ms]
[2023-02-23T11:53:17.459Z] > git status -z -uall [31ms]
[2023-02-23T11:53:17.506Z] > git symbolic-ref --short HEAD [14ms]
[2023-02-23T11:53:17.536Z] > git for-each-ref --format=%(refname)%00%(upstream:short)%00%(objectname)%00%(upstream:track)%00%(upstream:remotename)%00%(upstream:remoteref) refs/heads/main refs/remotes/main [6ms]
[2023-02-23T11:53:17.579Z] > git for-each-ref --sort -committerdate --format %(refname) %(objectname) %(*objectname) [26ms]
[2023-02-23T11:53:17.581Z] > git remote --verbose [19ms]
[2023-02-23T11:53:17.612Z] > git config --get commit.template [8ms]
[2023-02-23T11:53:22.640Z] > git status -z -uall [16ms]
[2023-02-23T11:53:22.654Z] > git symbolic-ref --short HEAD [4ms]
[2023-02-23T11:53:22.668Z] > git for-each-ref --format=%(refname)%00%(upstream:short)%00%(objectname)%00%(upstream:track)%00%(upstream:remotename)%00%(upstream:remoteref) refs/heads/main refs/remotes/main [4ms]
[2023-02-23T11:53:22.692Z] > git for-each-ref --sort -committerdate --format %(refname) %(objectname) %(*objectname) [11ms]
[2023-02-23T11:53:22.694Z] > git remote --verbose [5ms]
[2023-02-23T11:53:22.721Z] > git config --get commit.template [5ms]
[2023-02-23T11:53:32.554Z] > git status -z -uall [22ms]
[2023-02-23T11:53:32.568Z] > git symbolic-ref --short HEAD [3ms]
[2023-02-23T11:53:32.581Z] > git for-each-ref --format=%(refname)%00%(upstream:short)%00%(objectname)%00%(upstream:track)%00%(upstream:remotename)%00%(upstream:remoteref) refs/heads/main refs/remotes/main [4ms]
[2023-02-23T11:53:32.603Z] > git for-each-ref --sort -committerdate --format %(refname) %(objectname) %(*objectname) [12ms]
[2023-02-23T11:53:32.604Z] > git remote --verbose [4ms]
[2023-02-23T11:53:32.638Z] > git config --get commit.template [4ms]
[2023-02-23T11:53:36.090Z] > git show --textconv HEAD:Lezione2023.02.23/11Tiangl.c [20ms]
[2023-02-23T11:53:36.095Z] > git ls-tree -l HEAD -- /home/admin/Lezione2023.02.23/11Tiangl.c [9ms]
[2023-02-23T11:53:37.720Z] > git status -z -uall [22ms]
[2023-02-23T11:53:37.734Z] > git symbolic-ref --short HEAD [3ms]
[2023-02-23T11:53:37.747Z] > git for-each-ref --format=%(refname)%00%(upstream:short)%00%(objectname)%00%(upstream:track)%00%(upstream:remotename)%00%(upstream:remoteref) refs/heads/main refs/remotes/main [4ms]
[2023-02-23T11:53:37.771Z] > git for-each-ref --sort -committerdate --format %(refname) %(objectname) %(*objectname) [14ms]
[2023-02-23T11:53:37.772Z] > git remote --verbose [5ms]
[2023-02-23T11:53:37.795Z] > git config --get commit.template [4ms]
