[2023-02-23T11:54:03.510Z] Log level: Info
[2023-02-23T11:54:03.533Z] [info] Validating found git in: git
[2023-02-23T11:54:03.724Z] [info] Using git 2.34.1 from git
[2023-02-23T11:54:03.834Z] > git rev-parse --show-toplevel [38ms]
[2023-02-23T11:54:03.957Z] > git rev-parse --git-dir --git-common-dir [100ms]
[2023-02-23T11:54:03.983Z] [info] Open repository: /home/admin
[2023-02-23T11:54:04.031Z] > git rev-parse --show-toplevel [11ms]
[2023-02-23T11:54:04.051Z] > git status -z -uall [44ms]
[2023-02-23T11:54:04.076Z] > git symbolic-ref --short HEAD [7ms]
[2023-02-23T11:54:04.090Z] > git rev-parse --show-toplevel [43ms]
[2023-02-23T11:54:04.114Z] > git rev-parse --show-toplevel [10ms]
[2023-02-23T11:54:04.143Z] > git for-each-ref --format=%(refname)%00%(upstream:short)%00%(objectname)%00%(upstream:track)%00%(upstream:remotename)%00%(upstream:remoteref) refs/heads/main refs/remotes/main [54ms]
[2023-02-23T11:54:04.186Z] > git remote --verbose [9ms]
[2023-02-23T11:54:04.188Z] > git for-each-ref --sort -committerdate --format %(refname) %(objectname) %(*objectname) [27ms]
[2023-02-23T11:54:04.262Z] > git rev-parse --show-toplevel [122ms]
[2023-02-23T11:54:04.299Z] > git rev-parse --show-toplevel [21ms]
[2023-02-23T11:54:04.485Z] > git rev-parse --show-toplevel [170ms]
[2023-02-23T11:54:04.508Z] > git config --get commit.template [211ms]
[2023-02-23T11:54:04.536Z] > git rev-parse --show-toplevel [31ms]
[2023-02-23T11:54:04.563Z] > git status -z -uall [35ms]
[2023-02-23T11:54:04.580Z] > git rev-parse --show-toplevel [22ms]
[2023-02-23T11:54:04.602Z] > git symbolic-ref --short HEAD [26ms]
[2023-02-23T11:54:04.640Z] > git for-each-ref --format=%(refname)%00%(upstream:short)%00%(objectname)%00%(upstream:track)%00%(upstream:remotename)%00%(upstream:remoteref) refs/heads/main refs/remotes/main [20ms]
[2023-02-23T11:54:04.680Z] > git remote --verbose [6ms]
[2023-02-23T11:54:04.681Z] > git for-each-ref --sort -committerdate --format %(refname) %(objectname) %(*objectname) [19ms]
[2023-02-23T11:54:04.791Z] > git config --get commit.template [42ms]
[2023-02-23T11:54:05.250Z] > git check-ignore -v -z --stdin [6ms]
[2023-02-23T11:54:07.850Z] > git show --textconv :Lezione2023.02.23/11Tiangl.c [22ms]
[2023-02-23T11:54:07.851Z] > git ls-files --stage -- /home/admin/Lezione2023.02.23/11Tiangl.c [4ms]
[2023-02-23T11:54:07.868Z] > git cat-file -s 3c287ea8a79e8bab9c83e5b621bfa09f99e344ec [6ms]
[2023-02-23T11:54:08.844Z] > git status -z -uall [19ms]
[2023-02-23T11:54:08.858Z] > git symbolic-ref --short HEAD [4ms]
[2023-02-23T11:54:08.874Z] > git for-each-ref --format=%(refname)%00%(upstream:short)%00%(objectname)%00%(upstream:track)%00%(upstream:remotename)%00%(upstream:remoteref) refs/heads/main refs/remotes/main [4ms]
[2023-02-23T11:54:08.899Z] > git for-each-ref --sort -committerdate --format %(refname) %(objectname) %(*objectname) [12ms]
[2023-02-23T11:54:08.901Z] > git remote --verbose [6ms]
[2023-02-23T11:54:08.946Z] > git config --get commit.template [5ms]
[2023-02-23T11:54:13.994Z] > git status -z -uall [32ms]
[2023-02-23T11:54:14.012Z] > git symbolic-ref --short HEAD [5ms]
[2023-02-23T11:54:14.029Z] > git for-each-ref --format=%(refname)%00%(upstream:short)%00%(objectname)%00%(upstream:track)%00%(upstream:remotename)%00%(upstream:remoteref) refs/heads/main refs/remotes/main [5ms]
[2023-02-23T11:54:14.061Z] > git for-each-ref --sort -committerdate --format %(refname) %(objectname) %(*objectname) [13ms]
[2023-02-23T11:54:14.066Z] > git remote --verbose [8ms]
[2023-02-23T11:54:14.116Z] > git config --get commit.template [3ms]
[2023-02-23T11:54:19.158Z] > git status -z -uall [26ms]
[2023-02-23T11:54:19.173Z] > git symbolic-ref --short HEAD [3ms]
[2023-02-23T11:54:19.189Z] > git for-each-ref --format=%(refname)%00%(upstream:short)%00%(objectname)%00%(upstream:track)%00%(upstream:remotename)%00%(upstream:remoteref) refs/heads/main refs/remotes/main [4ms]
[2023-02-23T11:54:19.218Z] > git remote --verbose [4ms]
[2023-02-23T11:54:19.219Z] > git for-each-ref --sort -committerdate --format %(refname) %(objectname) %(*objectname) [22ms]
[2023-02-23T11:54:19.258Z] > git config --get commit.template [4ms]
[2023-02-23T11:54:24.301Z] > git status -z -uall [27ms]
[2023-02-23T11:54:24.324Z] > git symbolic-ref --short HEAD [5ms]
[2023-02-23T11:54:24.339Z] > git for-each-ref --format=%(refname)%00%(upstream:short)%00%(objectname)%00%(upstream:track)%00%(upstream:remotename)%00%(upstream:remoteref) refs/heads/main refs/remotes/main [3ms]
[2023-02-23T11:54:24.365Z] > git remote --verbose [4ms]
[2023-02-23T11:54:24.366Z] > git for-each-ref --sort -committerdate --format %(refname) %(objectname) %(*objectname) [16ms]
[2023-02-23T11:54:24.394Z] > git config --get commit.template [3ms]
[2023-02-23T11:54:32.073Z] > git status -z -uall [22ms]
[2023-02-23T11:54:32.094Z] > git symbolic-ref --short HEAD [5ms]
[2023-02-23T11:54:32.108Z] > git for-each-ref --format=%(refname)%00%(upstream:short)%00%(objectname)%00%(upstream:track)%00%(upstream:remotename)%00%(upstream:remoteref) refs/heads/main refs/remotes/main [4ms]
[2023-02-23T11:54:32.133Z] > git remote --verbose [4ms]
[2023-02-23T11:54:32.135Z] > git for-each-ref --sort -committerdate --format %(refname) %(objectname) %(*objectname) [17ms]
[2023-02-23T11:54:32.170Z] > git config --get commit.template [3ms]
[2023-02-23T11:54:37.208Z] > git status -z -uall [22ms]
[2023-02-23T11:54:37.223Z] > git symbolic-ref --short HEAD [4ms]
[2023-02-23T11:54:37.241Z] > git for-each-ref --format=%(refname)%00%(upstream:short)%00%(objectname)%00%(upstream:track)%00%(upstream:remotename)%00%(upstream:remoteref) refs/heads/main refs/remotes/main [3ms]
[2023-02-23T11:54:37.263Z] > git for-each-ref --sort -committerdate --format %(refname) %(objectname) %(*objectname) [13ms]
[2023-02-23T11:54:37.264Z] > git remote --verbose [4ms]
[2023-02-23T11:54:37.299Z] > git config --get commit.template [4ms]
[2023-02-23T11:54:42.329Z] > git status -z -uall [17ms]
[2023-02-23T11:54:42.345Z] > git symbolic-ref --short HEAD [4ms]
[2023-02-23T11:54:42.358Z] > git for-each-ref --format=%(refname)%00%(upstream:short)%00%(objectname)%00%(upstream:track)%00%(upstream:remotename)%00%(upstream:remoteref) refs/heads/main refs/remotes/main [4ms]
[2023-02-23T11:54:42.385Z] > git for-each-ref --sort -committerdate --format %(refname) %(objectname) %(*objectname) [17ms]
[2023-02-23T11:54:42.387Z] > git remote --verbose [7ms]
[2023-02-23T11:54:42.428Z] > git config --get commit.template [5ms]
[2023-02-23T11:54:47.466Z] > git status -z -uall [23ms]
[2023-02-23T11:54:47.488Z] > git symbolic-ref --short HEAD [3ms]
[2023-02-23T11:54:47.503Z] > git for-each-ref --format=%(refname)%00%(upstream:short)%00%(objectname)%00%(upstream:track)%00%(upstream:remotename)%00%(upstream:remoteref) refs/heads/main refs/remotes/main [4ms]
[2023-02-23T11:54:47.544Z] > git remote --verbose [4ms]
[2023-02-23T11:54:47.545Z] > git for-each-ref --sort -committerdate --format %(refname) %(objectname) %(*objectname) [23ms]
[2023-02-23T11:54:47.588Z] > git config --get commit.template [4ms]
[2023-02-23T11:54:53.109Z] > git status -z -uall [21ms]
[2023-02-23T11:54:53.127Z] > git symbolic-ref --short HEAD [3ms]
[2023-02-23T11:54:53.143Z] > git for-each-ref --format=%(refname)%00%(upstream:short)%00%(objectname)%00%(upstream:track)%00%(upstream:remotename)%00%(upstream:remoteref) refs/heads/main refs/remotes/main [4ms]
[2023-02-23T11:54:53.170Z] > git for-each-ref --sort -committerdate --format %(refname) %(objectname) %(*objectname) [14ms]
[2023-02-23T11:54:53.171Z] > git remote --verbose [4ms]
[2023-02-23T11:54:53.221Z] > git config --get commit.template [10ms]
[2023-02-23T11:54:58.264Z] > git status -z -uall [27ms]
[2023-02-23T11:54:58.278Z] > git symbolic-ref --short HEAD [3ms]
[2023-02-23T11:54:58.293Z] > git for-each-ref --format=%(refname)%00%(upstream:short)%00%(objectname)%00%(upstream:track)%00%(upstream:remotename)%00%(upstream:remoteref) refs/heads/main refs/remotes/main [4ms]
[2023-02-23T11:54:58.318Z] > git for-each-ref --sort -committerdate --format %(refname) %(objectname) %(*objectname) [13ms]
[2023-02-23T11:54:58.320Z] > git remote --verbose [4ms]
[2023-02-23T11:54:58.358Z] > git config --get commit.template [3ms]
[2023-02-23T11:55:03.395Z] > git status -z -uall [21ms]
[2023-02-23T11:55:03.410Z] > git symbolic-ref --short HEAD [3ms]
[2023-02-23T11:55:03.424Z] > git for-each-ref --format=%(refname)%00%(upstream:short)%00%(objectname)%00%(upstream:track)%00%(upstream:remotename)%00%(upstream:remoteref) refs/heads/main refs/remotes/main [4ms]
[2023-02-23T11:55:03.451Z] > git for-each-ref --sort -committerdate --format %(refname) %(objectname) %(*objectname) [14ms]
[2023-02-23T11:55:03.452Z] > git remote --verbose [4ms]
[2023-02-23T11:55:03.480Z] > git config --get commit.template [3ms]
[2023-02-23T11:55:08.515Z] > git status -z -uall [19ms]
[2023-02-23T11:55:08.536Z] > git symbolic-ref --short HEAD [4ms]
[2023-02-23T11:55:08.562Z] > git for-each-ref --format=%(refname)%00%(upstream:short)%00%(objectname)%00%(upstream:track)%00%(upstream:remotename)%00%(upstream:remoteref) refs/heads/main refs/remotes/main [5ms]
[2023-02-23T11:55:08.590Z] > git for-each-ref --sort -committerdate --format %(refname) %(objectname) %(*objectname) [14ms]
[2023-02-23T11:55:08.590Z] > git remote --verbose [3ms]
[2023-02-23T11:55:08.632Z] > git config --get commit.template [3ms]
[2023-02-23T11:55:13.671Z] > git status -z -uall [21ms]
[2023-02-23T11:55:13.694Z] > git symbolic-ref --short HEAD [10ms]
[2023-02-23T11:55:13.710Z] > git for-each-ref --format=%(refname)%00%(upstream:short)%00%(objectname)%00%(upstream:track)%00%(upstream:remotename)%00%(upstream:remoteref) refs/heads/main refs/remotes/main [3ms]
[2023-02-23T11:55:13.732Z] > git for-each-ref --sort -committerdate --format %(refname) %(objectname) %(*objectname) [11ms]
[2023-02-23T11:55:13.734Z] > git remote --verbose [4ms]
[2023-02-23T11:55:13.777Z] > git config --get commit.template [3ms]
[2023-02-23T11:56:00.392Z] > git status -z -uall [21ms]
[2023-02-23T11:56:00.407Z] > git symbolic-ref --short HEAD [6ms]
[2023-02-23T11:56:00.423Z] > git for-each-ref --format=%(refname)%00%(upstream:short)%00%(objectname)%00%(upstream:track)%00%(upstream:remotename)%00%(upstream:remoteref) refs/heads/main refs/remotes/main [5ms]
[2023-02-23T11:56:00.447Z] > git for-each-ref --sort -committerdate --format %(refname) %(objectname) %(*objectname) [14ms]
[2023-02-23T11:56:00.448Z] > git remote --verbose [6ms]
[2023-02-23T11:56:00.485Z] > git config --get commit.template [4ms]
[2023-02-23T11:56:05.520Z] > git status -z -uall [23ms]
[2023-02-23T11:56:05.533Z] > git symbolic-ref --short HEAD [3ms]
[2023-02-23T11:56:05.546Z] > git for-each-ref --format=%(refname)%00%(upstream:short)%00%(objectname)%00%(upstream:track)%00%(upstream:remotename)%00%(upstream:remoteref) refs/heads/main refs/remotes/main [4ms]
[2023-02-23T11:56:05.576Z] > git for-each-ref --sort -committerdate --format %(refname) %(objectname) %(*objectname) [21ms]
[2023-02-23T11:56:05.577Z] > git remote --verbose [4ms]
[2023-02-23T11:56:05.609Z] > git config --get commit.template [3ms]
[2023-02-23T11:56:10.644Z] > git status -z -uall [22ms]
[2023-02-23T11:56:10.657Z] > git symbolic-ref --short HEAD [3ms]
[2023-02-23T11:56:10.674Z] > git for-each-ref --format=%(refname)%00%(upstream:short)%00%(objectname)%00%(upstream:track)%00%(upstream:remotename)%00%(upstream:remoteref) refs/heads/main refs/remotes/main [4ms]
[2023-02-23T11:56:10.694Z] > git for-each-ref --sort -committerdate --format %(refname) %(objectname) %(*objectname) [12ms]
[2023-02-23T11:56:10.695Z] > git remote --verbose [5ms]
[2023-02-23T11:56:10.728Z] > git config --get commit.template [3ms]
[2023-02-23T11:57:13.800Z] > git status -z -uall [22ms]
[2023-02-23T11:57:13.814Z] > git symbolic-ref --short HEAD [4ms]
[2023-02-23T11:57:13.827Z] > git for-each-ref --format=%(refname)%00%(upstream:short)%00%(objectname)%00%(upstream:track)%00%(upstream:remotename)%00%(upstream:remoteref) refs/heads/main refs/remotes/main [4ms]
[2023-02-23T11:57:13.847Z] > git for-each-ref --sort -committerdate --format %(refname) %(objectname) %(*objectname) [12ms]
[2023-02-23T11:57:13.848Z] > git remote --verbose [4ms]
[2023-02-23T11:57:13.886Z] > git config --get commit.template [3ms]
[2023-02-23T11:57:18.921Z] > git status -z -uall [19ms]
[2023-02-23T11:57:18.935Z] > git symbolic-ref --short HEAD [3ms]
[2023-02-23T11:57:18.948Z] > git for-each-ref --format=%(refname)%00%(upstream:short)%00%(objectname)%00%(upstream:track)%00%(upstream:remotename)%00%(upstream:remoteref) refs/heads/main refs/remotes/main [3ms]
[2023-02-23T11:57:18.975Z] > git for-each-ref --sort -committerdate --format %(refname) %(objectname) %(*objectname) [11ms]
[2023-02-23T11:57:18.976Z] > git remote --verbose [4ms]
[2023-02-23T11:57:19.004Z] > git config --get commit.template [3ms]
[2023-02-23T11:57:24.036Z] > git status -z -uall [17ms]
[2023-02-23T11:57:24.050Z] > git symbolic-ref --short HEAD [6ms]
[2023-02-23T11:57:24.067Z] > git for-each-ref --format=%(refname)%00%(upstream:short)%00%(objectname)%00%(upstream:track)%00%(upstream:remotename)%00%(upstream:remoteref) refs/heads/main refs/remotes/main [4ms]
[2023-02-23T11:57:24.086Z] > git for-each-ref --sort -committerdate --format %(refname) %(objectname) %(*objectname) [10ms]
[2023-02-23T11:57:24.088Z] > git remote --verbose [4ms]
[2023-02-23T11:57:24.116Z] > git config --get commit.template [4ms]
[2023-02-23T11:57:29.158Z] > git status -z -uall [21ms]
[2023-02-23T11:57:29.172Z] > git symbolic-ref --short HEAD [4ms]
[2023-02-23T11:57:29.185Z] > git for-each-ref --format=%(refname)%00%(upstream:short)%00%(objectname)%00%(upstream:track)%00%(upstream:remotename)%00%(upstream:remoteref) refs/heads/main refs/remotes/main [5ms]
[2023-02-23T11:57:29.209Z] > git for-each-ref --sort -committerdate --format %(refname) %(objectname) %(*objectname) [12ms]
[2023-02-23T11:57:29.210Z] > git remote --verbose [4ms]
[2023-02-23T11:57:29.246Z] > git config --get commit.template [3ms]
[2023-02-23T12:01:38.390Z] > git status -z -uall [22ms]
[2023-02-23T12:01:38.406Z] > git symbolic-ref --short HEAD [4ms]
[2023-02-23T12:01:38.420Z] > git for-each-ref --format=%(refname)%00%(upstream:short)%00%(objectname)%00%(upstream:track)%00%(upstream:remotename)%00%(upstream:remoteref) refs/heads/main refs/remotes/main [4ms]
[2023-02-23T12:01:38.443Z] > git for-each-ref --sort -committerdate --format %(refname) %(objectname) %(*objectname) [12ms]
[2023-02-23T12:01:38.444Z] > git remote --verbose [5ms]
[2023-02-23T12:01:38.481Z] > git config --get commit.template [3ms]
[2023-02-23T12:01:43.514Z] > git status -z -uall [19ms]
[2023-02-23T12:01:43.526Z] > git symbolic-ref --short HEAD [3ms]
[2023-02-23T12:01:43.538Z] > git for-each-ref --format=%(refname)%00%(upstream:short)%00%(objectname)%00%(upstream:track)%00%(upstream:remotename)%00%(upstream:remoteref) refs/heads/main refs/remotes/main [4ms]
[2023-02-23T12:01:43.565Z] > git for-each-ref --sort -committerdate --format %(refname) %(objectname) %(*objectname) [17ms]
[2023-02-23T12:01:43.566Z] > git remote --verbose [4ms]
[2023-02-23T12:01:43.596Z] > git config --get commit.template [3ms]
[2023-02-23T12:01:48.630Z] > git status -z -uall [19ms]
[2023-02-23T12:01:48.642Z] > git symbolic-ref --short HEAD [2ms]
[2023-02-23T12:01:48.662Z] > git for-each-ref --format=%(refname)%00%(upstream:short)%00%(objectname)%00%(upstream:track)%00%(upstream:remotename)%00%(upstream:remoteref) refs/heads/main refs/remotes/main [11ms]
[2023-02-23T12:01:48.684Z] > git for-each-ref --sort -committerdate --format %(refname) %(objectname) %(*objectname) [14ms]
[2023-02-23T12:01:48.685Z] > git remote --verbose [4ms]
[2023-02-23T12:01:48.721Z] > git config --get commit.template [3ms]
[2023-02-23T12:01:53.767Z] > git status -z -uall [33ms]
[2023-02-23T12:01:53.780Z] > git symbolic-ref --short HEAD [4ms]
[2023-02-23T12:01:53.794Z] > git for-each-ref --format=%(refname)%00%(upstream:short)%00%(objectname)%00%(upstream:track)%00%(upstream:remotename)%00%(upstream:remoteref) refs/heads/main refs/remotes/main [4ms]
[2023-02-23T12:01:53.815Z] > git for-each-ref --sort -committerdate --format %(refname) %(objectname) %(*objectname) [12ms]
[2023-02-23T12:01:53.816Z] > git remote --verbose [3ms]
[2023-02-23T12:01:53.844Z] > git config --get commit.template [7ms]
[2023-02-23T12:01:58.878Z] > git status -z -uall [19ms]
[2023-02-23T12:01:58.893Z] > git symbolic-ref --short HEAD [5ms]
[2023-02-23T12:01:58.908Z] > git for-each-ref --format=%(refname)%00%(upstream:short)%00%(objectname)%00%(upstream:track)%00%(upstream:remotename)%00%(upstream:remoteref) refs/heads/main refs/remotes/main [3ms]
[2023-02-23T12:01:58.927Z] > git for-each-ref --sort -committerdate --format %(refname) %(objectname) %(*objectname) [11ms]
[2023-02-23T12:01:58.928Z] > git remote --verbose [4ms]
[2023-02-23T12:01:58.953Z] > git config --get commit.template [1ms]
[2023-02-23T12:06:23.913Z] > git status -z -uall [25ms]
[2023-02-23T12:06:23.926Z] > git symbolic-ref --short HEAD [3ms]
[2023-02-23T12:06:23.944Z] > git for-each-ref --format=%(refname)%00%(upstream:short)%00%(objectname)%00%(upstream:track)%00%(upstream:remotename)%00%(upstream:remoteref) refs/heads/main refs/remotes/main [5ms]
[2023-02-23T12:06:23.969Z] > git for-each-ref --sort -committerdate --format %(refname) %(objectname) %(*objectname) [15ms]
[2023-02-23T12:06:23.971Z] > git remote --verbose [3ms]
[2023-02-23T12:06:24.028Z] > git config --get commit.template [6ms]
[2023-02-23T12:06:29.062Z] > git status -z -uall [23ms]
[2023-02-23T12:06:29.082Z] > git symbolic-ref --short HEAD [4ms]
[2023-02-23T12:06:29.095Z] > git for-each-ref --format=%(refname)%00%(upstream:short)%00%(objectname)%00%(upstream:track)%00%(upstream:remotename)%00%(upstream:remoteref) refs/heads/main refs/remotes/main [4ms]
[2023-02-23T12:06:29.116Z] > git for-each-ref --sort -committerdate --format %(refname) %(objectname) %(*objectname) [12ms]
[2023-02-23T12:06:29.117Z] > git remote --verbose [3ms]
[2023-02-23T12:06:29.140Z] > git config --get commit.template [3ms]
[2023-02-23T12:07:20.270Z] > git status -z -uall [30ms]
[2023-02-23T12:07:20.288Z] > git symbolic-ref --short HEAD [5ms]
[2023-02-23T12:07:20.305Z] > git for-each-ref --format=%(refname)%00%(upstream:short)%00%(objectname)%00%(upstream:track)%00%(upstream:remotename)%00%(upstream:remoteref) refs/heads/main refs/remotes/main [4ms]
[2023-02-23T12:07:20.326Z] > git for-each-ref --sort -committerdate --format %(refname) %(objectname) %(*objectname) [11ms]
[2023-02-23T12:07:20.329Z] > git remote --verbose [6ms]
[2023-02-23T12:07:20.367Z] > git config --get commit.template [4ms]
[2023-02-23T12:08:55.688Z] > git status -z -uall [18ms]
[2023-02-23T12:08:55.701Z] > git symbolic-ref --short HEAD [3ms]
[2023-02-23T12:08:55.723Z] > git for-each-ref --format=%(refname)%00%(upstream:short)%00%(objectname)%00%(upstream:track)%00%(upstream:remotename)%00%(upstream:remoteref) refs/heads/main refs/remotes/main [3ms]
[2023-02-23T12:08:55.753Z] > git for-each-ref --sort -committerdate --format %(refname) %(objectname) %(*objectname) [11ms]
[2023-02-23T12:08:55.754Z] > git remote --verbose [3ms]
[2023-02-23T12:08:55.795Z] > git config --get commit.template [1ms]
[2023-02-23T12:09:00.825Z] > git status -z -uall [16ms]
[2023-02-23T12:09:00.838Z] > git symbolic-ref --short HEAD [3ms]
[2023-02-23T12:09:00.852Z] > git for-each-ref --format=%(refname)%00%(upstream:short)%00%(objectname)%00%(upstream:track)%00%(upstream:remotename)%00%(upstream:remoteref) refs/heads/main refs/remotes/main [4ms]
[2023-02-23T12:09:00.877Z] > git for-each-ref --sort -committerdate --format %(refname) %(objectname) %(*objectname) [16ms]
[2023-02-23T12:09:00.878Z] > git remote --verbose [8ms]
[2023-02-23T12:09:00.900Z] > git config --get commit.template [3ms]
[2023-02-23T12:09:05.950Z] > git status -z -uall [24ms]
[2023-02-23T12:09:05.973Z] > git symbolic-ref --short HEAD [8ms]
[2023-02-23T12:09:05.988Z] > git for-each-ref --format=%(refname)%00%(upstream:short)%00%(objectname)%00%(upstream:track)%00%(upstream:remotename)%00%(upstream:remoteref) refs/heads/main refs/remotes/main [4ms]
[2023-02-23T12:09:06.010Z] > git for-each-ref --sort -committerdate --format %(refname) %(objectname) %(*objectname) [12ms]
[2023-02-23T12:09:06.011Z] > git remote --verbose [4ms]
[2023-02-23T12:09:06.042Z] > git config --get commit.template [2ms]
[2023-02-23T12:09:11.087Z] > git status -z -uall [34ms]
[2023-02-23T12:09:11.160Z] > git symbolic-ref --short HEAD [46ms]
[2023-02-23T12:09:11.175Z] > git for-each-ref --format=%(refname)%00%(upstream:short)%00%(objectname)%00%(upstream:track)%00%(upstream:remotename)%00%(upstream:remoteref) refs/heads/main refs/remotes/main [5ms]
[2023-02-23T12:09:11.214Z] > git for-each-ref --sort -committerdate --format %(refname) %(objectname) %(*objectname) [15ms]
[2023-02-23T12:09:11.216Z] > git remote --verbose [7ms]
[2023-02-23T12:09:11.252Z] > git config --get commit.template [4ms]
[2023-02-23T12:09:16.309Z] > git status -z -uall [27ms]
[2023-02-23T12:09:16.330Z] > git symbolic-ref --short HEAD [10ms]
[2023-02-23T12:09:16.345Z] > git for-each-ref --format=%(refname)%00%(upstream:short)%00%(objectname)%00%(upstream:track)%00%(upstream:remotename)%00%(upstream:remoteref) refs/heads/main refs/remotes/main [5ms]
[2023-02-23T12:09:16.366Z] > git for-each-ref --sort -committerdate --format %(refname) %(objectname) %(*objectname) [13ms]
[2023-02-23T12:09:16.368Z] > git remote --verbose [4ms]
[2023-02-23T12:09:16.404Z] > git config --get commit.template [8ms]
